2026-03-28 10:38:38 ========== 自动爬取轮次开始 ==========
2026-03-28 10:38:39 Step 1: 运行监控报告...
======================================================================
预算爬取监控报告 - 2026-03-28 10:38:39
======================================================================

总计: 100 城市
  优秀(>=25部门): 47
  合格(>=15部门): 14
  不足(<15部门):  24
  空白(0):        0
  未尝试:         15
  磁盘PDF总数:    587
  磁盘HTML总数:   1880

======================================================================
需要行动的城市 (39个):
======================================================================
  [  7] 成都     - 未尝试 (PDF:0 HTML:0) 策略:unknown
  [  8] 杭州     - 找到12个 (PDF:9 HTML:3) 策略:unknown
  [ 10] 南京     - 未尝试 (PDF:0 HTML:0) 策略:unknown
  [ 12] 天津     - 找到12个 (PDF:0 HTML:12) 策略:unknown
  [ 13] 青岛     - 找到8个 (PDF:0 HTML:8) 策略:unknown
  [ 16] 郑州     - 找到10个 (PDF:0 HTML:10) 策略:unknown
  [ 19] 合肥     - 未尝试 (PDF:0 HTML:0) 策略:unknown
  [ 23] 南通     - 找到4个 (PDF:0 HTML:4) 策略:unknown
  [ 27] 唐山     - 未尝试 (PDF:0 HTML:0) 策略:unknown
  [ 29] 大连     - 未尝试 (PDF:0 HTML:0) 策略:unknown
  [ 30] 徐州     - 未尝试 (PDF:0 HTML:0) 策略:unknown
  [ 31] 沈阳     - 找到2个 (PDF:0 HTML:2) 策略:unknown
  [ 32] 厦门     - 未尝试 (PDF:0 HTML:0) 策略:unknown
  [ 33] 绍兴     - 未尝试 (PDF:0 HTML:0) 策略:unknown
  [ 34] 石家庄    - 未尝试 (PDF:0 HTML:0) 策略:unknown
  [ 36] 潍坊     - 找到13个 (PDF:2 HTML:11) 策略:unknown
  [ 38] 扬州     - 找到3个 (PDF:0 HTML:3) 策略:unknown
  [ 39] 盐城     - 找到1个 (PDF:0 HTML:1) 策略:unknown
  [ 41] 嘉兴     - 找到6个 (PDF:4 HTML:2) 策略:unknown
  [ 44] 泰州     - 未尝试 (PDF:0 HTML:0) 策略:unknown
  [ 48] 惠州     - 找到5个 (PDF:3 HTML:2) 策略:unknown
  [ 53] 济宁     - 找到7个 (PDF:0 HTML:7) 策略:unknown
  [ 55] 襄阳     - 未尝试 (PDF:0 HTML:0) 策略:unknown
  [ 58] 淮安     - 找到1个 (PDF:0 HTML:1) 策略:unknown
  [ 59] 芜湖     - 找到2个 (PDF:0 HTML:2) 策略:unknown
  [ 64] 南阳     - 找到11个 (PDF:0 HTML:11) 策略:unknown
  [ 68] 菏泽     - 找到12个 (PDF:3 HTML:9) 策略:unknown
  [ 70] 邯郸     - 未尝试 (PDF:0 HTML:0) 策略:unknown
  [ 71] 连云港    - 找到11个 (PDF:0 HTML:11) 策略:unknown
  [ 74] 衡阳     - 找到6个 (PDF:0 HTML:6) 策略:unknown
  [ 81] 呼和浩特   - 未尝试 (PDF:0 HTML:0) 策略:unknown
  [ 82] 中山     - 找到5个 (PDF:1 HTML:4) 策略:unknown
  [ 88] 茂名     - 找到5个 (PDF:1 HTML:4) 策略:unknown
  [ 89] 株洲     - 找到4个 (PDF:1 HTML:3) 策略:unknown
  [ 90] 廊坊     - 未尝试 (PDF:0 HTML:0) 策略:unknown
  [ 91] 湛江     - 找到12个 (PDF:1 HTML:11) 策略:unknown
  [ 92] 上饶     - 未尝试 (PDF:0 HTML:0) 策略:unknown
  [ 93] 宜春     - 找到13个 (PDF:0 HTML:13) 策略:unknown
  [100] 荆州     - 找到3个 (PDF:0 HTML:3) 策略:unknown

优秀城市 (47个):
  [  4] 重庆     - 279个部门 (PDF:209)
  [  2] 北京     - 94个部门 (PDF:94)
  [  5] 广州     - 77个部门 (PDF:31)
  [ 17] 福州     - 71个部门 (PDF:17)
  [  6] 苏州     - 67个部门 (PDF:19)
  [ 14] 无锡     - 67个部门 (PDF:7)
  [  9] 武汉     - 63个部门 (PDF:2)
  [ 15] 长沙     - 62个部门 (PDF:16)
  [ 18] 济南     - 61个部门 (PDF:5)
  [ 21] 泉州     - 58个部门 (PDF:16)

======================================================================
部门覆盖率 (已尝试的城市中):
======================================================================
  卫生健康委员会                1/  4 ( 25.0%) █████
  教育局                    1/  4 ( 25.0%) █████
  发展和改革局                 1/  4 ( 25.0%) █████
  规划和自然资源局               1/  4 ( 25.0%) █████
  交通运输局                  1/  4 ( 25.0%) █████
  科技创新局                  1/  4 ( 25.0%) █████
  水务局                    1/  4 ( 25.0%) █████
  人力资源和社会保障局             1/  4 ( 25.0%) █████
  工业和信息化局                1/  4 ( 25.0%) █████
  市场监督管理局                1/  4 ( 25.0%) █████
  国有资产监督管理委员会            1/  4 ( 25.0%) █████
  公安局                    1/  4 ( 25.0%) █████
  公安局交通警察局               1/  4 ( 25.0%) █████
  医疗保障局                  1/  4 ( 25.0%) █████
  商务局                    1/  4 ( 25.0%) █████
  文化广电旅游体育局              1/  4 ( 25.0%) █████
  生态环境局                  1/  4 ( 25.0%) █████
  政务服务和数据管理局             1/  4 ( 25.0%) █████
  城市管理和综合执法局             1/  4 ( 25.0%) █████
  退役军人事务局                1/  4 ( 25.0%) █████
  宣传部                    1/  4 ( 25.0%) █████
  司法局                    1/  4 ( 25.0%) █████
  住房和建设局                 1/  4 ( 25.0%) █████
  建筑工务署                  1/  4 ( 25.0%) █████
  民政局                    1/  4 ( 25.0%) █████
  财政局                    1/  4 ( 25.0%) █████
  气象局                    1/  4 ( 25.0%) █████
  应急管理局                  1/  4 ( 25.0%) █████
  审计局                    1/  4 ( 25.0%) █████
  政府办公厅                  1/  4 ( 25.0%) █████
  统计局                    1/  4 ( 25.0%) █████
  信访局                    1/  4 ( 25.0%) █████
  口岸办公室                  1/  4 ( 25.0%) █████

======================================================================
调优建议:
======================================================================
  1. 有 15 个城市未尝试, 建议先全量跑一轮
  2. 有 24 个城市覆盖率低, 建议用 --retry-weak --force 重试
  4. 最难覆盖的部门: 卫生健康委员会, 教育局, 发展和改革局, 规划和自然资源局, 交通运输局

建议操作: RUN_FULL
2026-03-28 10:38:39 监控建议: RUN_FULL
2026-03-28 10:38:39 Step 2: 全量爬取...
2026-03-28 10:38:39,289 [INFO] 开始爬取 100 个城市, 33个目标部门
2026-03-28 10:38:39,289 [INFO] 有URL: 100, 需探测: 0
2026-03-28 10:38:39,289 [INFO] --- 进度: 1/100 ---
2026-03-28 10:38:39,289 [INFO] ==================================================
2026-03-28 10:38:39,290 [INFO] [1] 上海
2026-03-28 10:38:39,290 [INFO] ==================================================
2026-03-28 10:38:39,290 [INFO]   [上海] 已有文件覆盖 25 个部门
2026-03-28 10:38:39,291 [INFO]   [上海] 策略1: 分页列表爬取 http://www.shanghai.gov.cn/bmys-26-002/index.html
2026-03-28 10:38:40,943 [INFO]   [上海] 检测到 1 页, 模式: single
2026-03-28 10:38:40,944 [INFO]   [上海] 列表扫描完成: 0 个部门
2026-03-28 10:38:40,944 [INFO]   [上海] 还缺 8 个部门, 启用搜索策略
2026-03-28 10:38:50,378 [INFO]   [上海] 未找到搜索接口, 跳过搜索策略
2026-03-28 10:38:50,378 [INFO]   [上海] 完成: 25/33部门, 0文件, 策略:paginated_list+search
2026-03-28 10:38:52,379 [INFO] --- 进度: 2/100 ---
2026-03-28 10:38:52,380 [INFO] ==================================================
2026-03-28 10:38:52,380 [INFO] [2] 北京
2026-03-28 10:38:52,380 [INFO] ==================================================
2026-03-28 10:38:52,383 [INFO]   [北京] 已有文件覆盖 30 个部门
2026-03-28 10:38:52,383 [INFO]   [北京] 策略1: 分页列表爬取 http://www.beijing.gov.cn/gongkai/caizheng/czzt/2026ys/index.html
2026-03-28 10:38:56,359 [INFO]   [北京] 检测到 1 页, 模式: single
2026-03-28 10:38:56,362 [INFO]   [北京] 列表扫描完成: 0 个部门
2026-03-28 10:38:56,363 [INFO]   [北京] 完成: 30/33部门, 0文件, 策略:paginated_list
2026-03-28 10:38:58,364 [INFO] --- 进度: 3/100 ---
2026-03-28 10:38:58,365 [INFO] [深圳] 已有 33 个部门, 跳过
2026-03-28 10:39:00,365 [INFO] --- 进度: 4/100 ---
2026-03-28 10:39:00,365 [INFO] ==================================================
2026-03-28 10:39:00,365 [INFO] [4] 重庆
2026-03-28 10:39:00,365 [INFO] ==================================================
2026-03-28 10:39:00,376 [INFO]   [重庆] 已有文件覆盖 30 个部门
2026-03-28 10:39:00,376 [INFO]   [重庆] 策略1: 分页列表爬取 http://www.cq.gov.cn/zwgk/zfxxgkzl/fdzdgknr/ysjs/szfbgtjszfbmyjsqk/ys/
2026-03-28 10:39:02,229 [INFO]   [重庆] 检测到 1 页, 模式: single
2026-03-28 10:39:02,235 [INFO]   [重庆] 列表扫描完成: 0 个部门
2026-03-28 10:39:02,235 [INFO]   [重庆] 完成: 30/33部门, 0文件, 策略:paginated_list
2026-03-28 10:39:04,236 [INFO] --- 进度: 5/100 ---
2026-03-28 10:39:04,236 [INFO] ==================================================
2026-03-28 10:39:04,236 [INFO] [5] 广州
2026-03-28 10:39:04,236 [INFO] ==================================================
2026-03-28 10:39:04,238 [INFO]   [广州] 已有文件覆盖 28 个部门
2026-03-28 10:39:04,238 [INFO]   [广州] 策略1: 分页列表爬取 http://www.gz.gov.cn/zwgk/zdly/czzj/bmyjshsgjf/ys/2026n/index.html
2026-03-28 10:39:07,851 [INFO]   [广州] 检测到 7 页, 模式: index_N
2026-03-28 10:39:20,082 [INFO]   [广州] 列表扫描完成: 2 个部门
2026-03-28 10:39:23,017 [INFO]   [广州] ✓ 气象局 (详情页PDF)
2026-03-28 10:39:25,435 [INFO]   [广州] ✓ 宣传部 (详情页PDF)
2026-03-28 10:39:25,736 [INFO]   [广州] 完成: 30/33部门, 2文件, 策略:paginated_list
2026-03-28 10:39:27,737 [INFO] --- 进度: 6/100 ---
2026-03-28 10:39:27,738 [INFO] ==================================================
2026-03-28 10:39:27,738 [INFO] [6] 苏州
2026-03-28 10:39:27,738 [INFO] ==================================================
2026-03-28 10:39:27,740 [INFO]   [苏州] 已有文件覆盖 28 个部门
2026-03-28 10:39:27,740 [INFO]   [苏州] 策略1: 分页列表爬取 http://www.suzhou.gov.cn/szsrmzf/sjzfbmczyjs/xxgkzdly.shtml
2026-03-28 10:39:30,381 [INFO]   [苏州] 检测到 1 页, 模式: single
2026-03-28 10:39:30,386 [INFO]   [苏州] 列表扫描完成: 0 个部门
2026-03-28 10:39:30,386 [INFO]   [苏州] 完成: 28/33部门, 0文件, 策略:paginated_list
2026-03-28 10:39:32,387 [INFO] --- 进度: 7/100 ---
2026-03-28 10:39:32,387 [INFO] ==================================================
2026-03-28 10:39:32,388 [INFO] [7] 成都
2026-03-28 10:39:32,388 [INFO] ==================================================
2026-03-28 10:39:32,388 [INFO]   [成都] 策略1: 分页列表爬取 http://www.chengdu.gov.cn/gkml/czyjs/column-index-1.shtml
2026-03-28 10:40:34,662 [WARNING]   [成都] 无法访问预算页
2026-03-28 10:40:34,662 [INFO]   [成都] 还缺 33 个部门, 启用搜索策略
2026-03-28 10:42:56,217 [INFO]   [成都] 未找到搜索接口, 跳过搜索策略
2026-03-28 10:42:56,218 [INFO]   [成都] 完成: 0/33部门, 0文件, 策略:paginated_list+search
2026-03-28 10:42:58,218 [INFO] --- 进度: 8/100 ---
2026-03-28 10:42:58,219 [INFO] ==================================================
2026-03-28 10:42:58,219 [INFO] [8] 杭州
2026-03-28 10:42:58,219 [INFO] ==================================================
2026-03-28 10:42:58,219 [INFO]   [杭州] 已有文件覆盖 5 个部门
2026-03-28 10:42:58,219 [INFO]   [杭州] 策略1: 分页列表爬取 http://www.hangzhou.gov.cn/col/col1229063412/index.html
2026-03-28 10:44:01,509 [WARNING]   [杭州] 无法访问预算页
2026-03-28 10:44:01,509 [INFO]   [杭州] 还缺 28 个部门, 启用搜索策略
2026-03-28 10:46:26,840 [INFO]   [杭州] 未找到搜索接口, 跳过搜索策略
2026-03-28 10:46:26,841 [INFO]   [杭州] 完成: 5/33部门, 0文件, 策略:paginated_list+search
2026-03-28 10:46:28,841 [INFO] --- 进度: 9/100 ---
2026-03-28 10:46:28,841 [INFO] ==================================================
2026-03-28 10:46:28,841 [INFO] [9] 武汉
2026-03-28 10:46:28,841 [INFO] ==================================================
2026-03-28 10:46:28,843 [INFO]   [武汉] 已有文件覆盖 27 个部门
2026-03-28 10:46:28,843 [INFO]   [武汉] 策略1: 分页列表爬取 http://www.wuhan.gov.cn/ztzl/yjs/2026/
2026-03-28 10:46:30,938 [INFO]   [武汉] 检测到 1 页, 模式: single
2026-03-28 10:46:30,942 [INFO]   [武汉] 列表扫描完成: 0 个部门
2026-03-28 10:46:30,942 [INFO]   [武汉] 还缺 6 个部门, 启用搜索策略
2026-03-28 10:46:32,877 [INFO]   [武汉] 探测到搜索接口: /search?searchWord={query}
2026-03-28 10:46:32,877 [INFO]   [武汉] 搜索策略: 逐个搜索 6 个委办局
2026-03-28 10:46:41,124 [INFO]   [武汉] 搜索策略完成: 找到 0/6 个部门
2026-03-28 10:46:41,124 [INFO]   [武汉] 完成: 27/33部门, 0文件, 策略:paginated_list+search
2026-03-28 10:46:43,124 [INFO] --- 进度: 10/100 ---
2026-03-28 10:46:43,125 [INFO] ==================================================
2026-03-28 10:46:43,125 [INFO] [10] 南京
2026-03-28 10:46:43,125 [INFO] ==================================================
2026-03-28 10:46:43,125 [INFO]   [南京] 策略1: 分页列表爬取 http://www.nanjing.gov.cn/site/zgnj/search.html?searchWord=2026%20%E9%A2%84%E7%AE%97&siteId=10&pageSize=10&searchWord2=2026%20%E9%A2%84%E7%AE%97
2026-03-28 10:46:44,253 [INFO]   [南京] 检测到 1 页, 模式: single
2026-03-28 10:46:44,253 [INFO]   [南京] 列表扫描完成: 0 个部门
2026-03-28 10:46:44,253 [INFO]   [南京] 还缺 33 个部门, 启用搜索策略
2026-03-28 10:46:49,727 [INFO]   [南京] 未找到搜索接口, 跳过搜索策略
2026-03-28 10:46:49,728 [INFO]   [南京] 完成: 0/33部门, 0文件, 策略:paginated_list+search
2026-03-28 10:46:51,728 [INFO] --- 进度: 11/100 ---
2026-03-28 10:46:51,728 [INFO] ==================================================
2026-03-28 10:46:51,728 [INFO] [11] 宁波
2026-03-28 10:46:51,729 [INFO] ==================================================
2026-03-28 10:46:51,730 [INFO]   [宁波] 已有文件覆盖 25 个部门
2026-03-28 10:46:51,730 [INFO]   [宁波] 策略1: 分页列表爬取 http://yjs.czj.ningbo.gov.cn/gkxxzl/nbcs/budget/main
2026-03-28 10:49:54,732 [WARNING]   [宁波] 无法访问预算页
2026-03-28 10:49:54,732 [INFO]   [宁波] 还缺 8 个部门, 启用搜索策略
2026-03-28 10:52:20,332 [INFO]   [宁波] 未找到搜索接口, 跳过搜索策略
2026-03-28 10:52:20,333 [INFO]   [宁波] 完成: 25/33部门, 0文件, 策略:paginated_list+search
2026-03-28 10:52:22,333 [INFO] --- 进度: 12/100 ---
2026-03-28 10:52:22,333 [INFO] ==================================================
2026-03-28 10:52:22,333 [INFO] [12] 天津
2026-03-28 10:52:22,333 [INFO] ==================================================
2026-03-28 10:52:22,334 [INFO]   [天津] 已有文件覆盖 6 个部门
2026-03-28 10:52:22,334 [INFO]   [天津] 策略1: 分页列表爬取 http://cz.tj.gov.cn/zwgk_53713/yjsgktypt/ysgk/2026bmys/
2026-03-28 10:52:25,711 [WARNING]   [天津] 无法访问预算页
2026-03-28 10:52:25,711 [INFO]   [天津] 还缺 27 个部门, 启用搜索策略
2026-03-28 10:52:36,936 [INFO]   [天津] 未找到搜索接口, 跳过搜索策略
2026-03-28 10:52:36,937 [INFO]   [天津] 完成: 6/33部门, 0文件, 策略:paginated_list+search
2026-03-28 10:52:38,938 [INFO] --- 进度: 13/100 ---
2026-03-28 10:52:38,939 [INFO] ==================================================
2026-03-28 10:52:38,939 [INFO] [13] 青岛
2026-03-28 10:52:38,939 [INFO] ==================================================
2026-03-28 10:52:38,940 [INFO]   [青岛] 已有文件覆盖 2 个部门
2026-03-28 10:52:38,940 [INFO]   [青岛] 策略1: 分页列表爬取 http://www.qingdao.gov.cn/zwgk/search.shtml?searchWord=2026%20%E9%A2%84%E7%AE%97
2026-03-28 10:52:40,508 [INFO]   [青岛] 检测到 1 页, 模式: single
2026-03-28 10:52:40,509 [INFO]   [青岛] 列表扫描完成: 0 个部门
2026-03-28 10:52:40,509 [INFO]   [青岛] 还缺 31 个部门, 启用搜索策略
2026-03-28 10:53:20,782 [INFO]   [青岛] 未找到搜索接口, 跳过搜索策略
2026-03-28 10:53:20,783 [INFO]   [青岛] 完成: 2/33部门, 0文件, 策略:paginated_list+search
2026-03-28 10:53:22,783 [INFO] --- 进度: 14/100 ---
2026-03-28 10:53:22,783 [INFO] ==================================================
2026-03-28 10:53:22,784 [INFO] [14] 无锡
2026-03-28 10:53:22,784 [INFO] ==================================================
2026-03-28 10:53:22,786 [INFO]   [无锡] 已有文件覆盖 28 个部门
2026-03-28 10:53:22,786 [INFO]   [无锡] 策略1: 分页列表爬取 http://www.wuxi.gov.cn/zfxxgk/szfxxgkml/czxx/zfbmczyjs/index.shtml
2026-03-28 10:53:25,898 [INFO]   [无锡] 检测到 1 页, 模式: single
2026-03-28 10:53:25,902 [INFO]   [无锡] 列表扫描完成: 0 个部门
2026-03-28 10:53:25,903 [INFO]   [无锡] 完成: 28/33部门, 0文件, 策略:paginated_list
2026-03-28 10:53:27,903 [INFO] --- 进度: 15/100 ---
2026-03-28 10:53:27,903 [INFO] ==================================================
2026-03-28 10:53:27,904 [INFO] [15] 长沙
2026-03-28 10:53:27,904 [INFO] ==================================================
2026-03-28 10:53:27,905 [INFO]   [长沙] 已有文件覆盖 27 个部门
2026-03-28 10:53:27,905 [INFO]   [长沙] 策略1: 分页列表爬取 http://www.changsha.gov.cn/szf/ztzl/ysgk/
2026-03-28 10:53:40,071 [WARNING]   [长沙] 无法访问预算页
2026-03-28 10:53:40,071 [INFO]   [长沙] 还缺 6 个部门, 启用搜索策略
2026-03-28 10:54:25,126 [INFO]   [长沙] 未找到搜索接口, 跳过搜索策略
2026-03-28 10:54:25,127 [INFO]   [长沙] 完成: 27/33部门, 0文件, 策略:paginated_list+search
2026-03-28 10:54:27,127 [INFO] --- 进度: 16/100 ---
2026-03-28 10:54:27,127 [INFO] ==================================================
2026-03-28 10:54:27,127 [INFO] [16] 郑州
2026-03-28 10:54:27,127 [INFO] ==================================================
2026-03-28 10:54:27,128 [INFO]   [郑州] 已有文件覆盖 5 个部门
2026-03-28 10:54:27,128 [INFO]   [郑州] 策略1: 分页列表爬取 http://public.zhengzhou.gov.cn/?a=dir&h=1&p=D1901&c=177950&f=177991
2026-03-28 10:54:29,297 [INFO]   [郑州] 检测到 146 页, 模式: page_param
2026-03-28 10:54:39,797 [INFO]   [郑州] 已扫描 10/50 页, 找到 17 个部门
2026-03-28 10:54:51,305 [INFO]   [郑州] 已扫描 20/50 页, 找到 19 个部门
2026-03-28 10:55:02,753 [INFO]   [郑州] 已扫描 30/50 页, 找到 20 个部门
2026-03-28 10:55:14,401 [INFO]   [郑州] 已扫描 40/50 页, 找到 20 个部门
2026-03-28 10:55:26,435 [INFO]   [郑州] 已扫描 50/50 页, 找到 20 个部门
2026-03-28 10:55:26,435 [INFO]   [郑州] 列表扫描完成: 20 个部门
2026-03-28 10:55:26,435 [INFO]   [郑州] 还缺 8 个部门, 启用搜索策略
2026-03-28 10:55:28,944 [INFO]   [郑州] 搜索策略: 逐个搜索 8 个委办局
2026-03-28 10:55:40,179 [INFO]   [郑州] 搜索策略完成: 找到 0/8 个部门
2026-03-28 10:56:37,793 [INFO]   [郑州] 完成: 25/33部门, 20文件, 策略:paginated_list+search
2026-03-28 10:56:39,796 [INFO] --- 进度: 17/100 ---
2026-03-28 10:56:39,796 [INFO] ==================================================
2026-03-28 10:56:39,797 [INFO] [17] 福州
2026-03-28 10:56:39,797 [INFO] ==================================================
2026-03-28 10:56:39,799 [INFO]   [福州] 已有文件覆盖 27 个部门
2026-03-28 10:56:39,799 [INFO]   [福州] 策略1: 分页列表爬取 http://www.fuzhou.gov.cn/zgfzzt/czzj/bmndyjs/bmysgk/
2026-03-28 10:56:56,995 [INFO]   [福州] 检测到 1 页, 模式: single
2026-03-28 10:56:57,000 [INFO]   [福州] 列表扫描完成: 0 个部门
2026-03-28 10:56:57,000 [INFO]   [福州] 还缺 6 个部门, 启用搜索策略
2026-03-28 10:57:04,035 [INFO]   [福州] 未找到搜索接口, 跳过搜索策略
2026-03-28 10:57:04,036 [INFO]   [福州] 完成: 27/33部门, 0文件, 策略:paginated_list+search
2026-03-28 10:57:06,036 [INFO] --- 进度: 18/100 ---
2026-03-28 10:57:06,036 [INFO] ==================================================
2026-03-28 10:57:06,036 [INFO] [18] 济南
2026-03-28 10:57:06,036 [INFO] ==================================================
2026-03-28 10:57:06,038 [INFO]   [济南] 已有文件覆盖 29 个部门
2026-03-28 10:57:06,038 [INFO]   [济南] 策略1: 分页列表爬取 http://www.jinan.gov.cn/col/col55590/index.html?jh=263
2026-03-28 10:57:08,134 [INFO]   [济南] 检测到 1 页, 模式: single
2026-03-28 10:57:08,136 [INFO]   [济南] 列表扫描完成: 0 个部门
2026-03-28 10:57:08,136 [INFO]   [济南] 完成: 29/33部门, 0文件, 策略:paginated_list
2026-03-28 10:57:10,137 [INFO] --- 进度: 19/100 ---
2026-03-28 10:57:10,138 [INFO] ==================================================
2026-03-28 10:57:10,138 [INFO] [19] 合肥
2026-03-28 10:57:10,138 [INFO] ==================================================
2026-03-28 10:57:10,139 [INFO]   [合肥] 策略1: 分页列表爬取 http://www.hefei.gov.cn/zwgk/site/tpl/1541
2026-03-28 10:57:34,874 [WARNING]   [合肥] 无法访问预算页
2026-03-28 10:57:34,874 [INFO]   [合肥] 还缺 33 个部门, 启用搜索策略
2026-03-28 10:59:09,168 [INFO]   [合肥] 未找到搜索接口, 跳过搜索策略
2026-03-28 10:59:09,169 [INFO]   [合肥] 完成: 0/33部门, 0文件, 策略:paginated_list+search
2026-03-28 10:59:11,169 [INFO] --- 进度: 20/100 ---
2026-03-28 10:59:11,169 [INFO] ==================================================
2026-03-28 10:59:11,169 [INFO] [20] 西安
2026-03-28 10:59:11,169 [INFO] ==================================================
2026-03-28 10:59:11,170 [INFO]   [西安] 已有文件覆盖 7 个部门
2026-03-28 10:59:11,170 [INFO]   [西安] 策略1: 分页列表爬取 http://www.xa.gov.cn/gk/czzj/bmczyjs/2026nbmczys/1.html
2026-03-28 10:59:14,299 [INFO]   [西安] 检测到 1 页, 模式: single
2026-03-28 10:59:14,301 [INFO]   [西安] 列表扫描完成: 0 个部门
2026-03-28 10:59:14,301 [INFO]   [西安] 还缺 26 个部门, 启用搜索策略
2026-03-28 10:59:44,684 [INFO]   [西安] 未找到搜索接口, 跳过搜索策略
2026-03-28 10:59:44,685 [INFO]   [西安] 完成: 7/33部门, 0文件, 策略:paginated_list+search
2026-03-28 10:59:46,685 [INFO] --- 进度: 21/100 ---
2026-03-28 10:59:46,685 [INFO] ==================================================
2026-03-28 10:59:46,685 [INFO] [21] 泉州
2026-03-28 10:59:46,685 [INFO] ==================================================
2026-03-28 10:59:46,687 [INFO]   [泉州] 已有文件覆盖 26 个部门
2026-03-28 10:59:46,687 [INFO]   [泉州] 策略1: 分页列表爬取 http://www.quanzhou.gov.cn/zfb/xxgk/ztxxgk/czzj/bmczyjs/
2026-03-28 10:59:48,649 [INFO]   [泉州] 检测到 1 页, 模式: single
2026-03-28 10:59:48,652 [INFO]   [泉州] 列表扫描完成: 0 个部门
2026-03-28 10:59:48,652 [INFO]   [泉州] 还缺 7 个部门, 启用搜索策略
2026-03-28 10:59:59,304 [INFO]   [泉州] 未找到搜索接口, 跳过搜索策略
2026-03-28 10:59:59,305 [INFO]   [泉州] 完成: 26/33部门, 0文件, 策略:paginated_list+search
2026-03-28 11:00:01,306 [INFO] --- 进度: 22/100 ---
2026-03-28 11:00:01,307 [INFO] ==================================================
2026-03-28 11:00:01,307 [INFO] [22] 佛山
2026-03-28 11:00:01,307 [INFO] ==================================================
2026-03-28 11:00:01,309 [INFO]   [佛山] 已有文件覆盖 28 个部门
2026-03-28 11:00:01,309 [INFO]   [佛山] 策略1: 分页列表爬取 http://www.foshan.gov.cn/zwgk/zdly/czxx/czxxgk/czjjbm/index.html
2026-03-28 11:00:03,959 [WARNING]   [佛山] 无法访问预算页
2026-03-28 11:00:03,960 [INFO]   [佛山] 完成: 28/33部门, 0文件, 策略:paginated_list
2026-03-28 11:00:05,960 [INFO] --- 进度: 23/100 ---
2026-03-28 11:00:05,960 [INFO] ==================================================
2026-03-28 11:00:05,960 [INFO] [23] 南通
2026-03-28 11:00:05,960 [INFO] ==================================================
2026-03-28 11:00:05,960 [INFO]   [南通] 已有文件覆盖 4 个部门
2026-03-28 11:00:05,960 [INFO]   [南通] 策略1: 分页列表爬取 http://www.nantong.gov.cn/ntsrmzf/2026n_cz/2026n_cz.html
2026-03-28 11:00:09,398 [INFO]   [南通] 检测到 1 页, 模式: single
2026-03-28 11:00:09,399 [INFO]   [南通] 列表扫描完成: 0 个部门
2026-03-28 11:00:09,399 [INFO]   [南通] 还缺 29 个部门, 启用搜索策略
2026-03-28 11:00:22,404 [INFO]   [南通] 未找到搜索接口, 跳过搜索策略
2026-03-28 11:00:22,405 [INFO]   [南通] 完成: 4/33部门, 0文件, 策略:paginated_list+search
2026-03-28 11:00:24,406 [INFO] --- 进度: 24/100 ---
2026-03-28 11:00:24,407 [INFO] ==================================================
2026-03-28 11:00:24,407 [INFO] [24] 东莞
2026-03-28 11:00:24,407 [INFO] ==================================================
2026-03-28 11:00:24,409 [INFO]   [东莞] 已有文件覆盖 26 个部门
2026-03-28 11:00:24,409 [INFO]   [东莞] 策略1: 分页列表爬取 http://www.dg.gov.cn/zwgk/czxx/index.html
2026-03-28 11:00:40,792 [INFO]   [东莞] 检测到 1 页, 模式: single
2026-03-28 11:00:40,793 [INFO]   [东莞] 列表扫描完成: 0 个部门
2026-03-28 11:00:40,793 [INFO]   [东莞] 还缺 7 个部门, 启用搜索策略
2026-03-28 11:00:47,859 [INFO]   [东莞] 未找到搜索接口, 跳过搜索策略
2026-03-28 11:00:47,860 [INFO]   [东莞] 完成: 26/33部门, 0文件, 策略:paginated_list+search
2026-03-28 11:00:49,860 [INFO] --- 进度: 25/100 ---
2026-03-28 11:00:49,861 [INFO] ==================================================
2026-03-28 11:00:49,861 [INFO] [25] 烟台
2026-03-28 11:00:49,861 [INFO] ==================================================
2026-03-28 11:00:49,862 [INFO]   [烟台] 已有文件覆盖 28 个部门
2026-03-28 11:00:49,862 [INFO]   [烟台] 策略1: 分页列表爬取 http://www.yantai.gov.cn/col/col55145/2026n/index.html
2026-03-28 11:00:52,604 [INFO]   [烟台] 检测到 1 页, 模式: single
2026-03-28 11:00:52,611 [INFO]   [烟台] 列表扫描完成: 0 个部门
2026-03-28 11:00:52,612 [INFO]   [烟台] 完成: 28/33部门, 0文件, 策略:paginated_list
2026-03-28 11:00:54,613 [INFO] --- 进度: 26/100 ---
2026-03-28 11:00:54,614 [INFO] ==================================================
2026-03-28 11:00:54,614 [INFO] [26] 常州
2026-03-28 11:00:54,614 [INFO] ==================================================
2026-03-28 11:00:54,615 [INFO]   [常州] 已有文件覆盖 27 个部门
2026-03-28 11:00:54,615 [INFO]   [常州] 策略1: 分页列表爬取 http://www.changzhou.gov.cn/gi_class/zwgk_05?furl=zdgk&cache=no&test=bbb
2026-03-28 11:00:58,010 [INFO]   [常州] 检测到 1 页, 模式: single
2026-03-28 11:00:58,012 [INFO]   [常州] 列表扫描完成: 0 个部门
2026-03-28 11:00:58,012 [INFO]   [常州] 还缺 6 个部门, 启用搜索策略
2026-03-28 11:00:59,030 [INFO]   [常州] 搜索策略: 逐个搜索 6 个委办局
2026-03-28 11:01:08,498 [INFO]   [常州] 搜索策略完成: 找到 0/6 个部门
2026-03-28 11:01:08,499 [INFO]   [常州] 完成: 27/33部门, 0文件, 策略:paginated_list+search
2026-03-28 11:01:10,500 [INFO] --- 进度: 27/100 ---
2026-03-28 11:01:10,500 [INFO] ==================================================
2026-03-28 11:01:10,500 [INFO] [27] 唐山
2026-03-28 11:01:10,501 [INFO] ==================================================
2026-03-28 11:01:10,501 [INFO]   [唐山] 策略1: 分页列表爬取 http://www.tangshan.gov.cn/columns/zhuzhan/tsczxx/index.html
2026-03-28 11:01:12,584 [WARNING]   [唐山] 无法访问预算页
2026-03-28 11:01:12,584 [INFO]   [唐山] 还缺 33 个部门, 启用搜索策略
2026-03-28 11:01:18,485 [INFO]   [唐山] 未找到搜索接口, 跳过搜索策略
2026-03-28 11:01:18,487 [INFO]   [唐山] 完成: 0/33部门, 0文件, 策略:paginated_list+search
2026-03-28 11:01:20,487 [INFO] --- 进度: 28/100 ---
2026-03-28 11:01:20,488 [INFO] ==================================================
2026-03-28 11:01:20,488 [INFO] [28] 温州
2026-03-28 11:01:20,488 [INFO] ==================================================
2026-03-28 11:01:20,489 [INFO]   [温州] 已有文件覆盖 12 个部门
2026-03-28 11:01:20,489 [INFO]   [温州] 策略1: 分页列表爬取 http://www.wenzhou.gov.cn/col/col1229249208/index.html
2026-03-28 11:02:23,817 [WARNING]   [温州] 无法访问预算页
2026-03-28 11:02:23,818 [INFO]   [温州] 还缺 21 个部门, 启用搜索策略
2026-03-28 11:04:49,083 [INFO]   [温州] 未找到搜索接口, 跳过搜索策略
2026-03-28 11:04:49,084 [INFO]   [温州] 完成: 12/33部门, 0文件, 策略:paginated_list+search
2026-03-28 11:04:51,084 [INFO] --- 进度: 29/100 ---
2026-03-28 11:04:51,085 [INFO] ==================================================
2026-03-28 11:04:51,086 [INFO] [29] 大连
2026-03-28 11:04:51,086 [INFO] ==================================================
2026-03-28 11:04:51,086 [INFO]   [大连] 策略1: 分页列表爬取 http://www.dl.gov.cn/col/col2352/index.html
2026-03-28 11:05:31,118 [WARNING]   [大连] 无法访问预算页
2026-03-28 11:05:31,118 [INFO]   [大连] 还缺 33 个部门, 启用搜索策略
2026-03-28 11:08:12,633 [INFO]   [大连] 未找到搜索接口, 跳过搜索策略
2026-03-28 11:08:12,634 [INFO]   [大连] 完成: 0/33部门, 0文件, 策略:paginated_list+search
2026-03-28 11:08:14,635 [INFO] --- 进度: 30/100 ---
2026-03-28 11:08:14,635 [INFO] ==================================================
2026-03-28 11:08:14,635 [INFO] [30] 徐州
2026-03-28 11:08:14,635 [INFO] ==================================================
2026-03-28 11:08:14,635 [INFO]   [徐州] 策略1: 分页列表爬取 http://www.xz.gov.cn/002/002020/ysjs.html
2026-03-28 11:09:17,368 [WARNING]   [徐州] 无法访问预算页
2026-03-28 11:09:17,368 [INFO]   [徐州] 还缺 33 个部门, 启用搜索策略
2026-03-28 11:11:40,029 [INFO]   [徐州] 未找到搜索接口, 跳过搜索策略
2026-03-28 11:11:40,030 [INFO]   [徐州] 完成: 0/33部门, 0文件, 策略:paginated_list+search
2026-03-28 11:11:42,030 [INFO] --- 进度: 31/100 ---
2026-03-28 11:11:42,030 [INFO] ==================================================
2026-03-28 11:11:42,030 [INFO] [31] 沈阳
2026-03-28 11:11:42,030 [INFO] ==================================================
2026-03-28 11:11:42,031 [INFO]   [沈阳] 已有文件覆盖 2 个部门
2026-03-28 11:11:42,031 [INFO]   [沈阳] 策略1: 分页列表爬取 http://www.shenyang.gov.cn/zwgk/fdzdgknr/ysjs/bmczyjsbgjsgjf/bmysnew/2026nbmys/
2026-03-28 11:11:43,786 [INFO]   [沈阳] 检测到 1 页, 模式: single
2026-03-28 11:11:43,787 [INFO]   [沈阳] 列表扫描完成: 0 个部门
2026-03-28 11:11:43,787 [INFO]   [沈阳] 还缺 31 个部门, 启用搜索策略
2026-03-28 11:11:53,491 [INFO]   [沈阳] 未找到搜索接口, 跳过搜索策略
2026-03-28 11:11:53,491 [INFO]   [沈阳] 完成: 2/33部门, 0文件, 策略:paginated_list+search
2026-03-28 11:11:55,493 [INFO] --- 进度: 32/100 ---
2026-03-28 11:11:55,493 [INFO] ==================================================
2026-03-28 11:11:55,493 [INFO] [32] 厦门
2026-03-28 11:11:55,493 [INFO] ==================================================
2026-03-28 11:11:55,494 [INFO]   [厦门] 策略1: 分页列表爬取 http://www.xm.gov.cn/zdxxgk/czzjxx/szfbmczyjs/2026/
2026-03-28 11:11:57,418 [INFO]   [厦门] 检测到 1 页, 模式: single
2026-03-28 11:11:57,421 [INFO]   [厦门] 列表扫描完成: 2 个部门
2026-03-28 11:11:57,421 [INFO]   [厦门] 还缺 31 个部门, 启用搜索策略
2026-03-28 11:14:00,152 [INFO]   [厦门] 未找到搜索接口, 跳过搜索策略
2026-03-28 11:14:04,795 [INFO]   [厦门] ✓ 气象局 (详情页PDF)
2026-03-28 11:14:05,096 [INFO]   [厦门] 完成: 2/33部门, 2文件, 策略:paginated_list+search
2026-03-28 11:14:07,097 [INFO] --- 进度: 33/100 ---
2026-03-28 11:14:07,097 [INFO] ==================================================
2026-03-28 11:14:07,097 [INFO] [33] 绍兴
2026-03-28 11:14:07,097 [INFO] ==================================================
2026-03-28 11:14:07,097 [INFO]   [绍兴] 策略1: 分页列表爬取 http://www.sx.gov.cn/col/col1229724451/index.html
2026-03-28 11:15:10,333 [WARNING]   [绍兴] 无法访问预算页
2026-03-28 11:15:10,334 [INFO]   [绍兴] 还缺 33 个部门, 启用搜索策略
2026-03-28 11:15:20,249 [INFO]   [绍兴] 未找到搜索接口, 跳过搜索策略
2026-03-28 11:15:20,250 [INFO]   [绍兴] 完成: 0/33部门, 0文件, 策略:paginated_list+search
2026-03-28 11:15:22,250 [INFO] --- 进度: 34/100 ---
2026-03-28 11:15:22,250 [INFO] ==================================================
2026-03-28 11:15:22,250 [INFO] [34] 石家庄
2026-03-28 11:15:22,250 [INFO] ==================================================
2026-03-28 11:15:22,250 [INFO]   [石家庄] 策略1: 分页列表爬取 http://www.sjz.gov.cn/yjsgk/
2026-03-28 11:15:23,323 [INFO]   [石家庄] 检测到 1 页, 模式: single
2026-03-28 11:15:23,328 [INFO]   [石家庄] 列表扫描完成: 30 个部门
2026-03-28 11:16:50,388 [INFO]   [石家庄] 完成: 30/33部门, 30文件, 策略:paginated_list
2026-03-28 11:16:52,389 [INFO] --- 进度: 35/100 ---
2026-03-28 11:16:52,390 [INFO] ==================================================
2026-03-28 11:16:52,390 [INFO] [35] 昆明
2026-03-28 11:16:52,390 [INFO] ==================================================
2026-03-28 11:16:52,391 [INFO]   [昆明] 已有文件覆盖 26 个部门
2026-03-28 11:16:52,391 [INFO]   [昆明] 策略1: 分页列表爬取 http://www.km.gov.cn/zfxxgk/fdzdgknr/zdlyxxgk/sjczyjs/bmsgjf/
2026-03-28 11:17:04,979 [WARNING]   [昆明] 无法访问预算页
2026-03-28 11:17:04,979 [INFO]   [昆明] 还缺 7 个部门, 启用搜索策略
2026-03-28 11:18:03,144 [INFO]   [昆明] 未找到搜索接口, 跳过搜索策略
2026-03-28 11:18:03,145 [INFO]   [昆明] 完成: 26/33部门, 0文件, 策略:paginated_list+search
2026-03-28 11:18:05,145 [INFO] --- 进度: 36/100 ---
2026-03-28 11:18:05,146 [INFO] ==================================================
2026-03-28 11:18:05,146 [INFO] [36] 潍坊
2026-03-28 11:18:05,146 [INFO] ==================================================
2026-03-28 11:18:05,146 [INFO]   [潍坊] 已有文件覆盖 13 个部门
2026-03-28 11:18:05,146 [INFO]   [潍坊] 策略1: 分页列表爬取 http://www.weifang.gov.cn/xxgk/fdzdgk2020new.html
2026-03-28 11:18:32,740 [WARNING]   [潍坊] 无法访问预算页
2026-03-28 11:18:32,741 [INFO]   [潍坊] 还缺 20 个部门, 启用搜索策略
2026-03-28 11:20:26,151 [INFO]   [潍坊] 未找到搜索接口, 跳过搜索策略
2026-03-28 11:20:26,152 [INFO]   [潍坊] 完成: 13/33部门, 0文件, 策略:paginated_list+search
2026-03-28 11:20:28,152 [INFO] --- 进度: 37/100 ---
2026-03-28 11:20:28,152 [INFO] ==================================================
2026-03-28 11:20:28,152 [INFO] [37] 南昌
2026-03-28 11:20:28,152 [INFO] ==================================================
2026-03-28 11:20:28,153 [INFO]   [南昌] 已有文件覆盖 26 个部门
2026-03-28 11:20:28,153 [INFO]   [南昌] 策略1: 分页列表爬取 http://www.nc.gov.cn/ncszf/2026bmys/
2026-03-28 11:20:30,815 [INFO]   [南昌] 检测到 1 页, 模式: single
2026-03-28 11:20:30,819 [INFO]   [南昌] 列表扫描完成: 0 个部门
2026-03-28 11:20:30,819 [INFO]   [南昌] 还缺 7 个部门, 启用搜索策略
2026-03-28 11:20:32,189 [INFO]   [南昌] 探测到搜索接口: /search?searchWord={query}
2026-03-28 11:20:32,189 [INFO]   [南昌] 搜索策略: 逐个搜索 7 个委办局
2026-03-28 11:20:40,630 [INFO]   [南昌] 搜索策略完成: 找到 0/7 个部门
2026-03-28 11:20:40,631 [INFO]   [南昌] 完成: 26/33部门, 0文件, 策略:paginated_list+search
2026-03-28 11:20:42,631 [INFO] --- 进度: 38/100 ---
2026-03-28 11:20:42,631 [INFO] ==================================================
2026-03-28 11:20:42,631 [INFO] [38] 扬州
2026-03-28 11:20:42,631 [INFO] ==================================================
2026-03-28 11:20:42,632 [INFO]   [扬州] 已有文件覆盖 3 个部门
2026-03-28 11:20:42,632 [INFO]   [扬州] 策略1: 分页列表爬取 http://yjsgk.jsczt.cn/
2026-03-28 11:20:43,431 [INFO]   [扬州] 检测到 1 页, 模式: single
2026-03-28 11:20:43,431 [INFO]   [扬州] 列表扫描完成: 0 个部门
2026-03-28 11:20:43,431 [INFO]   [扬州] 还缺 30 个部门, 启用搜索策略
2026-03-28 11:20:50,885 [INFO]   [扬州] 未找到搜索接口, 跳过搜索策略
2026-03-28 11:20:50,886 [INFO]   [扬州] 完成: 3/33部门, 0文件, 策略:paginated_list+search
2026-03-28 11:20:52,886 [INFO] --- 进度: 39/100 ---
2026-03-28 11:20:52,886 [INFO] ==================================================
2026-03-28 11:20:52,886 [INFO] [39] 盐城
2026-03-28 11:20:52,886 [INFO] ==================================================
2026-03-28 11:20:52,887 [INFO]   [盐城] 已有文件覆盖 1 个部门
2026-03-28 11:20:52,887 [INFO]   [盐城] 策略1: 分页列表爬取 http://www.yancheng.gov.cn/col/col23760/index.html
2026-03-28 11:20:53,928 [INFO]   [盐城] 检测到 1 页, 模式: single
2026-03-28 11:20:53,929 [INFO]   [盐城] 列表扫描完成: 0 个部门
2026-03-28 11:20:53,929 [INFO]   [盐城] 还缺 32 个部门, 启用搜索策略
2026-03-28 11:21:00,257 [INFO]   [盐城] 未找到搜索接口, 跳过搜索策略
2026-03-28 11:21:00,258 [INFO]   [盐城] 完成: 1/33部门, 0文件, 策略:paginated_list+search
2026-03-28 11:21:02,258 [INFO] --- 进度: 40/100 ---
2026-03-28 11:21:02,258 [INFO] ==================================================
2026-03-28 11:21:02,258 [INFO] [40] 长春
2026-03-28 11:21:02,258 [INFO] ==================================================
2026-03-28 11:21:02,259 [INFO]   [长春] 已有文件覆盖 19 个部门
2026-03-28 11:21:02,259 [INFO]   [长春] 策略1: 分页列表爬取 http://www.changchun.gov.cn/ztlm/yjsxx/
2026-03-28 11:21:23,569 [INFO]   [长春] 检测到 1 页, 模式: single
2026-03-28 11:21:23,571 [INFO]   [长春] 列表扫描完成: 2 个部门
2026-03-28 11:21:23,571 [INFO]   [长春] 还缺 12 个部门, 启用搜索策略
2026-03-28 11:21:24,802 [INFO]   [长春] 搜索策略: 逐个搜索 12 个委办局
2026-03-28 11:21:35,149 [INFO]   [长春] 搜索策略完成: 找到 0/12 个部门
2026-03-28 11:21:42,867 [INFO]   [长春] ✓ 信访局 (直接PDF)
2026-03-28 11:21:43,169 [INFO]   [长春] 完成: 21/33部门, 2文件, 策略:paginated_list+search
2026-03-28 11:21:45,169 [INFO] --- 进度: 41/100 ---
2026-03-28 11:21:45,169 [INFO] ==================================================
2026-03-28 11:21:45,169 [INFO] [41] 嘉兴
2026-03-28 11:21:45,169 [INFO] ==================================================
2026-03-28 11:21:45,170 [INFO]   [嘉兴] 已有文件覆盖 6 个部门
2026-03-28 11:21:45,170 [INFO]   [嘉兴] 策略1: 分页列表爬取 http://www.jiaxing.gov.cn/col/col1229663786/index.html
2026-03-28 11:22:49,474 [WARNING]   [嘉兴] 无法访问预算页
2026-03-28 11:22:49,475 [INFO]   [嘉兴] 还缺 27 个部门, 启用搜索策略
2026-03-28 11:25:17,230 [INFO]   [嘉兴] 未找到搜索接口, 跳过搜索策略
2026-03-28 11:25:17,231 [INFO]   [嘉兴] 完成: 6/33部门, 0文件, 策略:paginated_list+search
2026-03-28 11:25:19,232 [INFO] --- 进度: 42/100 ---
2026-03-28 11:25:19,232 [INFO] ==================================================
2026-03-28 11:25:19,232 [INFO] [42] 榆林
2026-03-28 11:25:19,232 [INFO] ==================================================
2026-03-28 11:25:19,233 [INFO]   [榆林] 已有文件覆盖 28 个部门
2026-03-28 11:25:19,233 [INFO]   [榆林] 策略1: 分页列表爬取 http://www.yl.gov.cn/zwgk/fdzdgknr/czxx/czyjs/bmczys/
2026-03-28 11:25:38,253 [WARNING]   [榆林] 无法访问预算页
2026-03-28 11:25:38,254 [INFO]   [榆林] 完成: 28/33部门, 0文件, 策略:paginated_list
2026-03-28 11:25:40,254 [INFO] --- 进度: 43/100 ---
2026-03-28 11:25:40,255 [INFO] ==================================================
2026-03-28 11:25:40,255 [INFO] [43] 金华
2026-03-28 11:25:40,255 [INFO] ==================================================
2026-03-28 11:25:40,256 [INFO]   [金华] 已有文件覆盖 21 个部门
2026-03-28 11:25:40,256 [INFO]   [金华] 策略1: 分页列表爬取 http://www.jinhua.gov.cn/col/col1229160421/index.html
2026-03-28 11:26:43,492 [WARNING]   [金华] 无法访问预算页
2026-03-28 11:26:43,493 [INFO]   [金华] 还缺 12 个部门, 启用搜索策略
2026-03-28 11:29:08,858 [INFO]   [金华] 未找到搜索接口, 跳过搜索策略
2026-03-28 11:29:08,859 [INFO]   [金华] 完成: 21/33部门, 0文件, 策略:paginated_list+search
2026-03-28 11:29:10,860 [INFO] --- 进度: 44/100 ---
2026-03-28 11:29:10,860 [INFO] ==================================================
2026-03-28 11:29:10,860 [INFO] [44] 泰州
2026-03-28 11:29:10,860 [INFO] ==================================================
2026-03-28 11:29:10,860 [INFO]   [泰州] 策略1: 分页列表爬取 http://yjsgk.jsczt.cn/
2026-03-28 11:29:11,486 [INFO]   [泰州] 检测到 1 页, 模式: single
2026-03-28 11:29:11,486 [INFO]   [泰州] 列表扫描完成: 0 个部门
2026-03-28 11:29:11,486 [INFO]   [泰州] 还缺 33 个部门, 启用搜索策略
2026-03-28 11:29:18,202 [INFO]   [泰州] 未找到搜索接口, 跳过搜索策略
2026-03-28 11:29:18,204 [INFO]   [泰州] 完成: 0/33部门, 0文件, 策略:paginated_list+search
2026-03-28 11:29:20,204 [INFO] --- 进度: 45/100 ---
2026-03-28 11:29:20,204 [INFO] ==================================================
2026-03-28 11:29:20,204 [INFO] [45] 台州
2026-03-28 11:29:20,204 [INFO] ==================================================
2026-03-28 11:29:20,205 [INFO]   [台州] 已有文件覆盖 25 个部门
2026-03-28 11:29:20,205 [INFO]   [台州] 策略1: 分页列表爬取 http://www.zjtz.gov.cn/col/col1229205171/index.html
2026-03-28 11:30:23,387 [WARNING]   [台州] 无法访问预算页
2026-03-28 11:30:23,387 [INFO]   [台州] 还缺 8 个部门, 启用搜索策略
2026-03-28 11:32:48,730 [INFO]   [台州] 未找到搜索接口, 跳过搜索策略
2026-03-28 11:32:48,731 [INFO]   [台州] 完成: 25/33部门, 0文件, 策略:paginated_list+search
2026-03-28 11:32:50,731 [INFO] --- 进度: 46/100 ---
2026-03-28 11:32:50,731 [INFO] ==================================================
2026-03-28 11:32:50,732 [INFO] [46] 临沂
2026-03-28 11:32:50,732 [INFO] ==================================================
2026-03-28 11:32:50,733 [INFO]   [临沂] 已有文件覆盖 28 个部门
2026-03-28 11:32:50,733 [INFO]   [临沂] 策略1: 分页列表爬取 http://czj.linyi.gov.cn/zfxxgk/czxx/czyjs.htm
2026-03-28 11:33:53,334 [WARNING]   [临沂] 无法访问预算页
2026-03-28 11:33:53,335 [INFO]   [临沂] 完成: 28/33部门, 0文件, 策略:paginated_list
2026-03-28 11:33:55,335 [INFO] --- 进度: 47/100 ---
2026-03-28 11:33:55,335 [INFO] ==================================================
2026-03-28 11:33:55,335 [INFO] [47] 宜昌
2026-03-28 11:33:55,335 [INFO] ==================================================
2026-03-28 11:33:55,336 [INFO]   [宜昌] 已有文件覆盖 22 个部门
2026-03-28 11:33:55,336 [INFO]   [宜昌] 策略1: 分页列表爬取 http://xxgk.yichang.gov.cn/
2026-03-28 11:34:57,483 [WARNING]   [宜昌] 无法访问预算页
2026-03-28 11:34:57,483 [INFO]   [宜昌] 还缺 11 个部门, 启用搜索策略
2026-03-28 11:38:39 Step 3: 生成最终报告...
======================================================================
预算爬取监控报告 - 2026-03-28 11:38:39
======================================================================

总计: 100 城市
  优秀(>=25部门): 49
  合格(>=15部门): 14
  不足(<15部门):  24
  空白(0):        0
  未尝试:         13
  磁盘PDF总数:    591
  磁盘HTML总数:   1932

======================================================================
需要行动的城市 (37个):
======================================================================
  [  7] 成都     - 未尝试 (PDF:0 HTML:0) 策略:unknown
  [  8] 杭州     - 找到12个 (PDF:9 HTML:3) 策略:paginated_list+search
  [ 10] 南京     - 未尝试 (PDF:0 HTML:0) 策略:unknown
  [ 12] 天津     - 找到12个 (PDF:0 HTML:12) 策略:paginated_list+search
  [ 13] 青岛     - 找到8个 (PDF:0 HTML:8) 策略:paginated_list+search
  [ 19] 合肥     - 未尝试 (PDF:0 HTML:0) 策略:unknown
  [ 23] 南通     - 找到4个 (PDF:0 HTML:4) 策略:paginated_list+search
  [ 27] 唐山     - 未尝试 (PDF:0 HTML:0) 策略:unknown
  [ 29] 大连     - 未尝试 (PDF:0 HTML:0) 策略:unknown
  [ 30] 徐州     - 未尝试 (PDF:0 HTML:0) 策略:unknown
  [ 31] 沈阳     - 找到2个 (PDF:0 HTML:2) 策略:paginated_list+search
  [ 32] 厦门     - 找到2个 (PDF:1 HTML:1) 策略:paginated_list+search
  [ 33] 绍兴     - 未尝试 (PDF:0 HTML:0) 策略:unknown
  [ 36] 潍坊     - 找到13个 (PDF:2 HTML:11) 策略:paginated_list+search
  [ 38] 扬州     - 找到3个 (PDF:0 HTML:3) 策略:paginated_list+search
  [ 39] 盐城     - 找到1个 (PDF:0 HTML:1) 策略:paginated_list+search
  [ 41] 嘉兴     - 找到6个 (PDF:4 HTML:2) 策略:paginated_list+search
  [ 44] 泰州     - 未尝试 (PDF:0 HTML:0) 策略:unknown
  [ 48] 惠州     - 找到5个 (PDF:3 HTML:2) 策略:unknown
  [ 53] 济宁     - 找到7个 (PDF:0 HTML:7) 策略:unknown
  [ 55] 襄阳     - 未尝试 (PDF:0 HTML:0) 策略:unknown
  [ 58] 淮安     - 找到1个 (PDF:0 HTML:1) 策略:unknown
  [ 59] 芜湖     - 找到2个 (PDF:0 HTML:2) 策略:unknown
  [ 64] 南阳     - 找到11个 (PDF:0 HTML:11) 策略:unknown
  [ 68] 菏泽     - 找到12个 (PDF:3 HTML:9) 策略:unknown
  [ 70] 邯郸     - 未尝试 (PDF:0 HTML:0) 策略:unknown
  [ 71] 连云港    - 找到11个 (PDF:0 HTML:11) 策略:unknown
  [ 74] 衡阳     - 找到6个 (PDF:0 HTML:6) 策略:unknown
  [ 81] 呼和浩特   - 未尝试 (PDF:0 HTML:0) 策略:unknown
  [ 82] 中山     - 找到5个 (PDF:1 HTML:4) 策略:unknown
  [ 88] 茂名     - 找到5个 (PDF:1 HTML:4) 策略:unknown
  [ 89] 株洲     - 找到4个 (PDF:1 HTML:3) 策略:unknown
  [ 90] 廊坊     - 未尝试 (PDF:0 HTML:0) 策略:unknown
  [ 91] 湛江     - 找到12个 (PDF:1 HTML:11) 策略:unknown
  [ 92] 上饶     - 未尝试 (PDF:0 HTML:0) 策略:unknown
  [ 93] 宜春     - 找到13个 (PDF:0 HTML:13) 策略:unknown
  [100] 荆州     - 找到3个 (PDF:0 HTML:3) 策略:unknown

优秀城市 (49个):
  [  4] 重庆     - 279个部门 (PDF:209)
  [  2] 北京     - 94个部门 (PDF:94)
  [  5] 广州     - 79个部门 (PDF:33)
  [ 17] 福州     - 71个部门 (PDF:17)
  [  6] 苏州     - 67个部门 (PDF:19)
  [ 14] 无锡     - 67个部门 (PDF:7)
  [  9] 武汉     - 63个部门 (PDF:2)
  [ 15] 长沙     - 62个部门 (PDF:16)
  [ 18] 济南     - 61个部门 (PDF:5)
  [ 21] 泉州     - 58个部门 (PDF:16)

======================================================================
部门覆盖率 (已尝试的城市中):
======================================================================
  建筑工务署                  1/ 38 (  2.6%) 
  口岸办公室                  1/ 38 (  2.6%) 
  公安局交通警察局               6/ 38 ( 15.8%) ███
  宣传部                   14/ 38 ( 36.8%) ███████
  气象局                   17/ 38 ( 44.7%) ████████
  文化广电旅游体育局             19/ 38 ( 50.0%) ██████████
  政务服务和数据管理局            21/ 38 ( 55.3%) ███████████
  国有资产监督管理委员会           23/ 38 ( 60.5%) ████████████
  信访局                   23/ 38 ( 60.5%) ████████████
  市场监督管理局               24/ 38 ( 63.2%) ████████████
  城市管理和综合执法局            24/ 38 ( 63.2%) ████████████
  规划和自然资源局              25/ 38 ( 65.8%) █████████████
  科技创新局                 25/ 38 ( 65.8%) █████████████
  人力资源和社会保障局            25/ 38 ( 65.8%) █████████████
  教育局                   26/ 38 ( 68.4%) █████████████
  水务局                   26/ 38 ( 68.4%) █████████████
  医疗保障局                 26/ 38 ( 68.4%) █████████████
  退役军人事务局               26/ 38 ( 68.4%) █████████████
  住房和建设局                26/ 38 ( 68.4%) █████████████
  民政局                   26/ 38 ( 68.4%) █████████████
  财政局                   26/ 38 ( 68.4%) █████████████
  发展和改革局                27/ 38 ( 71.1%) ██████████████
  商务局                   27/ 38 ( 71.1%) ██████████████
  生态环境局                 27/ 38 ( 71.1%) ██████████████
  审计局                   27/ 38 ( 71.1%) ██████████████
  卫生健康委员会               28/ 38 ( 73.7%) ██████████████
  交通运输局                 28/ 38 ( 73.7%) ██████████████
  公安局                   28/ 38 ( 73.7%) ██████████████
  司法局                   28/ 38 ( 73.7%) ██████████████
  工业和信息化局               29/ 38 ( 76.3%) ███████████████
  应急管理局                 29/ 38 ( 76.3%) ███████████████
  政府办公厅                 29/ 38 ( 76.3%) ███████████████
  统计局                   30/ 38 ( 78.9%) ███████████████

======================================================================
调优建议:
======================================================================
  1. 有 13 个城市未尝试, 建议先全量跑一轮
  2. 有 24 个城市覆盖率低, 建议用 --retry-weak --force 重试
  4. 最难覆盖的部门: 建筑工务署, 口岸办公室, 公安局交通警察局, 宣传部, 气象局

建议操作: RUN_FULL
2026-03-28 11:38:39 Step 5: 推送到GitHub...
2026-03-28 11:38:40 推送失败
2026-03-28 11:38:40 ========== 自动爬取轮次结束 ==========
