2026-03-29 00:06:18 ========== 自动爬取轮次开始 ==========
2026-03-29 00:06:18 Step 1: 运行监控报告...
======================================================================
预算爬取监控报告 - 2026-03-29 00:06:18
======================================================================

总计: 100 城市
  优秀(>=25部门): 49
  合格(>=15部门): 14
  不足(<15部门):  24
  空白(0):        0
  未尝试:         13
  磁盘PDF总数:    591
  磁盘HTML总数:   1932

======================================================================
需要行动的城市 (37个):
======================================================================
  [  7] 成都     - 未尝试 (PDF:0 HTML:0) 策略:unknown
  [  8] 杭州     - 找到12个 (PDF:9 HTML:3) 策略:paginated_list+search
  [ 10] 南京     - 未尝试 (PDF:0 HTML:0) 策略:unknown
  [ 12] 天津     - 找到12个 (PDF:0 HTML:12) 策略:paginated_list+search
  [ 13] 青岛     - 找到8个 (PDF:0 HTML:8) 策略:paginated_list+search
  [ 19] 合肥     - 未尝试 (PDF:0 HTML:0) 策略:unknown
  [ 23] 南通     - 找到4个 (PDF:0 HTML:4) 策略:paginated_list+search
  [ 27] 唐山     - 未尝试 (PDF:0 HTML:0) 策略:unknown
  [ 29] 大连     - 未尝试 (PDF:0 HTML:0) 策略:unknown
  [ 30] 徐州     - 未尝试 (PDF:0 HTML:0) 策略:unknown
  [ 31] 沈阳     - 找到2个 (PDF:0 HTML:2) 策略:paginated_list+search
  [ 32] 厦门     - 找到2个 (PDF:1 HTML:1) 策略:paginated_list+search
  [ 33] 绍兴     - 未尝试 (PDF:0 HTML:0) 策略:unknown
  [ 36] 潍坊     - 找到13个 (PDF:2 HTML:11) 策略:paginated_list+search
  [ 38] 扬州     - 找到3个 (PDF:0 HTML:3) 策略:paginated_list+search
  [ 39] 盐城     - 找到1个 (PDF:0 HTML:1) 策略:paginated_list+search
  [ 41] 嘉兴     - 找到6个 (PDF:4 HTML:2) 策略:paginated_list+search
  [ 44] 泰州     - 未尝试 (PDF:0 HTML:0) 策略:unknown
  [ 48] 惠州     - 找到5个 (PDF:3 HTML:2) 策略:unknown
  [ 53] 济宁     - 找到7个 (PDF:0 HTML:7) 策略:unknown
  [ 55] 襄阳     - 未尝试 (PDF:0 HTML:0) 策略:unknown
  [ 58] 淮安     - 找到1个 (PDF:0 HTML:1) 策略:unknown
  [ 59] 芜湖     - 找到2个 (PDF:0 HTML:2) 策略:unknown
  [ 64] 南阳     - 找到11个 (PDF:0 HTML:11) 策略:unknown
  [ 68] 菏泽     - 找到12个 (PDF:3 HTML:9) 策略:unknown
  [ 70] 邯郸     - 未尝试 (PDF:0 HTML:0) 策略:unknown
  [ 71] 连云港    - 找到11个 (PDF:0 HTML:11) 策略:unknown
  [ 74] 衡阳     - 找到6个 (PDF:0 HTML:6) 策略:unknown
  [ 81] 呼和浩特   - 未尝试 (PDF:0 HTML:0) 策略:unknown
  [ 82] 中山     - 找到5个 (PDF:1 HTML:4) 策略:unknown
  [ 88] 茂名     - 找到5个 (PDF:1 HTML:4) 策略:unknown
  [ 89] 株洲     - 找到4个 (PDF:1 HTML:3) 策略:unknown
  [ 90] 廊坊     - 未尝试 (PDF:0 HTML:0) 策略:unknown
  [ 91] 湛江     - 找到12个 (PDF:1 HTML:11) 策略:unknown
  [ 92] 上饶     - 未尝试 (PDF:0 HTML:0) 策略:unknown
  [ 93] 宜春     - 找到13个 (PDF:0 HTML:13) 策略:unknown
  [100] 荆州     - 找到3个 (PDF:0 HTML:3) 策略:unknown

优秀城市 (49个):
  [  4] 重庆     - 279个部门 (PDF:209)
  [  2] 北京     - 94个部门 (PDF:94)
  [  5] 广州     - 79个部门 (PDF:33)
  [ 17] 福州     - 71个部门 (PDF:17)
  [  6] 苏州     - 67个部门 (PDF:19)
  [ 14] 无锡     - 67个部门 (PDF:7)
  [  9] 武汉     - 63个部门 (PDF:2)
  [ 15] 长沙     - 62个部门 (PDF:16)
  [ 18] 济南     - 61个部门 (PDF:5)
  [ 21] 泉州     - 58个部门 (PDF:16)

======================================================================
部门覆盖率 (已尝试的城市中):
======================================================================
  建筑工务署                  1/ 38 (  2.6%) 
  口岸办公室                  1/ 38 (  2.6%) 
  公安局交通警察局               6/ 38 ( 15.8%) ███
  宣传部                   14/ 38 ( 36.8%) ███████
  气象局                   17/ 38 ( 44.7%) ████████
  文化广电旅游体育局             19/ 38 ( 50.0%) ██████████
  政务服务和数据管理局            21/ 38 ( 55.3%) ███████████
  国有资产监督管理委员会           23/ 38 ( 60.5%) ████████████
  信访局                   23/ 38 ( 60.5%) ████████████
  市场监督管理局               24/ 38 ( 63.2%) ████████████
  城市管理和综合执法局            24/ 38 ( 63.2%) ████████████
  规划和自然资源局              25/ 38 ( 65.8%) █████████████
  科技创新局                 25/ 38 ( 65.8%) █████████████
  人力资源和社会保障局            25/ 38 ( 65.8%) █████████████
  教育局                   26/ 38 ( 68.4%) █████████████
  水务局                   26/ 38 ( 68.4%) █████████████
  医疗保障局                 26/ 38 ( 68.4%) █████████████
  退役军人事务局               26/ 38 ( 68.4%) █████████████
  住房和建设局                26/ 38 ( 68.4%) █████████████
  民政局                   26/ 38 ( 68.4%) █████████████
  财政局                   26/ 38 ( 68.4%) █████████████
  发展和改革局                27/ 38 ( 71.1%) ██████████████
  商务局                   27/ 38 ( 71.1%) ██████████████
  生态环境局                 27/ 38 ( 71.1%) ██████████████
  审计局                   27/ 38 ( 71.1%) ██████████████
  卫生健康委员会               28/ 38 ( 73.7%) ██████████████
  交通运输局                 28/ 38 ( 73.7%) ██████████████
  公安局                   28/ 38 ( 73.7%) ██████████████
  司法局                   28/ 38 ( 73.7%) ██████████████
  工业和信息化局               29/ 38 ( 76.3%) ███████████████
  应急管理局                 29/ 38 ( 76.3%) ███████████████
  政府办公厅                 29/ 38 ( 76.3%) ███████████████
  统计局                   30/ 38 ( 78.9%) ███████████████

======================================================================
调优建议:
======================================================================
  1. 有 13 个城市未尝试, 建议先全量跑一轮
  2. 有 24 个城市覆盖率低, 建议用 --retry-weak --force 重试
  4. 最难覆盖的部门: 建筑工务署, 口岸办公室, 公安局交通警察局, 宣传部, 气象局

建议操作: RUN_FULL
2026-03-29 00:06:18 监控建议: RUN_FULL
2026-03-29 00:06:18 Step 2: 全量爬取...
2026-03-29 00:06:18,958 [INFO] 开始爬取 100 个城市, 33个目标部门
2026-03-29 00:06:18,958 [INFO] 有URL: 100, 需探测: 0
2026-03-29 00:06:18,958 [INFO] --- 进度: 1/100 ---
2026-03-29 00:06:18,958 [INFO] [上海] 已有 25 个部门, 跳过
2026-03-29 00:06:20,958 [INFO] --- 进度: 2/100 ---
2026-03-29 00:06:20,958 [INFO] [北京] 已有 30 个部门, 跳过
2026-03-29 00:06:22,958 [INFO] --- 进度: 3/100 ---
2026-03-29 00:06:22,959 [INFO] [深圳] 已有 33 个部门, 跳过
2026-03-29 00:06:24,959 [INFO] --- 进度: 4/100 ---
2026-03-29 00:06:24,959 [INFO] [重庆] 已有 30 个部门, 跳过
2026-03-29 00:06:26,959 [INFO] --- 进度: 5/100 ---
2026-03-29 00:06:26,960 [INFO] [广州] 已有 30 个部门, 跳过
2026-03-29 00:06:28,960 [INFO] --- 进度: 6/100 ---
2026-03-29 00:06:28,960 [INFO] [苏州] 已有 28 个部门, 跳过
2026-03-29 00:06:30,960 [INFO] --- 进度: 7/100 ---
2026-03-29 00:06:30,960 [INFO] ==================================================
2026-03-29 00:06:30,960 [INFO] [7] 成都
2026-03-29 00:06:30,960 [INFO] ==================================================
2026-03-29 00:06:30,961 [INFO]   [成都] 策略1: 分页列表爬取 http://www.chengdu.gov.cn/gkml/czyjs/column-index-1.shtml
2026-03-29 00:07:33,331 [WARNING]   [成都] 无法访问预算页
2026-03-29 00:07:33,331 [INFO]   [成都] 还缺 33 个部门, 启用搜索策略
2026-03-29 00:12:29,848 [INFO]   [成都] 未找到搜索接口, 跳过搜索策略
2026-03-29 00:12:29,849 [INFO]   [成都] 完成: 0/33部门, 0文件, 策略:paginated_list+search
2026-03-29 00:12:31,849 [INFO] --- 进度: 8/100 ---
2026-03-29 00:12:31,849 [INFO] ==================================================
2026-03-29 00:12:31,849 [INFO] [8] 杭州
2026-03-29 00:12:31,849 [INFO] ==================================================
2026-03-29 00:12:31,850 [INFO]   [杭州] 已有文件覆盖 5 个部门
2026-03-29 00:12:31,850 [INFO]   [杭州] 策略1: 分页列表爬取 http://www.hangzhou.gov.cn/col/col1229063412/index.html
2026-03-29 00:13:35,303 [WARNING]   [杭州] 无法访问预算页
2026-03-29 00:13:35,303 [INFO]   [杭州] 还缺 28 个部门, 启用搜索策略
2026-03-29 00:18:40,005 [INFO]   [杭州] 未找到搜索接口, 跳过搜索策略
2026-03-29 00:18:40,006 [INFO]   [杭州] 完成: 5/33部门, 0文件, 策略:paginated_list+search
2026-03-29 00:18:42,006 [INFO] --- 进度: 9/100 ---
2026-03-29 00:18:42,006 [INFO] [武汉] 已有 27 个部门, 跳过
2026-03-29 00:18:44,006 [INFO] --- 进度: 10/100 ---
2026-03-29 00:18:44,007 [INFO] ==================================================
2026-03-29 00:18:44,007 [INFO] [10] 南京
2026-03-29 00:18:44,007 [INFO] ==================================================
2026-03-29 00:18:44,007 [INFO]   [南京] 策略1: 分页列表爬取 http://www.nanjing.gov.cn/site/zgnj/search.html?searchWord=2026%20%E9%A2%84%E7%AE%97&siteId=10&pageSize=10&searchWord2=2026%20%E9%A2%84%E7%AE%97
2026-03-29 00:18:45,244 [INFO]   [南京] 检测到 1 页, 模式: single
2026-03-29 00:18:45,244 [INFO]   [南京] 列表扫描完成: 0 个部门
2026-03-29 00:18:45,244 [INFO]   [南京] 还缺 33 个部门, 启用搜索策略
2026-03-29 00:18:57,236 [INFO]   [南京] 未找到搜索接口, 跳过搜索策略
2026-03-29 00:18:57,237 [INFO]   [南京] 完成: 0/33部门, 0文件, 策略:paginated_list+search
2026-03-29 00:18:59,237 [INFO] --- 进度: 11/100 ---
2026-03-29 00:18:59,237 [INFO] [宁波] 已有 25 个部门, 跳过
2026-03-29 00:19:01,238 [INFO] --- 进度: 12/100 ---
2026-03-29 00:19:01,238 [INFO] ==================================================
2026-03-29 00:19:01,238 [INFO] [12] 天津
2026-03-29 00:19:01,238 [INFO] ==================================================
2026-03-29 00:19:01,238 [INFO]   [天津] 策略1: 分页列表爬取 http://cz.tj.gov.cn/zwgk_53713/yjsgktypt/ysgk/2026bmys/
2026-03-29 00:19:04,597 [WARNING]   [天津] 无法访问预算页
2026-03-29 00:19:04,597 [INFO]   [天津] 还缺 33 个部门, 启用搜索策略
2026-03-29 00:19:25,421 [INFO]   [天津] 未找到搜索接口, 跳过搜索策略
2026-03-29 00:19:25,422 [INFO]   [天津] 完成: 0/33部门, 0文件, 策略:paginated_list+search
2026-03-29 00:19:27,423 [INFO] --- 进度: 13/100 ---
2026-03-29 00:19:27,424 [INFO] ==================================================
2026-03-29 00:19:27,424 [INFO] [13] 青岛
2026-03-29 00:19:27,424 [INFO] ==================================================
2026-03-29 00:19:27,424 [INFO]   [青岛] 策略1: 分页列表爬取 http://www.qingdao.gov.cn/zwgk/search.shtml?searchWord=2026%20%E9%A2%84%E7%AE%97
2026-03-29 00:19:29,940 [INFO]   [青岛] 检测到 1 页, 模式: single
2026-03-29 00:19:29,941 [INFO]   [青岛] 列表扫描完成: 0 个部门
2026-03-29 00:19:29,941 [INFO]   [青岛] 还缺 33 个部门, 启用搜索策略
2026-03-29 00:21:41,854 [INFO]   [青岛] 未找到搜索接口, 跳过搜索策略
2026-03-29 00:21:41,855 [INFO]   [青岛] 完成: 0/33部门, 0文件, 策略:paginated_list+search
2026-03-29 00:21:43,855 [INFO] --- 进度: 14/100 ---
2026-03-29 00:21:43,855 [INFO] [无锡] 已有 28 个部门, 跳过
2026-03-29 00:21:45,855 [INFO] --- 进度: 15/100 ---
2026-03-29 00:21:45,856 [INFO] [长沙] 已有 27 个部门, 跳过
2026-03-29 00:21:47,856 [INFO] --- 进度: 16/100 ---
2026-03-29 00:21:47,856 [INFO] [郑州] 已有 25 个部门, 跳过
2026-03-29 00:21:49,856 [INFO] --- 进度: 17/100 ---
2026-03-29 00:21:49,856 [INFO] [福州] 已有 27 个部门, 跳过
2026-03-29 00:21:51,856 [INFO] --- 进度: 18/100 ---
2026-03-29 00:21:51,857 [INFO] [济南] 已有 29 个部门, 跳过
2026-03-29 00:21:53,857 [INFO] --- 进度: 19/100 ---
2026-03-29 00:21:53,857 [INFO] ==================================================
2026-03-29 00:21:53,857 [INFO] [19] 合肥
2026-03-29 00:21:53,857 [INFO] ==================================================
2026-03-29 00:21:53,857 [INFO]   [合肥] 策略1: 分页列表爬取 http://www.hefei.gov.cn/zwgk/site/tpl/1541
2026-03-29 00:22:17,118 [WARNING]   [合肥] 无法访问预算页
2026-03-29 00:22:17,118 [INFO]   [合肥] 还缺 33 个部门, 启用搜索策略
