nohup: ignoring input
2026-03-27 20:16:04,661 [INFO] 开始爬取 100 个城市, 32个目标部门
2026-03-27 20:16:04,661 [INFO] 并发数: 5
2026-03-27 20:16:04,661 [INFO] ==================================================
2026-03-27 20:16:04,661 [INFO] [1] 上海
2026-03-27 20:16:04,661 [INFO] ==================================================
2026-03-27 20:16:04,661 [INFO]   [上海] 扫描: http://www.shanghai.gov.cn/bmys-26-002/index.html
2026-03-27 20:16:05,162 [INFO] ==================================================
2026-03-27 20:16:05,162 [INFO] [2] 北京
2026-03-27 20:16:05,162 [INFO] ==================================================
2026-03-27 20:16:05,162 [INFO]   [北京] 扫描: http://www.beijing.gov.cn/gongkai/caizheng/czzt/2026ys/index.html
2026-03-27 20:16:05,663 [INFO] ==================================================
2026-03-27 20:16:05,663 [INFO] [3] 深圳
2026-03-27 20:16:05,663 [INFO] ==================================================
2026-03-27 20:16:05,663 [INFO]   [深圳] 扫描: http://www.sz.gov.cn/cn/xxgk/zfxxgj/zjxx/gbmczyjs/
2026-03-27 20:16:06,163 [INFO] ==================================================
2026-03-27 20:16:06,164 [INFO] [4] 重庆
2026-03-27 20:16:06,164 [INFO] ==================================================
2026-03-27 20:16:06,164 [INFO]   [重庆] 扫描: http://www.cq.gov.cn/zwgk/zfxxgkzl/fdzdgknr/ysjs/szfbgtjszfbmyjsqk/ys/
2026-03-27 20:16:06,702 [INFO] ==================================================
2026-03-27 20:16:06,702 [INFO] [5] 广州
2026-03-27 20:16:06,722 [INFO] ==================================================
2026-03-27 20:16:06,738 [INFO]   [广州] 扫描: http://www.gz.gov.cn/zwgk/zdly/czzj/bmyjshsgjf/ys/2026n/index.html
2026-03-27 20:16:06,764 [INFO]   [上海] ✓ 政府办公厅 (1个链接)
2026-03-27 20:16:08,600 [INFO]     下载: 政府办公厅_上海市人民政府办公厅文印中心2026年度预算.pdf
2026-03-27 20:16:08,901 [INFO]   [上海] ✓ 发展和改革局 (1个链接)
2026-03-27 20:16:10,176 [INFO]     下载: 发展和改革局_上海市域外农场管理办公室2026年度预算.pdf
2026-03-27 20:16:10,479 [INFO]   [上海] ✓ 工业和信息化局 (1个链接)
2026-03-27 20:16:10,874 [INFO]   [深圳] 找到太少(2)，再扫描官网首页
2026-03-27 20:16:11,021 [INFO]   [深圳] ✓ 规划和自然资源局 (7个链接)
2026-03-27 20:16:11,354 [INFO]     下载: 工业和信息化局_上海水产老干部活动室2026年度预算.pdf
2026-03-27 20:16:11,616 [INFO]     下载: 规划和自然资源局_2026年深圳市规划和自然资源局盐田管理局部门预算.pdf.pdf
2026-03-27 20:16:11,764 [INFO]   [上海] ✓ 商务局 (1个链接)
2026-03-27 20:16:12,688 [INFO]     下载: 规划和自然资源局_2026年深圳市规划和自然资源局大鹏管理局部门预算.pdf.pdf
2026-03-27 20:16:13,903 [INFO]     下载: 商务局_上海钻石宝玉石交易联合管理办公室2026年度预算.pdf
2026-03-27 20:16:14,219 [INFO]   [上海] ✓ 教育局 (1个链接)
2026-03-27 20:16:14,553 [INFO]     下载: 规划和自然资源局_2026年深圳市规划和自然资源局宝安管理局部门预算.pdf.pdf
2026-03-27 20:16:14,859 [INFO]   [深圳] ✓ 市场监督管理局 (1个链接)
2026-03-27 20:16:15,441 [INFO]     下载: 教育局_上海科技大学附属学校2026年度预算.pdf
2026-03-27 20:16:15,742 [INFO]   [上海] ✓ 公安局 (1个链接)
2026-03-27 20:16:15,932 [INFO]     下载: 市场监督管理局_2026年深圳市市场监督管理局深汕监管局部门预算.pdf.pdf
2026-03-27 20:16:16,239 [INFO]   [深圳] ✓ 商务局 (1个链接)
2026-03-27 20:16:16,852 [INFO]     下载: 公安局_上海市刑事科学技术研究院2026年度单位预算.pdf
2026-03-27 20:16:17,152 [INFO]   [上海] ✓ 民政局 (1个链接)
2026-03-27 20:16:17,241 [INFO]   [深圳] ✓ 教育局 (1个链接)
2026-03-27 20:16:17,315 [INFO]   [重庆] ✓ 应急管理局 (9个链接)
2026-03-27 20:16:19,884 [INFO]     下载: 民政局_上海市福利彩票发行中心2026年预算公开.pdf
2026-03-27 20:16:20,184 [INFO]   [上海] ✓ 司法局 (1个链接)
2026-03-27 20:16:21,431 [INFO]     下载: 司法局_上海市戒毒康复中心2026年度预算.pdf
2026-03-27 20:16:21,732 [INFO]   [上海] ✓ 财政局 (1个链接)
2026-03-27 20:16:23,447 [INFO]     下载: 财政局_上海市财务会计综合管理事务中心（上海市财政科学研究所）2026年度预算.pdf
2026-03-27 20:16:23,747 [INFO]   [上海] ✓ 人力资源和社会保障局 (1个链接)
2026-03-27 20:16:23,866 [INFO]   [广州] ✓ 市场监督管理局 (2个链接)
2026-03-27 20:16:26,507 [INFO]     下载: 人力资源和社会保障局_上海市职业能力考试院2026年度预算.pdf
2026-03-27 20:16:26,820 [INFO]   [上海] ✓ 住房和建设局 (1个链接)
2026-03-27 20:16:26,844 [INFO]     下载: 应急管理局_危险化学品查询（2015版）.pdf
2026-03-27 20:16:27,145 [INFO]   [重庆] ✓ 政府办公厅 (7个链接)
2026-03-27 20:16:27,295 [INFO]   [广州] ✓ 商务局 (2个链接)
2026-03-27 20:16:28,509 [INFO]     下载: 住房和建设局_上海市住房和城乡建设管理委员会人才开发评价中心2026年度预算.pdf
2026-03-27 20:16:28,810 [INFO]   [上海] ✓ 交通运输局 (1个链接)
2026-03-27 20:16:29,372 [INFO]     下载: 商务局_2026年广州市商务局部门预算.pdf.pdf
2026-03-27 20:16:29,440 [INFO]     下载: 交通运输局_上海交通职业技术学院2026年度预算.pdf
2026-03-27 20:16:29,753 [INFO]   [上海] ✓ 生态环境局 (1个链接)
2026-03-27 20:16:31,243 [INFO]     下载: 生态环境局_上海市减污降碳管理运行技术中心2026年度预算.pdf
2026-03-27 20:16:31,325 [INFO]   [广州] ✓ 科技创新局 (2个链接)
2026-03-27 20:16:31,546 [INFO]   [上海] ✓ 规划和自然资源局 (1个链接)
2026-03-27 20:16:32,032 [INFO]     下载: 政府办公厅_重庆市人民政府办公厅2026年部门预算情况说明.PDF.pdf
2026-03-27 20:16:32,445 [INFO]     下载: 规划和自然资源局_上海市自然资源确权登记事务中心2026年度预算.pdf
2026-03-27 20:16:32,713 [INFO]     下载: 科技创新局_2026年广州市科学技术局部门预算.pdf.pdf
2026-03-27 20:16:32,745 [INFO]   [上海] ✓ 水务局 (1个链接)
2026-03-27 20:16:33,193 [INFO]   [重庆] ✓ 发展和改革局 (9个链接)
2026-03-27 20:16:33,606 [INFO]     下载: 水务局_上海市海洋监测预报中心2026年度预算.pdf
2026-03-27 20:16:33,933 [INFO]   [上海] ✓ 卫生健康委员会 (1个链接)
2026-03-27 20:16:35,767 [INFO]     下载: 卫生健康委员会_上海市中医文献馆2026年度预算.pdf
2026-03-27 20:16:36,067 [INFO]   [广州] ✓ 发展和改革局 (2个链接)
2026-03-27 20:16:36,078 [INFO]   [上海] ✓ 审计局 (1个链接)
2026-03-27 20:16:37,431 [INFO]     下载: 审计局_上海市审计局(本级)2026年度预算.pdf
2026-03-27 20:16:37,751 [INFO]   [上海] ✓ 国有资产监督管理委员会 (1个链接)
2026-03-27 20:16:39,462 [INFO]     下载: 国有资产监督管理委员会_上海市花卉良种试验场2026年度预算.pdf
2026-03-27 20:16:39,776 [INFO]   [上海] ✓ 统计局 (1个链接)
2026-03-27 20:16:40,097 [INFO]     下载: 发展和改革局_2026年广州市发展和改革委员会部门预算.pdf.pdf
2026-03-27 20:16:41,193 [INFO]     下载: 统计局_上海市统计和大数据研究院（上海市统计数据管理中心）2026年度预算.pdf
2026-03-27 20:16:41,319 [INFO]   [广州] ✓ 卫生健康委员会 (2个链接)
2026-03-27 20:16:41,499 [INFO]   [上海] ✓ 应急管理局 (1个链接)
2026-03-27 20:16:42,465 [INFO]     下载: 应急管理局_上海市应急管理局执法总队2026年度预算.pdf
2026-03-27 20:16:42,788 [INFO]   [上海] ✓ 文化广电旅游体育局 (2个链接)
2026-03-27 20:16:43,863 [INFO]     下载: 文化广电旅游体育局_上海市文化和旅游局执法总队2026年度单位预算.pdf
2026-03-27 20:16:43,980 [INFO]     下载: 卫生健康委员会_2026年广州市卫生健康委员会部门预算.pdf.pdf
2026-03-27 20:16:44,827 [INFO]     下载: 文化广电旅游体育局_上海市文物保护研究中心2026年度预算.pdf
2026-03-27 20:16:45,136 [INFO]   [上海] ✓ 医疗保障局 (1个链接)
2026-03-27 20:16:45,191 [INFO]   [广州] ✓ 政务服务和数据管理局 (2个链接)
2026-03-27 20:16:45,576 [INFO]   [重庆] ✓ 科技创新局 (8个链接)
2026-03-27 20:16:46,680 [INFO]     下载: 医疗保障局_上海市医疗保险事业管理中心2026年度预算.pdf
2026-03-27 20:16:46,988 [INFO]   [上海] ✓ 退役军人事务局 (1个链接)
2026-03-27 20:16:47,721 [INFO]     下载: 退役军人事务局_上海市退役军人服务中心2026年度预算.pdf
2026-03-27 20:16:47,918 [INFO]     下载: 政务服务和数据管理局_2026年广州市政务服务和数据管理局部门预算.pdf.pdf
2026-03-27 20:16:48,026 [INFO]   [上海] ✓ 信访局 (1个链接)
2026-03-27 20:16:49,111 [INFO]     下载: 信访局_上海市信访办公室单位2026年度预算.pdf
2026-03-27 20:16:49,418 [INFO]   [上海] ✓ 政务服务和数据管理局 (1个链接)
2026-03-27 20:16:49,718 [INFO]   [广州] ✓ 交通运输局 (2个链接)
2026-03-27 20:16:50,148 [INFO]     下载: 政务服务和数据管理局_上海市数据局本级2026年单位预算.pdf
2026-03-27 20:16:50,693 [INFO]     下载: 科技创新局_重庆市科学技术局2026年部门预算情况说明.pdf.pdf
2026-03-27 20:16:50,999 [INFO]   [重庆] ✓ 公安局 (8个链接)
2026-03-27 20:16:51,971 [INFO]     下载: 交通运输局_2026年广州市交通运输局部门预算.pdf
2026-03-27 20:16:53,201 [INFO]   [北京] ✓ 政府办公厅 (1个链接)
2026-03-27 20:16:53,806 [INFO]     下载: 政府办公厅_附件1：北京市人民政府办公厅2026年度部门预算情况说明.pdf
2026-03-27 20:16:54,106 [INFO]   [北京] ✓ 宣传部 (1个链接)
2026-03-27 20:16:54,753 [INFO]     下载: 宣传部_附件1：中国共产党北京市委员会宣传部2026年度部门预算情况说明.pdf
2026-03-27 20:16:55,054 [INFO]   [北京] ✓ 发展和改革局 (1个链接)
2026-03-27 20:16:55,237 [INFO]   [广州] ✓ 生态环境局 (2个链接)
2026-03-27 20:16:55,814 [INFO]   [北京] ✓ 教育局 (1个链接)
2026-03-27 20:16:56,528 [INFO]   [北京] ✓ 工业和信息化局 (1个链接)
2026-03-27 20:16:56,836 [INFO]   [重庆] ✓ 民政局 (8个链接)
2026-03-27 20:16:56,903 [INFO]     下载: 生态环境局_2026年广州市生态环境局部门预算.pdf.pdf
2026-03-27 20:16:57,251 [INFO]   [北京] ✓ 公安局 (1个链接)
2026-03-27 20:16:58,003 [INFO]   [北京] ✓ 民政局 (1个链接)
2026-03-27 20:16:58,708 [INFO]   [北京] ✓ 司法局 (1个链接)
2026-03-27 20:16:59,420 [INFO]   [北京] ✓ 财政局 (1个链接)
2026-03-27 20:16:59,930 [INFO]   [重庆] ✓ 司法局 (8个链接)
2026-03-27 20:17:00,140 [INFO]   [北京] ✓ 人力资源和社会保障局 (1个链接)
2026-03-27 20:17:00,814 [INFO]     下载: 生态环境局_2025年“宪法宣传周.pdf
2026-03-27 20:17:00,867 [INFO]   [北京] ✓ 规划和自然资源局 (1个链接)
2026-03-27 20:17:01,114 [INFO]   [广州] ✓ 应急管理局 (2个链接)
2026-03-27 20:17:01,419 [INFO]     下载: 规划和自然资源局_附件1：北京市规划和自然资源委员会2026年度部门预算情况说明.pdf
2026-03-27 20:17:01,719 [INFO]   [北京] ✓ 生态环境局 (1个链接)
2026-03-27 20:17:02,455 [INFO]   [北京] ✓ 住房和建设局 (1个链接)
2026-03-27 20:17:02,840 [INFO]     下载: 应急管理局_2026年广州市应急管理局部门预算.pdf.pdf
2026-03-27 20:17:02,915 [INFO]   [重庆] ✓ 财政局 (8个链接)
2026-03-27 20:17:03,001 [INFO]     下载: 住房和建设局_附件1：北京市住房和城乡建设委员会2026年度部门预算情况说明.pdf
2026-03-27 20:17:03,301 [INFO]   [北京] ✓ 交通运输局 (1个链接)
2026-03-27 20:17:04,039 [INFO]   [北京] ✓ 水务局 (1个链接)
2026-03-27 20:17:04,194 [INFO]   [广州] ✓ 规划和自然资源局 (2个链接)
2026-03-27 20:17:04,752 [INFO]   [北京] ✓ 商务局 (1个链接)
2026-03-27 20:17:05,470 [INFO]   [北京] ✓ 文化广电旅游体育局 (1个链接)
2026-03-27 20:17:05,594 [INFO]     下载: 规划和自然资源局_2026年广州市规划和自然资源局部门预算.pdf
2026-03-27 20:17:06,099 [INFO]   [重庆] ✓ 规划和自然资源局 (8个链接)
2026-03-27 20:17:06,197 [INFO]   [北京] ✓ 卫生健康委员会 (1个链接)
2026-03-27 20:17:07,022 [INFO]   [北京] ✓ 退役军人事务局 (1个链接)
2026-03-27 20:17:07,333 [INFO]   [广州] ✓ 政府办公厅 (1个链接)
2026-03-27 20:17:07,740 [INFO]   [北京] ✓ 应急管理局 (1个链接)
2026-03-27 20:17:08,511 [INFO]   [北京] ✓ 审计局 (1个链接)
2026-03-27 20:17:08,665 [INFO]     下载: 规划和自然资源局_重庆市规划和自然资源局.pdf
2026-03-27 20:17:08,965 [INFO]   [重庆] ✓ 生态环境局 (8个链接)
2026-03-27 20:17:09,068 [INFO]     下载: 政府办公厅_2026年广州市人民政府办公厅部门预算.pdf.pdf
2026-03-27 20:17:09,219 [INFO]   [北京] ✓ 国有资产监督管理委员会 (1个链接)
2026-03-27 20:17:09,368 [INFO]   [广州] ✓ 教育局 (1个链接)
2026-03-27 20:17:09,965 [INFO]   [北京] ✓ 统计局 (1个链接)
2026-03-27 20:17:10,298 [INFO]   [广州] ✓ 工业和信息化局 (1个链接)
2026-03-27 20:17:10,680 [INFO]   [北京] ✓ 政务服务和数据管理局 (1个链接)
2026-03-27 20:17:11,409 [INFO]   [北京] ✓ 信访局 (1个链接)
2026-03-27 20:17:11,595 [INFO]   [广州] ✓ 公安局 (1个链接)
2026-03-27 20:17:11,952 [INFO]     下载: 信访局_附件1：北京市信访办公室2026年度部门预算情况说明.pdf
2026-03-27 20:17:11,991 [INFO]   [重庆] ✓ 城市管理和综合执法局 (8个链接)
2026-03-27 20:17:12,252 [INFO]   [北京] ✓ 医疗保障局 (1个链接)
2026-03-27 20:17:12,908 [INFO]     下载: 医疗保障局_附件1：北京市医疗保障局2026年度部门预算情况说明.pdf
2026-03-27 20:17:13,208 [INFO]   [北京] ✓ 城市管理和综合执法局 (1个链接)
2026-03-27 20:17:13,933 [INFO]     下载: 城市管理和综合执法局_附件1：北京市城市管理综合行政执法局2026年度部门预算情况说明.pdf
2026-03-27 20:17:14,233 [INFO]   [北京] ✓ 气象局 (1个链接)
2026-03-27 20:17:14,989 [INFO]     下载: 气象局_附件1：北京市气象局2026年度部门预算情况说明.pdf
2026-03-27 20:17:15,289 [INFO]   [北京] ✓ 公安局交通警察局 (1个链接)
2026-03-27 20:17:15,985 [INFO]     下载: 公安局交通警察局_附件1：北京市公安局交通管理局2026年度部门预算情况说明.pdf
2026-03-27 20:17:16,424 [INFO]   [重庆] ✓ 交通运输局 (9个链接)
2026-03-27 20:17:20,197 [INFO]   [重庆] ✓ 水务局 (8个链接)
2026-03-27 20:17:22,870 [INFO]     下载: 水务局_重庆市水利局2026年部门预算情况说明.pdf.pdf
2026-03-27 20:17:22,951 [INFO]   [广州] ✓ 民政局 (1个链接)
2026-03-27 20:17:23,170 [INFO]   [重庆] ✓ 商务局 (8个链接)
2026-03-27 20:17:24,005 [INFO]   [广州] ✓ 司法局 (1个链接)
2026-03-27 20:17:25,164 [INFO]     下载: 司法局_全国人民调解工作规范2024-12-29.pdf
2026-03-27 20:17:25,464 [INFO]   [广州] ✓ 财政局 (1个链接)
2026-03-27 20:17:26,647 [INFO]     下载: 商务局_1、_重庆市商务委员会2026年部门预算情况说明.pdf.pdf
2026-03-27 20:17:26,773 [INFO]   [广州] ✓ 人力资源和社会保障局 (1个链接)
2026-03-27 20:17:26,948 [INFO]   [重庆] ✓ 卫生健康委员会 (9个链接)
2026-03-27 20:17:28,093 [INFO]   [广州] ✓ 住房和建设局 (1个链接)
2026-03-27 20:17:30,275 [INFO]   [重庆] ✓ 退役军人事务局 (10个链接)
2026-03-27 20:17:32,593 [INFO]   [广州] ✓ 水务局 (1个链接)
2026-03-27 20:17:33,671 [INFO]   [广州] ✓ 文化广电旅游体育局 (1个链接)
2026-03-27 20:17:34,154 [INFO]   [重庆] ✓ 审计局 (8个链接)
2026-03-27 20:17:34,740 [INFO]   [广州] ✓ 退役军人事务局 (1个链接)
2026-03-27 20:17:35,751 [INFO]   [广州] ✓ 审计局 (1个链接)
2026-03-27 20:17:36,759 [INFO]   [广州] ✓ 国有资产监督管理委员会 (1个链接)
2026-03-27 20:17:37,599 [INFO]   [重庆] ✓ 国有资产监督管理委员会 (9个链接)
2026-03-27 20:17:37,704 [INFO]   [广州] ✓ 统计局 (1个链接)
2026-03-27 20:17:38,732 [INFO]   [广州] ✓ 医疗保障局 (1个链接)
2026-03-27 20:17:40,460 [INFO]   [广州] ✓ 城市管理和综合执法局 (1个链接)
2026-03-27 20:17:41,376 [INFO]   [重庆] ✓ 市场监督管理局 (7个链接)
2026-03-27 20:17:41,840 [INFO]   [广州] ✓ 信访局 (1个链接)
2026-03-27 20:17:45,444 [INFO]   [重庆] ✓ 统计局 (9个链接)
2026-03-27 20:17:49,035 [INFO]   [重庆] ✓ 医疗保障局 (10个链接)
2026-03-27 20:17:52,188 [INFO]   [重庆] ✓ 信访局 (8个链接)
2026-03-27 20:17:55,155 [INFO]   [重庆] ✓ 工业和信息化局 (8个链接)
2026-03-27 20:17:57,229 [INFO]     下载: 工业和信息化局_重庆市经济和信息化委员会2026年部门预算情况说明.pdf.pdf
2026-03-27 20:17:58,545 [INFO]   [重庆] ✓ 人力资源和社会保障局 (7个链接)
2026-03-27 20:18:02,684 [INFO]   [重庆] ✓ 住房和建设局 (7个链接)
2026-03-27 20:18:06,276 [INFO]   [重庆] ✓ 文化广电旅游体育局 (7个链接)
2026-03-27 20:18:09,865 [INFO]   [重庆] ✓ 宣传部 (7个链接)
2026-03-27 20:18:11,886 [INFO]     下载: 宣传部_1．中共重庆市委宣传部.pdf
2026-03-27 20:18:13,581 [INFO]   [重庆] ✓ 气象局 (7个链接)
2026-03-27 20:18:15,031 [INFO]     下载: 气象局_重庆市气象局2026年部门预算情况说明.pdf.pdf
2026-03-27 20:18:16,306 [INFO]   [重庆] ✓ 教育局 (6个链接)
2026-03-27 20:20:02,189 [INFO] 开始爬取 100 个城市, 32个目标部门
2026-03-27 20:20:02,190 [INFO] 并发数: 5
2026-03-27 20:20:02,190 [INFO] ==================================================
2026-03-27 20:20:02,190 [INFO] [1] 上海
2026-03-27 20:20:02,190 [INFO] ==================================================
2026-03-27 20:20:02,190 [INFO]   [上海] 扫描: http://www.shanghai.gov.cn/bmys-26-002/index.html
2026-03-27 20:20:02,691 [INFO] ==================================================
2026-03-27 20:20:02,691 [INFO] [2] 北京
2026-03-27 20:20:02,691 [INFO] ==================================================
2026-03-27 20:20:02,691 [INFO]   [北京] 扫描: http://www.beijing.gov.cn/gongkai/caizheng/czzt/2026ys/index.html
2026-03-27 20:20:03,191 [INFO] ==================================================
2026-03-27 20:20:03,191 [INFO] [3] 深圳
2026-03-27 20:20:03,192 [INFO] ==================================================
2026-03-27 20:20:03,192 [INFO]   [深圳] 扫描: http://www.sz.gov.cn/cn/xxgk/zfxxgj/zjxx/gbmczyjs/
2026-03-27 20:20:03,692 [INFO] ==================================================
2026-03-27 20:20:03,692 [INFO] [4] 重庆
2026-03-27 20:20:03,693 [INFO] ==================================================
2026-03-27 20:20:03,693 [INFO]   [重庆] 扫描: http://www.cq.gov.cn/zwgk/zfxxgkzl/fdzdgknr/ysjs/szfbgtjszfbmyjsqk/ys/
2026-03-27 20:20:03,820 [INFO]   [上海] ✓ 政府办公厅 (1个链接)
2026-03-27 20:20:04,219 [INFO] ==================================================
2026-03-27 20:20:04,229 [INFO] [5] 广州
2026-03-27 20:20:04,234 [INFO] ==================================================
2026-03-27 20:20:04,255 [INFO]   [广州] 扫描: http://www.gz.gov.cn/zwgk/zdly/czzj/bmyjshsgjf/ys/2026n/index.html
2026-03-27 20:20:04,792 [INFO]   [上海] ✓ 发展和改革局 (1个链接)
2026-03-27 20:20:06,419 [INFO]   [上海] ✓ 工业和信息化局 (1个链接)
2026-03-27 20:20:07,778 [INFO]   [上海] ✓ 商务局 (1个链接)
2026-03-27 20:20:08,375 [INFO]   [深圳] 找到太少(2)，再扫描官网首页
2026-03-27 20:20:08,512 [INFO]   [深圳] ✓ 规划和自然资源局 (7个链接)
2026-03-27 20:20:08,618 [INFO]   [上海] ✓ 教育局 (1个链接)
2026-03-27 20:20:09,383 [INFO]   [上海] ✓ 公安局 (1个链接)
2026-03-27 20:20:10,601 [INFO]   [上海] ✓ 民政局 (1个链接)
2026-03-27 20:20:12,217 [INFO]   [上海] ✓ 司法局 (1个链接)
2026-03-27 20:20:12,286 [INFO]   [深圳] ✓ 市场监督管理局 (1个链接)
2026-03-27 20:20:13,001 [INFO]   [上海] ✓ 财政局 (1个链接)
2026-03-27 20:20:13,015 [INFO]   [深圳] ✓ 商务局 (1个链接)
2026-03-27 20:20:13,391 [INFO]   [重庆] ✓ 应急管理局 (9个链接)
2026-03-27 20:20:13,703 [INFO]   [上海] ✓ 人力资源和社会保障局 (1个链接)
2026-03-27 20:20:14,763 [INFO]   [深圳] ✓ 教育局 (1个链接)
2026-03-27 20:20:14,845 [INFO]   [上海] ✓ 住房和建设局 (1个链接)
2026-03-27 20:20:15,637 [INFO]   [上海] ✓ 交通运输局 (1个链接)
2026-03-27 20:20:16,805 [INFO] ==================================================
2026-03-27 20:20:16,805 [INFO] [6] 苏州
2026-03-27 20:20:16,805 [INFO] ==================================================
2026-03-27 20:20:16,805 [INFO]   [苏州] 扫描: http://www.suzhou.gov.cn/szsrmzf/sjzfbmczyjs/xxgkzdly.shtml
2026-03-27 20:20:16,843 [INFO]   [上海] ✓ 生态环境局 (1个链接)
2026-03-27 20:20:17,586 [INFO]   [上海] ✓ 规划和自然资源局 (1个链接)
2026-03-27 20:20:17,917 [INFO]   [重庆] ✓ 政府办公厅 (7个链接)
2026-03-27 20:20:18,691 [INFO]   [上海] ✓ 水务局 (1个链接)
2026-03-27 20:20:19,320 [INFO]   [广州] ✓ 市场监督管理局 (2个链接)
2026-03-27 20:20:20,833 [INFO]   [上海] ✓ 卫生健康委员会 (1个链接)
2026-03-27 20:20:21,603 [INFO]   [上海] ✓ 审计局 (1个链接)
2026-03-27 20:20:21,793 [INFO]   [重庆] ✓ 发展和改革局 (9个链接)
2026-03-27 20:20:22,515 [INFO]   [广州] ✓ 商务局 (2个链接)
2026-03-27 20:20:23,633 [INFO]   [上海] ✓ 国有资产监督管理委员会 (1个链接)
2026-03-27 20:20:24,835 [INFO]   [上海] ✓ 统计局 (1个链接)
2026-03-27 20:20:25,608 [INFO]   [上海] ✓ 应急管理局 (1个链接)
2026-03-27 20:20:26,770 [INFO]   [上海] ✓ 文化广电旅游体育局 (2个链接)
2026-03-27 20:20:27,002 [INFO]   [广州] ✓ 科技创新局 (2个链接)
2026-03-27 20:20:28,356 [INFO]   [上海] ✓ 医疗保障局 (1个链接)
2026-03-27 20:20:29,522 [INFO]   [上海] ✓ 退役军人事务局 (1个链接)
2026-03-27 20:20:29,922 [INFO]   [广州] ✓ 发展和改革局 (2个链接)
2026-03-27 20:20:29,995 [INFO]   [重庆] ✓ 科技创新局 (8个链接)
2026-03-27 20:20:31,338 [INFO]   [上海] ✓ 信访局 (1个链接)
2026-03-27 20:20:32,108 [INFO]   [上海] ✓ 政务服务和数据管理局 (1个链接)
2026-03-27 20:20:34,154 [INFO] ==================================================
2026-03-27 20:20:34,164 [INFO] [7] 成都
2026-03-27 20:20:34,175 [INFO] ==================================================
2026-03-27 20:20:34,185 [INFO]   [成都] 扫描: http://www.chengdu.gov.cn/gkml/czyjs/column-index-1.shtml
2026-03-27 20:20:34,434 [INFO]   [广州] ✓ 卫生健康委员会 (2个链接)
2026-03-27 20:20:34,514 [INFO]   [成都] 找到太少(0)，再扫描官网首页
2026-03-27 20:20:34,676 [INFO] ==================================================
2026-03-27 20:20:34,676 [INFO] [8] 杭州
2026-03-27 20:20:34,677 [INFO] ==================================================
2026-03-27 20:20:34,677 [INFO]   [杭州] 扫描: http://www.hangzhou.gov.cn/col/col1229063412/index.html
2026-03-27 20:20:35,852 [INFO]   [重庆] ✓ 公安局 (8个链接)
2026-03-27 20:20:37,980 [INFO]   [广州] ✓ 政务服务和数据管理局 (2个链接)
2026-03-27 20:20:44,766 [INFO]   [广州] ✓ 交通运输局 (2个链接)
2026-03-27 20:20:47,788 [INFO]   [重庆] ✓ 民政局 (8个链接)
2026-03-27 20:20:49,841 [INFO]   [广州] ✓ 生态环境局 (2个链接)
2026-03-27 20:20:53,412 [ERROR] [成都] 异常: 'completed'
2026-03-27 20:20:53,483 [ERROR] [上海] 异常: 'completed'
2026-03-27 20:20:53,483 [ERROR] [深圳] 异常: 'completed'
2026-03-27 20:20:54,092 [INFO]   [广州] ✓ 应急管理局 (2个链接)
2026-03-27 20:20:54,547 [INFO]   [重庆] ✓ 司法局 (8个链接)
2026-03-27 20:20:57,825 [INFO]   [广州] ✓ 规划和自然资源局 (2个链接)
2026-03-27 20:21:02,605 [INFO]   [广州] ✓ 政府办公厅 (1个链接)
2026-03-27 20:21:02,655 [INFO]   [重庆] ✓ 财政局 (8个链接)
2026-03-27 20:21:06,289 [INFO]   [苏州] ✓ 市场监督管理局 (1个链接)
2026-03-27 20:21:06,600 [INFO]   [广州] ✓ 教育局 (1个链接)
2026-03-27 20:21:07,805 [INFO]   [苏州] ✓ 规划和自然资源局 (4个链接)
2026-03-27 20:21:07,811 [INFO]   [广州] ✓ 工业和信息化局 (1个链接)
2026-03-27 20:21:09,839 [INFO]     下载: 规划和自然资源局_苏州市自然资源和规划局（本级）2026年度单位预算公开.pdf
2026-03-27 20:21:10,364 [INFO]   [广州] ✓ 公安局 (1个链接)
2026-03-27 20:21:11,290 [INFO]   [北京] ✓ 政府办公厅 (1个链接)
2026-03-27 20:21:11,806 [INFO]   [广州] ✓ 民政局 (1个链接)
2026-03-27 20:21:12,068 [INFO]   [重庆] ✓ 规划和自然资源局 (8个链接)
2026-03-27 20:21:12,076 [INFO]   [北京] ✓ 宣传部 (1个链接)
2026-03-27 20:21:12,376 [INFO]     下载: 规划和自然资源局_苏州市自然资源和规划局2026年度部门预算公开.pdf
2026-03-27 20:21:12,676 [INFO]   [苏州] ✓ 交通运输局 (2个链接)
2026-03-27 20:21:12,821 [INFO]   [广州] ✓ 司法局 (1个链接)
2026-03-27 20:21:12,824 [INFO]   [北京] ✓ 发展和改革局 (1个链接)
2026-03-27 20:21:14,125 [INFO]   [北京] ✓ 教育局 (1个链接)
2026-03-27 20:21:14,224 [INFO]   [广州] ✓ 财政局 (1个链接)
2026-03-27 20:21:14,478 [INFO]     下载: 交通运输局_苏州市交通运输局2026年度部门预算公开.pdf
2026-03-27 20:21:15,013 [INFO]   [北京] ✓ 工业和信息化局 (1个链接)
2026-03-27 20:21:15,499 [INFO]   [重庆] ✓ 生态环境局 (8个链接)
2026-03-27 20:21:15,769 [INFO]   [北京] ✓ 公安局 (1个链接)
2026-03-27 20:21:15,828 [INFO]   [广州] ✓ 人力资源和社会保障局 (1个链接)
2026-03-27 20:21:15,939 [INFO]   [苏州] ✓ 科技创新局 (4个链接)
2026-03-27 20:21:16,977 [INFO]   [北京] ✓ 民政局 (1个链接)
2026-03-27 20:21:17,352 [INFO]   [广州] ✓ 住房和建设局 (1个链接)
2026-03-27 20:21:17,712 [INFO]   [北京] ✓ 司法局 (1个链接)
2026-03-27 20:21:19,185 [INFO]   [北京] ✓ 财政局 (1个链接)
2026-03-27 20:21:19,644 [INFO]   [重庆] ✓ 城市管理和综合执法局 (8个链接)
2026-03-27 20:21:19,684 [INFO]     下载: 科技创新局_苏州市科学技术局2026年度单位预算公开.pdf
2026-03-27 20:21:19,988 [INFO]   [广州] ✓ 水务局 (1个链接)
2026-03-27 20:21:19,988 [INFO]   [苏州] ✓ 水务局 (2个链接)
2026-03-27 20:21:19,988 [INFO]   [北京] ✓ 人力资源和社会保障局 (1个链接)
2026-03-27 20:21:21,002 [INFO]   [北京] ✓ 规划和自然资源局 (1个链接)
2026-03-27 20:21:21,626 [INFO]     下载: 水务局_苏州市水务局2026年度单位预算公开.pdf
2026-03-27 20:21:22,346 [INFO]   [北京] ✓ 生态环境局 (1个链接)
2026-03-27 20:21:23,023 [INFO]   [苏州] ✓ 生态环境局 (4个链接)
2026-03-27 20:21:23,075 [INFO]   [北京] ✓ 住房和建设局 (1个链接)
2026-03-27 20:21:23,545 [INFO]   [重庆] ✓ 交通运输局 (9个链接)
2026-03-27 20:21:24,336 [INFO]   [北京] ✓ 交通运输局 (1个链接)
2026-03-27 20:21:25,067 [INFO]   [北京] ✓ 水务局 (1个链接)
2026-03-27 20:21:25,987 [INFO]   [北京] ✓ 商务局 (1个链接)
2026-03-27 20:21:27,125 [INFO]   [北京] ✓ 文化广电旅游体育局 (1个链接)
2026-03-27 20:21:27,411 [INFO]   [重庆] ✓ 水务局 (8个链接)
2026-03-27 20:21:27,851 [INFO]   [北京] ✓ 卫生健康委员会 (1个链接)
2026-03-27 20:21:28,570 [INFO]   [北京] ✓ 退役军人事务局 (1个链接)
2026-03-27 20:21:29,481 [INFO]   [北京] ✓ 应急管理局 (1个链接)
2026-03-27 20:21:30,230 [INFO]   [北京] ✓ 审计局 (1个链接)
2026-03-27 20:21:31,364 [INFO]   [北京] ✓ 国有资产监督管理委员会 (1个链接)
2026-03-27 20:21:31,401 [INFO]   [重庆] ✓ 商务局 (8个链接)
2026-03-27 20:21:32,488 [INFO]   [北京] ✓ 统计局 (1个链接)
2026-03-27 20:21:33,210 [INFO]   [北京] ✓ 政务服务和数据管理局 (1个链接)
2026-03-27 20:21:34,005 [INFO]   [北京] ✓ 信访局 (1个链接)
2026-03-27 20:21:34,522 [INFO]     下载: 生态环境局_苏州市生态环境局2026年度项目支出绩效目标.pdf
2026-03-27 20:21:35,497 [INFO]   [北京] ✓ 医疗保障局 (1个链接)
2026-03-27 20:21:35,910 [INFO]   [重庆] ✓ 卫生健康委员会 (9个链接)
2026-03-27 20:21:36,245 [INFO]   [北京] ✓ 城市管理和综合执法局 (1个链接)
2026-03-27 20:21:37,370 [INFO]   [北京] ✓ 气象局 (1个链接)
2026-03-27 20:21:38,149 [INFO]   [北京] ✓ 公安局交通警察局 (1个链接)
2026-03-27 20:21:38,892 [ERROR] [北京] 异常: 'completed'
2026-03-27 20:21:38,897 [INFO] ==================================================
2026-03-27 20:21:38,902 [INFO] [9] 武汉
2026-03-27 20:21:38,902 [INFO] ==================================================
2026-03-27 20:21:38,902 [INFO]   [武汉] 扫描: http://www.wuhan.gov.cn/ztzl/yjs/2026/
2026-03-27 20:21:40,408 [INFO]     下载: 生态环境局_苏州市生态环境局2026年度部门整体支出绩效目标.pdf
2026-03-27 20:21:40,910 [INFO]   [武汉] ✓ 发展和改革局 (2个链接)
2026-03-27 20:21:41,062 [INFO]   [重庆] ✓ 退役军人事务局 (10个链接)
2026-03-27 20:21:41,806 [INFO]     下载: 生态环境局_苏州市生态环境局2026年度单位预算公开.pdf
2026-03-27 20:21:42,114 [INFO]   [苏州] ✓ 政务服务和数据管理局 (2个链接)
2026-03-27 20:21:43,118 [INFO]   [杭州] 找到太少(4)，再扫描官网首页
2026-03-27 20:21:43,662 [INFO]     下载: 政务服务和数据管理局_苏州市数据局2026年度部门预算公开.pdf
2026-03-27 20:21:44,417 [INFO]   [武汉] ✓ 工业和信息化局 (2个链接)
2026-03-27 20:21:44,685 [INFO]   [广州] ✓ 文化广电旅游体育局 (1个链接)
2026-03-27 20:21:45,079 [INFO]   [苏州] ✓ 审计局 (2个链接)
2026-03-27 20:21:45,966 [INFO]   [重庆] ✓ 审计局 (8个链接)
2026-03-27 20:21:46,080 [INFO]     下载: 审计局_苏州市审计局2026年度部门预算公开.pdf
2026-03-27 20:21:46,884 [INFO]   [武汉] ✓ 人力资源和社会保障局 (2个链接)
2026-03-27 20:21:47,083 [INFO]   [广州] ✓ 退役军人事务局 (1个链接)
2026-03-27 20:21:47,544 [INFO]   [苏州] ✓ 应急管理局 (2个链接)
2026-03-27 20:21:48,101 [INFO]   [广州] ✓ 审计局 (1个链接)
2026-03-27 20:21:48,511 [INFO]     下载: 应急管理局_2026年度苏州市应急管理局部门预算公开.pdf
2026-03-27 20:21:48,918 [INFO]   [重庆] ✓ 国有资产监督管理委员会 (9个链接)
2026-03-27 20:21:49,106 [INFO]   [广州] ✓ 国有资产监督管理委员会 (1个链接)
2026-03-27 20:21:49,431 [INFO]   [武汉] ✓ 住房和建设局 (1个链接)
2026-03-27 20:21:49,991 [INFO]   [苏州] ✓ 发展和改革局 (1个链接)
2026-03-27 20:21:50,101 [INFO]   [广州] ✓ 统计局 (1个链接)
2026-03-27 20:21:51,136 [INFO]   [广州] ✓ 医疗保障局 (1个链接)
2026-03-27 20:21:51,171 [INFO]   [武汉] ✓ 文化广电旅游体育局 (2个链接)
2026-03-27 20:21:51,185 [INFO]   [苏州] ✓ 教育局 (1个链接)
2026-03-27 20:21:52,118 [INFO]   [杭州] ✓ 公安局 (1个链接)
2026-03-27 20:21:52,202 [INFO]   [重庆] ✓ 市场监督管理局 (7个链接)
2026-03-27 20:21:52,244 [INFO]   [苏州] ✓ 工业和信息化局 (1个链接)
2026-03-27 20:21:52,770 [INFO]   [广州] ✓ 城市管理和综合执法局 (1个链接)
2026-03-27 20:21:52,834 [INFO]     下载: 公安局_杭州市公安局2026年部门预算（汇总）.pdf.pdf
2026-03-27 20:21:53,135 [INFO]   [杭州] ✓ 交通运输局 (1个链接)
2026-03-27 20:21:53,423 [INFO]   [苏州] ✓ 公安局 (1个链接)
2026-03-27 20:21:53,432 [INFO]   [武汉] ✓ 卫生健康委员会 (2个链接)
2026-03-27 20:21:53,839 [INFO]     下载: 交通运输局_杭州市交通运输局2026年度部门预算（汇总）.pdf.pdf
2026-03-27 20:21:54,144 [INFO]   [杭州] ✓ 司法局 (1个链接)
2026-03-27 20:21:54,480 [INFO]   [苏州] ✓ 民政局 (1个链接)
2026-03-27 20:21:54,881 [INFO]     下载: 司法局_杭州市司法局2026年部门预算（汇总）.pdf.pdf
2026-03-27 20:21:55,182 [INFO]   [杭州] ✓ 气象局 (1个链接)
2026-03-27 20:21:55,427 [INFO]   [武汉] ✓ 退役军人事务局 (2个链接)
2026-03-27 20:21:55,599 [INFO]   [苏州] ✓ 司法局 (1个链接)
2026-03-27 20:21:55,846 [INFO]     下载: 气象局_2026年杭州市气象局部门预算公开.pdf.pdf
2026-03-27 20:21:56,090 [INFO]   [重庆] ✓ 统计局 (9个链接)
2026-03-27 20:21:56,147 [INFO]   [杭州] ✓ 政府办公厅 (5个链接)
2026-03-27 20:21:56,702 [INFO]   [苏州] ✓ 财政局 (1个链接)
2026-03-27 20:21:57,752 [INFO]   [武汉] ✓ 国有资产监督管理委员会 (2个链接)
2026-03-27 20:21:58,052 [INFO]   [苏州] ✓ 人力资源和社会保障局 (1个链接)
2026-03-27 20:21:58,574 [INFO]     下载: 政府办公厅_杭州市人民政府办公厅关于印发全面加强新时代消防安全工作实施办法的通知.pdf.pdf
2026-03-27 20:21:58,874 [ERROR] [杭州] 异常: 'completed'
2026-03-27 20:21:58,875 [INFO] ==================================================
2026-03-27 20:21:58,875 [INFO] [10] 南京
2026-03-27 20:21:58,875 [INFO] ==================================================
2026-03-27 20:21:58,875 [INFO]   [南京] 扫描: http://www.nanjing.gov.cn/site/zgnj/search.html?searchWord=2026%20%E9%A2%84%E7%AE%97&siteId=10&pageSize=10&searchWord2=2026%20%E9%A2%84%E7%AE%97
2026-03-27 20:21:59,037 [INFO]   [南京] 找到太少(0)，再扫描官网首页
2026-03-27 20:21:59,124 [INFO]   [苏州] ✓ 住房和建设局 (1个链接)
2026-03-27 20:21:59,153 [ERROR] [南京] 异常: 'completed'
2026-03-27 20:21:59,154 [INFO] ==================================================
2026-03-27 20:21:59,154 [INFO] [11] 宁波
2026-03-27 20:21:59,154 [INFO] ==================================================
2026-03-27 20:21:59,154 [INFO]   [宁波] 扫描: http://yjs.czj.ningbo.gov.cn/gkxxzl/nbcs/budget/main
2026-03-27 20:21:59,828 [INFO]   [武汉] ✓ 市场监督管理局 (2个链接)
2026-03-27 20:22:00,295 [INFO]   [苏州] ✓ 城市管理和综合执法局 (1个链接)
2026-03-27 20:22:00,329 [INFO]   [重庆] ✓ 医疗保障局 (10个链接)
2026-03-27 20:22:02,012 [INFO]   [苏州] ✓ 商务局 (1个链接)
2026-03-27 20:22:02,374 [INFO]   [武汉] ✓ 信访局 (2个链接)
2026-03-27 20:22:03,070 [INFO]   [苏州] ✓ 卫生健康委员会 (1个链接)
2026-03-27 20:22:03,138 [INFO]     下载: 信访局_国家信访局2024年度部门决算公开.pdf
2026-03-27 20:22:03,437 [INFO]   [重庆] ✓ 信访局 (8个链接)
2026-03-27 20:22:04,168 [INFO]   [苏州] ✓ 退役军人事务局 (1个链接)
2026-03-27 20:22:04,481 [INFO]   [武汉] ✓ 统计局 (2个链接)
2026-03-27 20:22:05,147 [INFO]   [苏州] ✓ 国有资产监督管理委员会 (1个链接)
2026-03-27 20:22:05,999 [INFO]   [宁波] 找到太少(1)，再扫描官网首页
2026-03-27 20:22:06,275 [INFO]   [苏州] ✓ 统计局 (1个链接)
2026-03-27 20:22:07,156 [INFO]   [重庆] ✓ 工业和信息化局 (8个链接)
2026-03-27 20:22:07,253 [INFO]   [武汉] ✓ 医疗保障局 (2个链接)
2026-03-27 20:22:07,301 [INFO]   [苏州] ✓ 医疗保障局 (1个链接)
2026-03-27 20:22:08,471 [INFO]   [苏州] ✓ 信访局 (1个链接)
2026-03-27 20:22:09,309 [INFO]   [武汉] ✓ 气象局 (1个链接)
2026-03-27 20:22:09,733 [INFO]   [苏州] ✓ 宣传部 (1个链接)
2026-03-27 20:22:11,871 [INFO]   [苏州] ✓ 气象局 (1个链接)
2026-03-27 20:22:12,094 [INFO]   [武汉] ✓ 教育局 (1个链接)
2026-03-27 20:22:12,094 [INFO]   [重庆] ✓ 人力资源和社会保障局 (7个链接)
2026-03-27 20:22:12,686 [INFO] ==================================================
2026-03-27 20:22:12,691 [ERROR] [苏州] 异常: 'completed'
2026-03-27 20:22:12,691 [INFO] [12] 天津
2026-03-27 20:22:12,692 [INFO] ==================================================
2026-03-27 20:22:12,692 [INFO]   [天津] 扫描: http://cz.tj.gov.cn/zwgk_53713/yjsgktypt/ysgk/2026bmys/
2026-03-27 20:22:13,421 [INFO]   [武汉] ✓ 科技创新局 (1个链接)
2026-03-27 20:22:13,494 [INFO]   [宁波] ✓ 民政局 (1个链接)
2026-03-27 20:22:14,453 [INFO]   [武汉] ✓ 公安局 (1个链接)
2026-03-27 20:22:14,581 [INFO]   [重庆] ✓ 住房和建设局 (7个链接)
2026-03-27 20:22:14,752 [INFO]   [宁波] ✓ 公安局 (2个链接)
2026-03-27 20:22:15,269 [INFO]   [广州] ✓ 信访局 (1个链接)
2026-03-27 20:22:16,424 [ERROR] [广州] 异常: 'completed'
2026-03-27 20:22:16,424 [INFO] ==================================================
2026-03-27 20:22:16,424 [INFO] [13] 青岛
2026-03-27 20:22:16,424 [INFO] ==================================================
2026-03-27 20:22:16,424 [INFO]   [青岛] 扫描: http://www.qingdao.gov.cn/zwgk/search.shtml?searchWord=2026%20%E9%A2%84%E7%AE%97
2026-03-27 20:22:16,609 [INFO]   [宁波] ✓ 发展和改革局 (2个链接)
2026-03-27 20:22:16,674 [INFO]   [青岛] 找到太少(0)，再扫描官网首页
2026-03-27 20:22:18,881 [INFO]   [宁波] ✓ 工业和信息化局 (1个链接)
2026-03-27 20:22:19,919 [INFO]   [青岛] ✓ 政府办公厅 (3个链接)
2026-03-27 20:22:19,952 [INFO]   [宁波] ✓ 教育局 (1个链接)
2026-03-27 20:22:20,690 [INFO]   [重庆] ✓ 文化广电旅游体育局 (7个链接)
2026-03-27 20:22:21,065 [INFO]   [宁波] ✓ 科技创新局 (1个链接)
2026-03-27 20:22:22,155 [INFO]   [宁波] ✓ 司法局 (1个链接)
2026-03-27 20:22:22,618 [INFO]   [青岛] ✓ 应急管理局 (3个链接)
2026-03-27 20:22:23,037 [INFO]   [宁波] ✓ 财政局 (1个链接)
2026-03-27 20:22:24,061 [INFO]   [宁波] ✓ 规划和自然资源局 (1个链接)
2026-03-27 20:22:24,564 [INFO]   [重庆] ✓ 宣传部 (7个链接)
2026-03-27 20:22:24,993 [INFO]   [宁波] ✓ 生态环境局 (1个链接)
2026-03-27 20:22:25,653 [INFO] ==================================================
2026-03-27 20:22:25,653 [ERROR] [青岛] 异常: 'completed'
2026-03-27 20:22:25,653 [INFO] [14] 无锡
2026-03-27 20:22:25,653 [INFO] ==================================================
2026-03-27 20:22:25,653 [INFO]   [无锡] 扫描: http://www.wuxi.gov.cn/zfxxgk/szfxxgkml/czxx/zfbmczyjs/index.shtml
2026-03-27 20:22:25,662 [INFO]   [天津] ✓ 统计局 (1个链接)
2026-03-27 20:22:25,940 [INFO]   [宁波] ✓ 住房和建设局 (1个链接)
2026-03-27 20:22:27,570 [INFO]   [天津] ✓ 住房和建设局 (1个链接)
2026-03-27 20:22:27,581 [INFO]   [宁波] ✓ 交通运输局 (1个链接)
2026-03-27 20:22:27,662 [INFO]   [重庆] ✓ 气象局 (7个链接)
2026-03-27 20:22:28,722 [INFO]   [宁波] ✓ 水务局 (1个链接)
2026-03-27 20:22:29,405 [INFO]   [天津] ✓ 人力资源和社会保障局 (1个链接)
2026-03-27 20:22:29,704 [INFO]   [宁波] ✓ 商务局 (1个链接)
2026-03-27 20:22:30,634 [INFO]   [重庆] ✓ 教育局 (6个链接)
2026-03-27 20:22:30,873 [INFO]   [宁波] ✓ 卫生健康委员会 (1个链接)
2026-03-27 20:22:31,121 [INFO]   [天津] ✓ 工业和信息化局 (1个链接)
2026-03-27 20:22:31,821 [INFO]   [宁波] ✓ 退役军人事务局 (1个链接)
2026-03-27 20:22:32,431 [INFO]   [无锡] ✓ 政府办公厅 (1个链接)
2026-03-27 20:22:32,797 [INFO]   [天津] ✓ 应急管理局 (1个链接)
2026-03-27 20:22:32,830 [INFO]   [宁波] ✓ 应急管理局 (1个链接)
2026-03-27 20:22:33,219 [INFO]   [无锡] ✓ 教育局 (2个链接)
2026-03-27 20:22:33,321 [ERROR] [重庆] 异常: 'completed'
2026-03-27 20:22:33,321 [INFO] ==================================================
2026-03-27 20:22:33,321 [INFO] [15] 长沙
2026-03-27 20:22:33,321 [INFO] ==================================================
2026-03-27 20:22:33,321 [INFO]   [长沙] 扫描: http://www.changsha.gov.cn/szf/ztzl/ysgk/
2026-03-27 20:22:33,844 [INFO]   [宁波] ✓ 审计局 (1个链接)
2026-03-27 20:22:33,969 [INFO]     下载: 教育局_无锡市教育局（本级）2026年度单位预算公开.pdf.pdf
2026-03-27 20:22:34,512 [INFO]   [天津] ✓ 商务局 (1个链接)
2026-03-27 20:22:34,687 [INFO]   [宁波] ✓ 国有资产监督管理委员会 (1个链接)
2026-03-27 20:22:35,077 [INFO]   [无锡] ✓ 水务局 (3个链接)
2026-03-27 20:22:35,457 [INFO]   [武汉] ✓ 民政局 (1个链接)
2026-03-27 20:22:35,696 [INFO]   [宁波] ✓ 市场监督管理局 (1个链接)
2026-03-27 20:22:36,162 [ERROR] [天津] 异常: 'completed'
2026-03-27 20:22:36,162 [INFO] ==================================================
2026-03-27 20:22:36,162 [INFO] [16] 郑州
2026-03-27 20:22:36,162 [INFO] ==================================================
2026-03-27 20:22:36,162 [INFO]   [郑州] 扫描: http://public.zhengzhou.gov.cn/?a=dir&h=1&p=D1901&c=177950&f=177991
2026-03-27 20:22:36,265 [INFO]   [武汉] ✓ 司法局 (1个链接)
2026-03-27 20:22:36,718 [INFO]   [宁波] ✓ 统计局 (1个链接)
2026-03-27 20:22:37,285 [INFO]   [武汉] ✓ 财政局 (1个链接)
2026-03-27 20:22:37,486 [INFO]   [无锡] ✓ 住房和建设局 (3个链接)
2026-03-27 20:22:37,698 [INFO]   [宁波] ✓ 医疗保障局 (1个链接)
2026-03-27 20:22:38,631 [INFO]   [宁波] ✓ 政务服务和数据管理局 (1个链接)
2026-03-27 20:22:38,631 [INFO]   [武汉] ✓ 生态环境局 (1个链接)
2026-03-27 20:22:41,050 [INFO]   [武汉] ✓ 城市管理和综合执法局 (1个链接)
2026-03-27 20:22:41,076 [INFO]   [宁波] ✓ 信访局 (1个链接)
2026-03-27 20:22:42,106 [INFO]     下载: 住房和建设局_无锡市住房和城乡建设局（本级）2026年度单位预算公开.pdf.pdf
2026-03-27 20:22:42,255 [INFO]   [宁波] ✓ 政府办公厅 (1个链接)
2026-03-27 20:22:43,085 [INFO]   [武汉] ✓ 交通运输局 (1个链接)
2026-03-27 20:22:43,303 [ERROR] [宁波] 异常: 'completed'
2026-03-27 20:22:43,309 [INFO] ==================================================
2026-03-27 20:22:43,329 [INFO] [17] 福州
2026-03-27 20:22:43,335 [INFO] ==================================================
2026-03-27 20:22:43,345 [INFO]   [福州] 扫描: http://www.fuzhou.gov.cn/zgfzzt/czzj/bmndyjs/bmysgk/
2026-03-27 20:22:45,444 [INFO]   [无锡] ✓ 交通运输局 (2个链接)
2026-03-27 20:22:45,823 [INFO]   [武汉] ✓ 水务局 (1个链接)
2026-03-27 20:22:46,543 [INFO]   [长沙] ✓ 宣传部 (1个链接)
2026-03-27 20:22:47,398 [INFO]     下载: 交通运输局_无锡市交通运输局（本级）2026年度单位预算公开.pdf.pdf
2026-03-27 20:22:48,174 [INFO]   [长沙] ✓ 政府办公厅 (1个链接)
2026-03-27 20:22:49,073 [INFO]   [武汉] ✓ 商务局 (1个链接)
2026-03-27 20:22:49,892 [INFO]   [长沙] ✓ 发展和改革局 (1个链接)
2026-03-27 20:22:49,907 [INFO]   [无锡] ✓ 统计局 (3个链接)
2026-03-27 20:22:51,039 [INFO]   [长沙] ✓ 教育局 (1个链接)
2026-03-27 20:22:51,151 [INFO]   [武汉] ✓ 应急管理局 (1个链接)
2026-03-27 20:22:51,254 [INFO]     下载: 统计局_无锡市统计局2026年度部门预算公开.pdf.pdf
2026-03-27 20:22:52,254 [INFO]   [武汉] ✓ 审计局 (1个链接)
2026-03-27 20:22:52,930 [INFO]     下载: 教育局_长沙职业教育基地综合协调办公室2026年部门预算公开.pdf
2026-03-27 20:22:53,127 [INFO]   [武汉] ✓ 政务服务和数据管理局 (1个链接)
2026-03-27 20:22:53,210 [INFO]   [无锡] ✓ 城市管理和综合执法局 (2个链接)
2026-03-27 20:22:53,230 [INFO]   [长沙] ✓ 科技创新局 (1个链接)
2026-03-27 20:22:55,115 [INFO]   [长沙] ✓ 工业和信息化局 (1个链接)
2026-03-27 20:22:56,402 [INFO] ==================================================
2026-03-27 20:22:56,402 [INFO] [18] 济南
2026-03-27 20:22:56,402 [INFO] ==================================================
2026-03-27 20:22:56,402 [INFO]   [济南] 扫描: http://www.jinan.gov.cn/col/col55590/index.html?jh=263
2026-03-27 20:22:56,403 [ERROR] [武汉] 异常: 'completed'
2026-03-27 20:22:56,770 [INFO]   [无锡] ✓ 应急管理局 (6个链接)
2026-03-27 20:22:57,463 [INFO]   [长沙] ✓ 公安局 (1个链接)
2026-03-27 20:22:59,241 [INFO]     下载: 公安局_长沙市公安局（本级）2025年部门预算公开.pdf
2026-03-27 20:22:59,544 [INFO]   [长沙] ✓ 民政局 (1个链接)
2026-03-27 20:23:02,030 [INFO]   [长沙] ✓ 司法局 (1个链接)
2026-03-27 20:23:03,207 [INFO]   [长沙] ✓ 财政局 (5个链接)
2026-03-27 20:23:04,406 [INFO]   [济南] ✓ 政府办公厅 (1个链接)
2026-03-27 20:23:05,335 [INFO]   [无锡] ✓ 宣传部 (1个链接)
2026-03-27 20:23:05,510 [INFO]   [济南] ✓ 发展和改革局 (1个链接)
2026-03-27 20:23:06,172 [INFO]   [无锡] ✓ 发展和改革局 (1个链接)
2026-03-27 20:23:07,768 [INFO]     下载: 财政局_长财金指〔2025〕6号--长沙市财政局关于下达2025年普惠金融发展专项资金预算的通知.pdf.pdf
2026-03-27 20:23:08,427 [INFO]   [福州] ✓ 公安局交通警察局 (2个链接)
2026-03-27 20:23:10,367 [INFO]   [无锡] ✓ 科技创新局 (1个链接)
2026-03-27 20:23:10,809 [INFO]     下载: 公安局交通警察局_2026年度福州市公安局交通管理支队单位预算.pdf.pdf
2026-03-27 20:23:12,836 [INFO]     下载: 财政局_长财金指〔2025〕1号_长沙市财政局关于清算下达2024年普惠金融发展专项资金预算的通知.pdf.pdf
2026-03-27 20:23:12,836 [INFO]   [无锡] ✓ 工业和信息化局 (1个链接)
2026-03-27 20:23:13,148 [INFO]   [长沙] ✓ 人力资源和社会保障局 (1个链接)
2026-03-27 20:23:15,036 [INFO]   [长沙] ✓ 规划和自然资源局 (1个链接)
2026-03-27 20:23:15,339 [INFO]   [福州] ✓ 生态环境局 (14个链接)
2026-03-27 20:23:16,480 [INFO]   [无锡] ✓ 公安局 (1个链接)
2026-03-27 20:23:16,742 [INFO]   [长沙] ✓ 生态环境局 (1个链接)
2026-03-27 20:23:17,321 [INFO]   [济南] ✓ 教育局 (1个链接)
2026-03-27 20:23:17,532 [INFO]   [无锡] ✓ 民政局 (1个链接)
2026-03-27 20:23:17,613 [INFO]     下载: 生态环境局_2026年度福州经济技术开发区生态环境局单位预算.pdf.pdf
2026-03-27 20:23:17,988 [INFO]   [长沙] ✓ 住房和建设局 (1个链接)
2026-03-27 20:23:18,350 [INFO]   [无锡] ✓ 司法局 (1个链接)
2026-03-27 20:23:19,044 [INFO]   [长沙] ✓ 交通运输局 (2个链接)
2026-03-27 20:23:21,283 [INFO]   [无锡] ✓ 财政局 (1个链接)
2026-03-27 20:23:24,094 [INFO]   [济南] ✓ 科技创新局 (1个链接)
2026-03-27 20:23:24,314 [INFO]     下载: 交通运输局_长沙市交通运输局_长沙市财政局_国家税务总局长沙市税务局_关于《支持网络货运业发展的财税政策实施办法》奖补资金申报工作的.pdf
2026-03-27 20:23:24,643 [INFO]   [长沙] ✓ 水务局 (1个链接)
2026-03-27 20:23:26,135 [INFO]   [长沙] ✓ 商务局 (4个链接)
2026-03-27 20:23:26,376 [INFO]     下载: 生态环境局_2026年度福州市仓山生态环境局单位预算.pdf.pdf
2026-03-27 20:23:26,837 [INFO]   [无锡] ✓ 人力资源和社会保障局 (1个链接)
2026-03-27 20:23:29,692 [INFO]   [无锡] ✓ 规划和自然资源局 (1个链接)
2026-03-27 20:23:29,819 [INFO]     下载: 生态环境局_2026年度福州市鼓楼生态环境局单位预算.pdf.pdf
2026-03-27 20:23:30,133 [INFO]   [福州] ✓ 科技创新局 (2个链接)
2026-03-27 20:23:30,747 [INFO]   [济南] ✓ 工业和信息化局 (1个链接)
2026-03-27 20:23:31,827 [INFO]   [无锡] ✓ 生态环境局 (1个链接)
2026-03-27 20:23:32,622 [INFO]   [无锡] ✓ 商务局 (1个链接)
2026-03-27 20:23:33,438 [INFO]   [无锡] ✓ 卫生健康委员会 (1个链接)
2026-03-27 20:23:34,253 [INFO]   [无锡] ✓ 退役军人事务局 (1个链接)
2026-03-27 20:23:35,064 [INFO]   [无锡] ✓ 审计局 (1个链接)
2026-03-27 20:23:35,931 [INFO]   [无锡] ✓ 国有资产监督管理委员会 (1个链接)
2026-03-27 20:23:36,702 [INFO]   [济南] ✓ 公安局 (1个链接)
2026-03-27 20:23:36,784 [INFO]   [无锡] ✓ 市场监督管理局 (1个链接)
2026-03-27 20:23:37,447 [INFO]     下载: 商务局_长商务发〔2023〕29号.pdf
2026-03-27 20:23:37,607 [INFO]   [无锡] ✓ 政务服务和数据管理局 (1个链接)
2026-03-27 20:23:38,412 [INFO]   [无锡] ✓ 医疗保障局 (1个链接)
2026-03-27 20:23:39,232 [INFO]   [无锡] ✓ 信访局 (1个链接)
2026-03-27 20:23:41,754 [INFO]     下载: 商务局_长商务发〔2023〕15号.pdf
2026-03-27 20:23:42,114 [INFO]   [长沙] ✓ 卫生健康委员会 (1个链接)
2026-03-27 20:23:42,317 [INFO] ==================================================
2026-03-27 20:23:42,317 [INFO] [19] 合肥
2026-03-27 20:23:42,317 [INFO] ==================================================
2026-03-27 20:23:42,318 [INFO]   [合肥] 扫描: http://www.hefei.gov.cn/zwgk/site/tpl/1541
2026-03-27 20:23:42,319 [ERROR] [无锡] 异常: 'completed'
2026-03-27 20:23:42,900 [INFO]     下载: 科技创新局_2026年度福州市科学技术局(本级)单位预算.pdf.pdf
2026-03-27 20:23:43,030 [INFO]   [济南] ✓ 民政局 (1个链接)
2026-03-27 20:23:43,298 [INFO]   [长沙] ✓ 审计局 (1个链接)
2026-03-27 20:23:44,855 [INFO]   [长沙] ✓ 退役军人事务局 (1个链接)
2026-03-27 20:23:46,129 [INFO]   [长沙] ✓ 应急管理局 (1个链接)
2026-03-27 20:23:47,825 [INFO]   [长沙] ✓ 统计局 (2个链接)
2026-03-27 20:23:48,667 [INFO]   [合肥] 找到太少(0)，再扫描官网首页
2026-03-27 20:23:48,887 [INFO] ==================================================
2026-03-27 20:23:48,887 [ERROR] [合肥] 异常: 'completed'
2026-03-27 20:23:48,903 [INFO] [20] 西安
2026-03-27 20:23:48,939 [INFO] ==================================================
2026-03-27 20:23:48,949 [INFO]   [西安] 扫描: http://www.xa.gov.cn/gk/czzj/bmczyjs/2026nbmczys/1.html
2026-03-27 20:23:50,126 [INFO]   [福州] ✓ 公安局 (16个链接)
2026-03-27 20:23:50,452 [INFO]   [西安] ✓ 政府办公厅 (1个链接)
2026-03-27 20:23:51,117 [INFO]     下载: 公安局_2026年度福州市公安局巡特警支队单位预算.pdf.pdf
2026-03-27 20:23:51,295 [INFO]   [长沙] ✓ 城市管理和综合执法局 (1个链接)
2026-03-27 20:23:51,887 [INFO]   [济南] ✓ 司法局 (1个链接)
2026-03-27 20:23:52,317 [INFO]   [长沙] ✓ 信访局 (1个链接)
2026-03-27 20:23:53,939 [INFO]     下载: 政府办公厅_西安市人民政府办公厅（汇总）2026年部门预算.pdf.pdf
2026-03-27 20:23:54,203 [INFO]     下载: 信访局_长沙市信访局2026年度部门预算公开.pdf
2026-03-27 20:23:54,240 [INFO]   [西安] ✓ 财政局 (1个链接)
2026-03-27 20:23:54,479 [INFO]     下载: 公安局_2026年度福州市公安局治安管理支队单位预算.pdf.pdf
2026-03-27 20:23:54,508 [INFO]   [长沙] ✓ 医疗保障局 (1个链接)
2026-03-27 20:23:55,520 [INFO]   [长沙] ✓ 政务服务和数据管理局 (1个链接)
2026-03-27 20:23:56,755 [INFO]   [长沙] ✓ 气象局 (1个链接)
2026-03-27 20:23:58,107 [INFO]     下载: 财政局_西安市财政局（汇总）2026年部门预算.pdf.pdf
2026-03-27 20:23:58,140 [INFO]     下载: 公安局_2026年度福州市公安局文职人员管理中心单位预算.pdf.pdf
2026-03-27 20:23:58,431 [INFO]   [西安] ✓ 审计局 (1个链接)
2026-03-27 20:23:58,447 [INFO]   [福州] ✓ 教育局 (2个链接)
2026-03-27 20:23:58,581 [INFO]   [长沙] ✓ 文化广电旅游体育局 (14个链接)
2026-03-27 20:24:00,767 [INFO]     下载: 文化广电旅游体育局_长财文指[2025]042号_关于下达2025年文化和旅游项目资金的通知.pdf.pdf
2026-03-27 20:24:01,331 [INFO]     下载: 审计局_西安市审计局（汇总）2026年部门预算.pdf.pdf
2026-03-27 20:24:01,655 [INFO]   [西安] ✓ 统计局 (1个链接)
2026-03-27 20:24:03,043 [INFO]     下载: 文化广电旅游体育局_长财文指[2025]037号_关于下达2025年文化和旅游项目资金的通知.pdf.pdf
2026-03-27 20:24:03,199 [INFO]   [济南] ✓ 财政局 (1个链接)
2026-03-27 20:24:04,040 [INFO]     下载: 统计局_西安市统计局（汇总）2026年部门预算.pdf.pdf
2026-03-27 20:24:04,340 [INFO]   [西安] ✓ 信访局 (1个链接)
2026-03-27 20:24:04,443 [INFO]     下载: 文化广电旅游体育局_长财文指[2025]036号_关于下达2025年文化和旅游项目资金的通知.pdf.pdf
2026-03-27 20:24:04,544 [INFO]   [福州] ✓ 民政局 (2个链接)
2026-03-27 20:24:04,744 [INFO] ==================================================
2026-03-27 20:24:04,744 [ERROR] [长沙] 异常: 'completed'
2026-03-27 20:24:04,744 [INFO] [21] 泉州
2026-03-27 20:24:04,744 [INFO] ==================================================
2026-03-27 20:24:04,744 [INFO]   [泉州] 扫描: http://www.quanzhou.gov.cn/zfb/xxgk/ztxxgk/czzj/bmczyjs/
2026-03-27 20:24:07,759 [INFO]     下载: 民政局_2026年度福州市民政局(本级)单位预算.pdf.pdf
2026-03-27 20:24:08,054 [INFO]     下载: 信访局_西安市信访局（汇总）2026年部门预算公开说明.pdf.pdf
2026-03-27 20:24:08,374 [INFO]   [西安] ✓ 公安局 (1个链接)
2026-03-27 20:24:10,034 [INFO]   [福州] ✓ 发展和改革局 (2个链接)
2026-03-27 20:24:10,186 [INFO]     下载: 公安局_西安市公安局（汇总）2026年部门预算.pdf.pdf
2026-03-27 20:24:10,526 [INFO]   [西安] ✓ 司法局 (1个链接)
2026-03-27 20:24:17,425 [INFO]   [济南] ✓ 人力资源和社会保障局 (1个链接)
2026-03-27 20:24:17,970 [INFO]     下载: 司法局_西安市司法局（汇总）2026年部门预算公开说明.pdf.pdf
2026-03-27 20:24:18,284 [ERROR] [西安] 异常: 'completed'
2026-03-27 20:24:18,305 [INFO] ==================================================
2026-03-27 20:24:18,310 [INFO] [22] 佛山
2026-03-27 20:24:18,315 [INFO] ==================================================
2026-03-27 20:24:18,315 [INFO]   [佛山] 扫描: http://www.foshan.gov.cn/zwgk/zdly/czxx/czxxgk/czjjbm/index.html
2026-03-27 20:24:19,532 [INFO]   [佛山] ✓ 政府办公厅 (1个链接)
2026-03-27 20:24:20,429 [INFO]   [福州] ✓ 工业和信息化局 (2个链接)
2026-03-27 20:24:20,869 [INFO]   [佛山] ✓ 宣传部 (1个链接)
2026-03-27 20:24:21,850 [INFO]   [佛山] ✓ 发展和改革局 (1个链接)
2026-03-27 20:24:25,850 [INFO]   [佛山] ✓ 工业和信息化局 (1个链接)
2026-03-27 20:24:26,661 [INFO]   [济南] ✓ 规划和自然资源局 (1个链接)
2026-03-27 20:24:28,359 [INFO]   [福州] ✓ 司法局 (1个链接)
2026-03-27 20:24:28,741 [INFO]   [佛山] ✓ 教育局 (1个链接)
2026-03-27 20:24:29,867 [INFO]   [佛山] ✓ 科技创新局 (1个链接)
2026-03-27 20:24:29,916 [INFO]   [福州] ✓ 人力资源和社会保障局 (2个链接)
2026-03-27 20:24:31,264 [INFO]   [佛山] ✓ 公安局 (1个链接)
2026-03-27 20:24:33,817 [INFO]     下载: 规划和自然资源局_政府信息公开申请办理流程图.pdf.pdf
2026-03-27 20:24:34,124 [INFO]   [济南] ✓ 生态环境局 (1个链接)
2026-03-27 20:24:34,221 [INFO]   [佛山] ✓ 民政局 (1个链接)
2026-03-27 20:24:36,342 [INFO]   [佛山] ✓ 司法局 (1个链接)
2026-03-27 20:24:38,383 [INFO]   [佛山] ✓ 财政局 (1个链接)
2026-03-27 20:24:39,447 [INFO]   [福州] ✓ 规划和自然资源局 (1个链接)
2026-03-27 20:24:39,886 [INFO]   [佛山] ✓ 人力资源和社会保障局 (1个链接)
2026-03-27 20:24:40,554 [INFO]   [福州] ✓ 住房和建设局 (2个链接)
2026-03-27 20:24:41,897 [INFO]   [佛山] ✓ 规划和自然资源局 (1个链接)
2026-03-27 20:24:43,873 [INFO]   [佛山] ✓ 生态环境局 (1个链接)
2026-03-27 20:24:44,937 [INFO]   [济南] ✓ 住房和建设局 (1个链接)
2026-03-27 20:24:46,334 [INFO]   [佛山] ✓ 住房和建设局 (1个链接)
2026-03-27 20:24:48,786 [INFO]   [佛山] ✓ 交通运输局 (2个链接)
2026-03-27 20:24:50,028 [INFO]   [福州] ✓ 交通运输局 (1个链接)
2026-03-27 20:24:52,511 [INFO]   [福州] ✓ 水务局 (1个链接)
2026-03-27 20:24:52,796 [INFO]     下载: 交通运输局_2019年佛山市轨道交通局部门决算.pdf
2026-03-27 20:24:53,103 [INFO]   [佛山] ✓ 水务局 (1个链接)
2026-03-27 20:24:55,016 [INFO]   [佛山] ✓ 商务局 (1个链接)
2026-03-27 20:24:55,603 [INFO]   [福州] ✓ 商务局 (1个链接)
2026-03-27 20:24:55,777 [INFO]   [济南] ✓ 城市管理和综合执法局 (1个链接)
2026-03-27 20:24:56,283 [INFO]     下载: 商务局_2025年福州市物流业运行情况报告.pdf
2026-03-27 20:24:56,583 [INFO]   [福州] ✓ 文化广电旅游体育局 (2个链接)
2026-03-27 20:24:57,170 [INFO]   [佛山] ✓ 文化广电旅游体育局 (1个链接)
2026-03-27 20:24:59,401 [INFO]   [佛山] ✓ 卫生健康委员会 (1个链接)
2026-03-27 20:25:01,860 [INFO]   [佛山] ✓ 审计局 (1个链接)
2026-03-27 20:25:04,836 [INFO]   [佛山] ✓ 国有资产监督管理委员会 (1个链接)
2026-03-27 20:25:05,460 [INFO]   [济南] ✓ 交通运输局 (1个链接)
2026-03-27 20:25:07,303 [INFO]   [佛山] ✓ 统计局 (2个链接)
2026-03-27 20:25:07,739 [INFO]   [福州] ✓ 卫生健康委员会 (2个链接)
2026-03-27 20:25:11,492 [INFO]   [济南] ✓ 水务局 (1个链接)
2026-03-27 20:25:11,747 [INFO]   [佛山] ✓ 应急管理局 (1个链接)
2026-03-27 20:25:12,067 [INFO]   [福州] ✓ 应急管理局 (1个链接)
2026-03-27 20:25:12,803 [INFO]   [佛山] ✓ 政务服务和数据管理局 (1个链接)
2026-03-27 20:25:13,890 [INFO]   [佛山] ✓ 退役军人事务局 (1个链接)
2026-03-27 20:25:14,075 [INFO]   [福州] ✓ 审计局 (1个链接)
2026-03-27 20:25:14,931 [INFO]   [佛山] ✓ 医疗保障局 (1个链接)
2026-03-27 20:25:16,408 [INFO]   [佛山] ✓ 城市管理和综合执法局 (1个链接)
2026-03-27 20:25:18,115 [INFO]   [福州] ✓ 市场监督管理局 (2个链接)
2026-03-27 20:25:18,830 [INFO]   [佛山] ✓ 信访局 (1个链接)
2026-03-27 20:25:21,664 [ERROR] [佛山] 异常: 'completed'
2026-03-27 20:25:21,674 [INFO] ==================================================
2026-03-27 20:25:21,684 [INFO] [24] 东莞
2026-03-27 20:25:21,694 [INFO] ==================================================
2026-03-27 20:25:21,710 [INFO]   [东莞] 扫描: http://www.dg.gov.cn/zwgk/czxx/index.html
2026-03-27 20:25:23,960 [INFO]   [济南] ✓ 商务局 (1个链接)
2026-03-27 20:25:27,177 [INFO]   [东莞] 找到太少(0)，再扫描官网首页
2026-03-27 20:25:28,406 [INFO]   [福州] ✓ 统计局 (2个链接)
2026-03-27 20:25:30,836 [INFO]   [济南] ✓ 文化广电旅游体育局 (1个链接)
2026-03-27 20:25:37,815 [INFO]   [福州] ✓ 国有资产监督管理委员会 (2个链接)
2026-03-27 20:25:40,619 [INFO]   [济南] ✓ 卫生健康委员会 (1个链接)
2026-03-27 20:25:47,834 [INFO]   [济南] ✓ 退役军人事务局 (1个链接)
2026-03-27 20:25:48,252 [INFO]   [福州] ✓ 医疗保障局 (2个链接)
2026-03-27 20:25:48,728 [INFO]   [东莞] ✓ 工业和信息化局 (2个链接)
2026-03-27 20:25:49,016 [INFO]     下载: 医疗保障局_福州市2026年执行最高付费标准中药饮片目录.pdf
2026-03-27 20:25:50,220 [INFO]   [福州] ✓ 气象局 (2个链接)
2026-03-27 20:25:51,987 [INFO]   [东莞] ✓ 住房和建设局 (3个链接)
2026-03-27 20:25:56,051 [INFO]   [济南] ✓ 应急管理局 (1个链接)
2026-03-27 20:26:00,521 [INFO]   [福州] ✓ 退役军人事务局 (1个链接)
2026-03-27 20:26:00,888 [INFO]     下载: 应急管理局_济南市应急管理局依申请信息公开流程图.pdf.pdf
2026-03-27 20:26:01,205 [INFO]   [济南] ✓ 审计局 (1个链接)
2026-03-27 20:26:05,360 [INFO]   [东莞] ✓ 市场监督管理局 (2个链接)
2026-03-27 20:26:05,963 [INFO]   [福州] ✓ 信访局 (1个链接)
2026-03-27 20:26:07,423 [INFO]     下载: 信访局_国家信访局2024年度部门决算公开.pdf
2026-03-27 20:26:07,732 [INFO]   [福州] ✓ 政务服务和数据管理局 (1个链接)
2026-03-27 20:26:09,703 [ERROR] [福州] 异常: 'completed'
2026-03-27 20:26:09,718 [INFO] ==================================================
2026-03-27 20:26:09,728 [INFO] [25] 烟台
2026-03-27 20:26:09,734 [INFO] ==================================================
2026-03-27 20:26:09,744 [INFO]   [烟台] 扫描: http://www.yantai.gov.cn/col/col55145/2026n/index.html
2026-03-27 20:26:09,996 [INFO]   [东莞] ✓ 宣传部 (1个链接)
2026-03-27 20:26:10,991 [INFO]   [泉州] ✓ 市场监督管理局 (2个链接)
2026-03-27 20:26:10,997 [INFO]   [济南] ✓ 国有资产监督管理委员会 (1个链接)
2026-03-27 20:26:11,534 [INFO]   [东莞] ✓ 发展和改革局 (1个链接)
2026-03-27 20:26:12,796 [INFO]   [东莞] ✓ 教育局 (1个链接)
2026-03-27 20:26:12,968 [INFO]     下载: 市场监督管理局_2026年度泉州市市场监管综合监测与技术保障中心单位预算.pdf
2026-03-27 20:26:16,713 [INFO]   [济南] ✓ 市场监督管理局 (1个链接)
2026-03-27 20:26:19,067 [INFO]   [泉州] ✓ 公安局 (4个链接)
2026-03-27 20:26:21,077 [INFO]   [东莞] ✓ 科技创新局 (1个链接)
2026-03-27 20:26:21,928 [INFO]   [济南] ✓ 统计局 (1个链接)
2026-03-27 20:26:24,625 [INFO]   [东莞] ✓ 公安局 (1个链接)
2026-03-27 20:26:25,088 [INFO]     下载: 公安局_2026年度泉州市公安局部门预算.pdf.pdf
2026-03-27 20:26:28,932 [INFO]   [郑州] ✓ 宣传部 (1个链接)
2026-03-27 20:26:29,445 [INFO]   [东莞] ✓ 民政局 (1个链接)
2026-03-27 20:26:30,077 [INFO]   [郑州] ✓ 生态环境局 (1个链接)
2026-03-27 20:26:30,135 [INFO]     下载: 公安局_2026年度泉州市公安局（本级）单位预算.pdf.pdf
2026-03-27 20:26:30,284 [INFO]   [济南] ✓ 医疗保障局 (1个链接)
2026-03-27 20:26:30,753 [INFO]   [东莞] ✓ 司法局 (1个链接)
2026-03-27 20:26:31,239 [INFO]   [郑州] ✓ 司法局 (1个链接)
2026-03-27 20:26:31,354 [INFO]   [泉州] ✓ 政府办公厅 (2个链接)
2026-03-27 20:26:31,972 [INFO]   [东莞] ✓ 财政局 (1个链接)
2026-03-27 20:26:32,341 [INFO]   [郑州] ✓ 商务局 (1个链接)
2026-03-27 20:26:33,442 [INFO]   [郑州] ✓ 民政局 (1个链接)
2026-03-27 20:26:33,537 [INFO]   [东莞] ✓ 人力资源和社会保障局 (1个链接)
2026-03-27 20:26:33,640 [INFO]   [济南] ✓ 信访局 (1个链接)
2026-03-27 20:26:34,482 [ERROR] [郑州] 异常: 'completed'
2026-03-27 20:26:34,482 [INFO] ==================================================
2026-03-27 20:26:34,482 [INFO] [26] 常州
2026-03-27 20:26:34,482 [INFO] ==================================================
2026-03-27 20:26:34,482 [INFO]   [常州] 扫描: http://www.changzhou.gov.cn/gi_class/zwgk_05?furl=zdgk&cache=no&test=bbb
2026-03-27 20:26:34,776 [INFO]   [东莞] ✓ 规划和自然资源局 (1个链接)
2026-03-27 20:26:35,107 [INFO]     下载: 政府办公厅_2026年度泉州市人民政府办公室部门预算.pdf.pdf
2026-03-27 20:26:35,444 [INFO]   [常州] 找到太少(0)，再扫描官网首页
2026-03-27 20:26:36,141 [INFO]   [东莞] ✓ 生态环境局 (1个链接)
2026-03-27 20:26:37,048 [INFO]   [济南] ✓ 政务服务和数据管理局 (1个链接)
2026-03-27 20:26:37,428 [INFO]   [东莞] ✓ 交通运输局 (2个链接)
2026-03-27 20:26:39,888 [INFO]     下载: 政府办公厅_2026年度泉州市人民政府办公室（本级）单位预算.pdf.pdf
2026-03-27 20:26:40,189 [INFO]   [泉州] ✓ 发展和改革局 (2个链接)
2026-03-27 20:26:42,039 [INFO]   [东莞] ✓ 水务局 (1个链接)
2026-03-27 20:26:42,050 [INFO]   [泉州] ✓ 教育局 (2个链接)
2026-03-27 20:26:43,363 [INFO]   [东莞] ✓ 商务局 (1个链接)
2026-03-27 20:26:43,737 [INFO]   [济南] ✓ 气象局 (1个链接)
2026-03-27 20:26:44,125 [INFO]   [泉州] ✓ 科技创新局 (3个链接)
2026-03-27 20:26:44,752 [INFO]   [常州] ✓ 水务局 (2个链接)
2026-03-27 20:26:45,777 [INFO]   [东莞] ✓ 文化广电旅游体育局 (1个链接)
2026-03-27 20:26:47,394 [INFO]   [东莞] ✓ 卫生健康委员会 (1个链接)
2026-03-27 20:26:47,620 [INFO]   [泉州] ✓ 工业和信息化局 (2个链接)
2026-03-27 20:26:48,346 [INFO]   [常州] ✓ 教育局 (5个链接)
2026-03-27 20:26:48,635 [INFO]   [东莞] ✓ 退役军人事务局 (1个链接)
2026-03-27 20:26:49,411 [INFO]   [泉州] ✓ 民政局 (2个链接)
2026-03-27 20:26:49,574 [INFO]   [东莞] ✓ 应急管理局 (1个链接)
2026-03-27 20:26:50,263 [ERROR] [济南] 异常: 'completed'
2026-03-27 20:26:50,263 [INFO] ==================================================
2026-03-27 20:26:50,263 [INFO] [27] 唐山
2026-03-27 20:26:50,263 [INFO] ==================================================
2026-03-27 20:26:50,264 [INFO]   [唐山] 扫描: http://www.tangshan.gov.cn/columns/zhuzhan/tsczxx/index.html
2026-03-27 20:26:50,463 [INFO]   [唐山] 找到太少(0)，再扫描官网首页
2026-03-27 20:26:50,567 [ERROR] [唐山] 异常: 'completed'
2026-03-27 20:26:50,567 [INFO] ==================================================
2026-03-27 20:26:50,578 [INFO] [28] 温州
2026-03-27 20:26:50,578 [INFO] ==================================================
2026-03-27 20:26:50,579 [INFO]   [温州] 扫描: http://www.wenzhou.gov.cn/col/col1229249208/index.html
2026-03-27 20:26:50,879 [INFO]   [东莞] ✓ 审计局 (1个链接)
2026-03-27 20:26:51,571 [INFO]   [泉州] ✓ 司法局 (2个链接)
2026-03-27 20:26:52,178 [INFO]   [东莞] ✓ 国有资产监督管理委员会 (1个链接)
2026-03-27 20:26:52,884 [INFO]   [常州] ✓ 住房和建设局 (4个链接)
2026-03-27 20:26:52,963 [INFO]   [东莞] ✓ 统计局 (1个链接)
2026-03-27 20:26:53,369 [INFO]   [泉州] ✓ 财政局 (2个链接)
2026-03-27 20:26:54,227 [INFO]   [东莞] ✓ 医疗保障局 (1个链接)
2026-03-27 20:26:55,101 [INFO]   [东莞] ✓ 城市管理和综合执法局 (1个链接)
2026-03-27 20:26:55,278 [INFO]   [泉州] ✓ 人力资源和社会保障局 (2个链接)
2026-03-27 20:26:56,290 [INFO]   [常州] ✓ 财政局 (2个链接)
2026-03-27 20:26:56,509 [ERROR] [东莞] 异常: 'completed'
2026-03-27 20:26:56,509 [INFO] ==================================================
2026-03-27 20:26:56,509 [INFO] [29] 大连
2026-03-27 20:26:56,509 [INFO] ==================================================
2026-03-27 20:26:56,509 [INFO]   [大连] 扫描: http://www.dl.gov.cn/col/col2352/index.html
2026-03-27 20:26:57,089 [INFO]   [泉州] ✓ 规划和自然资源局 (1个链接)
2026-03-27 20:26:57,994 [INFO]   [泉州] ✓ 生态环境局 (2个链接)
2026-03-27 20:26:59,755 [INFO]   [泉州] ✓ 住房和建设局 (2个链接)
2026-03-27 20:27:01,624 [INFO]   [泉州] ✓ 交通运输局 (2个链接)
2026-03-27 20:27:01,898 [INFO]   [温州] ✓ 文化广电旅游体育局 (1个链接)
2026-03-27 20:27:02,344 [INFO]   [常州] ✓ 政府办公厅 (4个链接)
2026-03-27 20:27:02,669 [INFO]   [温州] ✓ 审计局 (1个链接)
2026-03-27 20:27:03,140 [INFO]   [泉州] ✓ 水务局 (1个链接)
2026-03-27 20:27:03,408 [INFO]   [温州] ✓ 规划和自然资源局 (1个链接)
2026-03-27 20:27:04,054 [INFO]   [泉州] ✓ 商务局 (2个链接)
2026-03-27 20:27:04,135 [INFO]   [温州] ✓ 政务服务和数据管理局 (1个链接)
2026-03-27 20:27:04,904 [INFO]   [温州] ✓ 宣传部 (1个链接)
2026-03-27 20:27:05,695 [INFO]   [温州] ✓ 工业和信息化局 (1个链接)
2026-03-27 20:27:06,312 [INFO]   [常州] ✓ 民政局 (2个链接)
2026-03-27 20:27:06,469 [INFO]   [温州] ✓ 统计局 (1个链接)
2026-03-27 20:27:07,232 [INFO]   [温州] ✓ 公安局 (1个链接)
2026-03-27 20:27:07,979 [INFO]   [温州] ✓ 教育局 (1个链接)
2026-03-27 20:27:08,619 [INFO]     下载: 商务局_关于印发2024年工作总结和2025年工作思路的通知.pdf
2026-03-27 20:27:08,736 [INFO]   [温州] ✓ 卫生健康委员会 (1个链接)
2026-03-27 20:27:09,517 [INFO]   [温州] ✓ 应急管理局 (1个链接)
2026-03-27 20:27:09,655 [INFO]   [泉州] ✓ 卫生健康委员会 (2个链接)
2026-03-27 20:27:09,813 [INFO]   [常州] ✓ 应急管理局 (2个链接)
2026-03-27 20:27:10,348 [INFO]   [温州] ✓ 科技创新局 (1个链接)
2026-03-27 20:27:11,182 [ERROR] [温州] 异常: 'completed'
2026-03-27 20:27:11,182 [INFO] ==================================================
2026-03-27 20:27:11,182 [INFO] [30] 徐州
2026-03-27 20:27:11,182 [INFO] ==================================================
2026-03-27 20:27:11,182 [INFO]   [徐州] 扫描: http://www.xz.gov.cn/002/002020/ysjs.html
2026-03-27 20:27:11,185 [INFO]   [泉州] ✓ 应急管理局 (2个链接)
2026-03-27 20:27:11,257 [INFO]   [徐州] 找到太少(0)，再扫描官网首页
2026-03-27 20:27:11,290 [INFO] ==================================================
2026-03-27 20:27:11,290 [ERROR] [徐州] 异常: 'completed'
2026-03-27 20:27:11,290 [INFO] [31] 沈阳
2026-03-27 20:27:11,290 [INFO] ==================================================
2026-03-27 20:27:11,290 [INFO]   [沈阳] 扫描: http://www.shenyang.gov.cn/zwgk/fdzdgknr/ysjs/bmczyjsbgjsgjf/bmysnew/2026nbmys/
2026-03-27 20:27:12,925 [INFO]   [泉州] ✓ 国有资产监督管理委员会 (2个链接)
2026-03-27 20:27:13,589 [INFO]   [常州] ✓ 医疗保障局 (3个链接)
2026-03-27 20:27:14,664 [INFO]   [泉州] ✓ 统计局 (2个链接)
2026-03-27 20:27:16,815 [INFO]     下载: 统计局_2026年1—2月泉州市国民经济主要指标.pdf
2026-03-27 20:27:17,852 [INFO]   [泉州] ✓ 医疗保障局 (2个链接)
2026-03-27 20:27:18,734 [INFO]   [常州] ✓ 退役军人事务局 (2个链接)
2026-03-27 20:27:21,885 [INFO]   [泉州] ✓ 城市管理和综合执法局 (2个链接)
2026-03-27 20:27:21,990 [INFO]   [常州] ✓ 政务服务和数据管理局 (3个链接)
2026-03-27 20:27:25,332 [INFO]   [泉州] ✓ 公安局交通警察局 (1个链接)
2026-03-27 20:27:26,186 [INFO]   [泉州] ✓ 气象局 (1个链接)
2026-03-27 20:27:27,024 [INFO]   [常州] ✓ 城市管理和综合执法局 (3个链接)
2026-03-27 20:27:29,516 [INFO]     下载: 气象局_2024-12-09福建省泉州市气象局关于印发2024年“双随机、....pdf
2026-03-27 20:27:29,832 [INFO]   [泉州] ✓ 文化广电旅游体育局 (2个链接)
2026-03-27 20:27:31,335 [INFO]   [常州] ✓ 人力资源和社会保障局 (3个链接)
2026-03-27 20:27:37,826 [INFO]   [常州] ✓ 科技创新局 (2个链接)
2026-03-27 20:27:40,266 [INFO]   [常州] ✓ 卫生健康委员会 (2个链接)
2026-03-27 20:27:43,651 [INFO]   [常州] ✓ 发展和改革局 (1个链接)
2026-03-27 20:27:46,493 [INFO]   [常州] ✓ 工业和信息化局 (1个链接)
2026-03-27 20:27:48,181 [INFO]   [常州] ✓ 公安局 (1个链接)
2026-03-28 20:20:03,626 [INFO] 扫描磁盘已有文件...
2026-03-28 20:20:03,626 [INFO] 扫描磁盘已有文件...
2026-03-28 20:20:03,642 [INFO] 磁盘已达标: 62个城市(>=15文件)
2026-03-28 20:20:03,642 [INFO] 磁盘已达标: 62个城市(>=15文件)
2026-03-28 20:20:03,642 [INFO] 开始爬取 100 个城市, 32个目标部门
2026-03-28 20:20:03,642 [INFO] 开始爬取 100 个城市, 32个目标部门
2026-03-28 20:20:03,642 [INFO] 已达标: 62个城市
2026-03-28 20:20:03,642 [INFO] 已达标: 62个城市
2026-03-28 20:20:03,642 [INFO] v12: SSL回退+分页检测+部门匹配增强
2026-03-28 20:20:03,642 [INFO] v12: SSL回退+分页检测+部门匹配增强
2026-03-28 20:20:03,642 [INFO] --- 进度: 1/100 ---
2026-03-28 20:20:03,642 [INFO] --- 进度: 1/100 ---
2026-03-28 20:20:03,643 [INFO] [上海] 磁盘已有26个文件(>=15)，跳过
2026-03-28 20:20:03,643 [INFO] [上海] 磁盘已有26个文件(>=15)，跳过
2026-03-28 20:20:05,645 [INFO] --- 进度: 2/100 ---
2026-03-28 20:20:05,645 [INFO] --- 进度: 2/100 ---
2026-03-28 20:20:05,647 [INFO] [北京] 磁盘已有94个文件(>=15)，跳过
2026-03-28 20:20:05,647 [INFO] [北京] 磁盘已有94个文件(>=15)，跳过
2026-03-28 20:20:07,650 [INFO] --- 进度: 3/100 ---
2026-03-28 20:20:07,650 [INFO] --- 进度: 3/100 ---
2026-03-28 20:20:07,650 [INFO] ==================================================
2026-03-28 20:20:07,650 [INFO] ==================================================
2026-03-28 20:20:07,651 [INFO] [3] 深圳 (已有11个文件)
2026-03-28 20:20:07,651 [INFO] [3] 深圳 (已有11个文件)
2026-03-28 20:20:07,651 [INFO] ==================================================
2026-03-28 20:20:07,651 [INFO] ==================================================
2026-03-28 20:20:07,651 [INFO]   [深圳] 扫描: http://www.sz.gov.cn/cn/xxgk/zfxxgj/zjxx/gbmczyjs/
2026-03-28 20:20:07,651 [INFO]   [深圳] 扫描: http://www.sz.gov.cn/cn/xxgk/zfxxgj/zjxx/gbmczyjs/
2026-03-28 20:20:12,697 [INFO]   [深圳] 找到太少(2)，再扫描官网首页
2026-03-28 20:20:12,697 [INFO]   [深圳] 找到太少(2)，再扫描官网首页
2026-03-28 20:20:12,839 [INFO]   [深圳] ✓ 规划和自然资源局 (10个链接)
2026-03-28 20:20:12,839 [INFO]   [深圳] ✓ 规划和自然资源局 (10个链接)
2026-03-28 20:20:14,151 [INFO]   [深圳] ✓ 市场监督管理局 (1个链接)
2026-03-28 20:20:14,151 [INFO]   [深圳] ✓ 市场监督管理局 (1个链接)
2026-03-28 20:20:15,467 [INFO]   [深圳] ✓ 商务局 (1个链接)
2026-03-28 20:20:15,467 [INFO]   [深圳] ✓ 商务局 (1个链接)
2026-03-28 20:20:16,812 [INFO]   [深圳] ✓ 教育局 (1个链接)
2026-03-28 20:20:16,812 [INFO]   [深圳] ✓ 教育局 (1个链接)
2026-03-28 20:20:18,135 [INFO]   [深圳] 完成: 4/32部门, 4文件
2026-03-28 20:20:18,135 [INFO]   [深圳] 完成: 4/32部门, 4文件
2026-03-28 20:20:20,137 [INFO] --- 进度: 4/100 ---
2026-03-28 20:20:20,137 [INFO] --- 进度: 4/100 ---
2026-03-28 20:20:20,140 [INFO] [重庆] 磁盘已有279个文件(>=15)，跳过
2026-03-28 20:20:20,140 [INFO] [重庆] 磁盘已有279个文件(>=15)，跳过
2026-03-28 20:20:22,143 [INFO] --- 进度: 5/100 ---
2026-03-28 20:20:22,143 [INFO] --- 进度: 5/100 ---
2026-03-28 20:20:22,144 [INFO] [广州] 磁盘已有77个文件(>=15)，跳过
2026-03-28 20:20:22,144 [INFO] [广州] 磁盘已有77个文件(>=15)，跳过
2026-03-28 20:20:24,147 [INFO] --- 进度: 6/100 ---
2026-03-28 20:20:24,147 [INFO] --- 进度: 6/100 ---
2026-03-28 20:20:24,148 [INFO] [苏州] 磁盘已有67个文件(>=15)，跳过
2026-03-28 20:20:24,148 [INFO] [苏州] 磁盘已有67个文件(>=15)，跳过
2026-03-28 20:20:26,151 [INFO] --- 进度: 7/100 ---
2026-03-28 20:20:26,151 [INFO] --- 进度: 7/100 ---
2026-03-28 20:20:26,151 [INFO] ==================================================
2026-03-28 20:20:26,151 [INFO] ==================================================
2026-03-28 20:20:26,151 [INFO] [7] 成都 (已有0个文件)
2026-03-28 20:20:26,151 [INFO] [7] 成都 (已有0个文件)
2026-03-28 20:20:26,151 [INFO] ==================================================
2026-03-28 20:20:26,151 [INFO] ==================================================
2026-03-28 20:20:26,152 [INFO]   [成都] 扫描: http://www.chengdu.gov.cn/gkml/czyjs/column-index-1.shtml
2026-03-28 20:20:26,152 [INFO]   [成都] 扫描: http://www.chengdu.gov.cn/gkml/czyjs/column-index-1.shtml
2026-03-28 20:20:26,444 [INFO]   [成都] 找到太少(0)，再扫描官网首页
2026-03-28 20:20:26,444 [INFO]   [成都] 找到太少(0)，再扫描官网首页
2026-03-28 20:20:26,604 [INFO]   [成都] 完成: 0/32部门, 0文件
2026-03-28 20:20:26,604 [INFO]   [成都] 完成: 0/32部门, 0文件
2026-03-28 20:20:28,606 [INFO] --- 进度: 8/100 ---
2026-03-28 20:20:28,606 [INFO] --- 进度: 8/100 ---
2026-03-28 20:20:28,607 [INFO] ==================================================
2026-03-28 20:20:28,607 [INFO] ==================================================
2026-03-28 20:20:28,607 [INFO] [8] 杭州 (已有12个文件)
2026-03-28 20:20:28,607 [INFO] [8] 杭州 (已有12个文件)
2026-03-28 20:20:28,607 [INFO] ==================================================
2026-03-28 20:20:28,607 [INFO] ==================================================
2026-03-28 20:20:28,607 [INFO]   [杭州] 扫描: http://www.hangzhou.gov.cn/col/col1229063412/index.html
2026-03-28 20:20:28,607 [INFO]   [杭州] 扫描: http://www.hangzhou.gov.cn/col/col1229063412/index.html
2026-03-28 20:21:39,678 [INFO]   [杭州] 找到太少(4)，再扫描官网首页
2026-03-28 20:21:39,678 [INFO]   [杭州] 找到太少(4)，再扫描官网首页
2026-03-28 20:21:49,166 [INFO]   [杭州] ✓ 公安局 (1个链接)
2026-03-28 20:21:49,166 [INFO]   [杭州] ✓ 公安局 (1个链接)
2026-03-28 20:21:50,467 [INFO]   [杭州] ✓ 交通运输局 (1个链接)
2026-03-28 20:21:50,467 [INFO]   [杭州] ✓ 交通运输局 (1个链接)
2026-03-28 20:21:52,773 [INFO]   [杭州] ✓ 司法局 (1个链接)
2026-03-28 20:21:52,773 [INFO]   [杭州] ✓ 司法局 (1个链接)
2026-03-28 20:21:54,051 [INFO]   [杭州] ✓ 气象局 (1个链接)
2026-03-28 20:21:54,051 [INFO]   [杭州] ✓ 气象局 (1个链接)
2026-03-28 20:21:55,318 [INFO]   [杭州] ✓ 政府办公厅 (5个链接)
2026-03-28 20:21:55,318 [INFO]   [杭州] ✓ 政府办公厅 (5个链接)
2026-03-28 20:21:56,615 [INFO]   [杭州] 完成: 5/32部门, 5文件
2026-03-28 20:21:56,615 [INFO]   [杭州] 完成: 5/32部门, 5文件
2026-03-28 20:21:58,615 [INFO] --- 进度: 9/100 ---
2026-03-28 20:21:58,615 [INFO] --- 进度: 9/100 ---
2026-03-28 20:21:58,616 [INFO] [武汉] 磁盘已有63个文件(>=15)，跳过
2026-03-28 20:21:58,616 [INFO] [武汉] 磁盘已有63个文件(>=15)，跳过
2026-03-28 20:22:00,619 [INFO] --- 进度: 10/100 ---
2026-03-28 20:22:00,619 [INFO] --- 进度: 10/100 ---
2026-03-28 20:22:00,619 [INFO] ==================================================
2026-03-28 20:22:00,619 [INFO] ==================================================
2026-03-28 20:22:00,619 [INFO] [10] 南京 (已有0个文件)
2026-03-28 20:22:00,619 [INFO] [10] 南京 (已有0个文件)
2026-03-28 20:22:00,619 [INFO] ==================================================
2026-03-28 20:22:00,619 [INFO] ==================================================
2026-03-28 20:22:00,620 [INFO]   [南京] 扫描: http://www.nanjing.gov.cn/site/zgnj/search.html?searchWord=2026%20%E9%A2%84%E7%AE%97&siteId=10&pageSize=10&searchWord2=2026%20%E9%A2%84%E7%AE%97
2026-03-28 20:22:00,620 [INFO]   [南京] 扫描: http://www.nanjing.gov.cn/site/zgnj/search.html?searchWord=2026%20%E9%A2%84%E7%AE%97&siteId=10&pageSize=10&searchWord2=2026%20%E9%A2%84%E7%AE%97
2026-03-28 20:22:01,660 [INFO]   [南京] 找到太少(0)，再扫描官网首页
2026-03-28 20:22:01,660 [INFO]   [南京] 找到太少(0)，再扫描官网首页
2026-03-28 20:22:01,713 [INFO]   [南京] 完成: 0/32部门, 0文件
2026-03-28 20:22:01,713 [INFO]   [南京] 完成: 0/32部门, 0文件
2026-03-28 20:22:03,715 [INFO] --- 进度: 11/100 ---
2026-03-28 20:22:03,715 [INFO] --- 进度: 11/100 ---
2026-03-28 20:22:03,716 [INFO] [宁波] 磁盘已有52个文件(>=15)，跳过
2026-03-28 20:22:03,716 [INFO] [宁波] 磁盘已有52个文件(>=15)，跳过
2026-03-28 20:22:05,719 [INFO] --- 进度: 12/100 ---
2026-03-28 20:22:05,719 [INFO] --- 进度: 12/100 ---
2026-03-28 20:22:05,719 [INFO] [天津] 磁盘已有16个文件(>=15)，跳过
2026-03-28 20:22:05,719 [INFO] [天津] 磁盘已有16个文件(>=15)，跳过
2026-03-28 20:22:07,723 [INFO] --- 进度: 13/100 ---
2026-03-28 20:22:07,723 [INFO] --- 进度: 13/100 ---
2026-03-28 20:22:07,723 [INFO] ==================================================
2026-03-28 20:22:07,723 [INFO] ==================================================
2026-03-28 20:22:07,723 [INFO] [13] 青岛 (已有8个文件)
2026-03-28 20:22:07,723 [INFO] [13] 青岛 (已有8个文件)
2026-03-28 20:22:07,723 [INFO] ==================================================
2026-03-28 20:22:07,723 [INFO] ==================================================
2026-03-28 20:22:07,724 [INFO]   [青岛] 扫描: http://www.qingdao.gov.cn/zwgk/search.shtml?searchWord=2026%20%E9%A2%84%E7%AE%97
2026-03-28 20:22:07,724 [INFO]   [青岛] 扫描: http://www.qingdao.gov.cn/zwgk/search.shtml?searchWord=2026%20%E9%A2%84%E7%AE%97
2026-03-28 20:22:07,952 [INFO]   [青岛] 找到太少(0)，再扫描官网首页
2026-03-28 20:22:07,952 [INFO]   [青岛] 找到太少(0)，再扫描官网首页
2026-03-28 20:22:11,453 [INFO]   [青岛] ✓ 政府办公厅 (3个链接)
2026-03-28 20:22:11,453 [INFO]   [青岛] ✓ 政府办公厅 (3个链接)
2026-03-28 20:22:12,753 [INFO]   [青岛] ✓ 应急管理局 (3个链接)
2026-03-28 20:22:12,753 [INFO]   [青岛] ✓ 应急管理局 (3个链接)
2026-03-28 20:22:14,165 [INFO]   [青岛] 完成: 2/32部门, 2文件
2026-03-28 20:22:14,165 [INFO]   [青岛] 完成: 2/32部门, 2文件
2026-03-28 20:22:16,167 [INFO] --- 进度: 14/100 ---
2026-03-28 20:22:16,167 [INFO] --- 进度: 14/100 ---
2026-03-28 20:22:16,168 [INFO] [无锡] 磁盘已有67个文件(>=15)，跳过
2026-03-28 20:22:16,168 [INFO] [无锡] 磁盘已有67个文件(>=15)，跳过
2026-03-28 20:22:18,171 [INFO] --- 进度: 15/100 ---
2026-03-28 20:22:18,171 [INFO] --- 进度: 15/100 ---
2026-03-28 20:22:18,172 [INFO] [长沙] 磁盘已有62个文件(>=15)，跳过
2026-03-28 20:22:18,172 [INFO] [长沙] 磁盘已有62个文件(>=15)，跳过
2026-03-28 20:22:20,175 [INFO] --- 进度: 16/100 ---
2026-03-28 20:22:20,175 [INFO] --- 进度: 16/100 ---
2026-03-28 20:22:20,176 [INFO] [郑州] 磁盘已有18个文件(>=15)，跳过
2026-03-28 20:22:20,176 [INFO] [郑州] 磁盘已有18个文件(>=15)，跳过
2026-03-28 20:22:22,179 [INFO] --- 进度: 17/100 ---
2026-03-28 20:22:22,179 [INFO] --- 进度: 17/100 ---
2026-03-28 20:22:22,180 [INFO] [福州] 磁盘已有71个文件(>=15)，跳过
2026-03-28 20:22:22,180 [INFO] [福州] 磁盘已有71个文件(>=15)，跳过
2026-03-28 20:22:24,183 [INFO] --- 进度: 18/100 ---
2026-03-28 20:22:24,183 [INFO] --- 进度: 18/100 ---
2026-03-28 20:22:24,184 [INFO] [济南] 磁盘已有61个文件(>=15)，跳过
2026-03-28 20:22:24,184 [INFO] [济南] 磁盘已有61个文件(>=15)，跳过
2026-03-28 20:22:26,187 [INFO] --- 进度: 19/100 ---
2026-03-28 20:22:26,187 [INFO] --- 进度: 19/100 ---
2026-03-28 20:22:26,187 [INFO] ==================================================
2026-03-28 20:22:26,187 [INFO] ==================================================
2026-03-28 20:22:26,187 [INFO] [19] 合肥 (已有0个文件)
2026-03-28 20:22:26,187 [INFO] [19] 合肥 (已有0个文件)
2026-03-28 20:22:26,187 [INFO] ==================================================
2026-03-28 20:22:26,187 [INFO] ==================================================
2026-03-28 20:22:26,188 [INFO]   [合肥] 扫描: http://www.hefei.gov.cn/zwgk/site/tpl/1541
2026-03-28 20:22:26,188 [INFO]   [合肥] 扫描: http://www.hefei.gov.cn/zwgk/site/tpl/1541
2026-03-28 20:22:27,423 [INFO]   [合肥] 找到太少(0)，再扫描官网首页
2026-03-28 20:22:27,423 [INFO]   [合肥] 找到太少(0)，再扫描官网首页
2026-03-28 20:22:27,486 [INFO]   [合肥] 完成: 0/32部门, 0文件
2026-03-28 20:22:27,486 [INFO]   [合肥] 完成: 0/32部门, 0文件
2026-03-28 20:22:29,487 [INFO] --- 进度: 20/100 ---
2026-03-28 20:22:29,487 [INFO] --- 进度: 20/100 ---
2026-03-28 20:22:29,487 [INFO] [西安] 磁盘已有15个文件(>=15)，跳过
2026-03-28 20:22:29,487 [INFO] [西安] 磁盘已有15个文件(>=15)，跳过
2026-03-28 20:22:31,491 [INFO] --- 进度: 21/100 ---
2026-03-28 20:22:31,491 [INFO] --- 进度: 21/100 ---
2026-03-28 20:22:31,492 [INFO] [泉州] 磁盘已有58个文件(>=15)，跳过
2026-03-28 20:22:31,492 [INFO] [泉州] 磁盘已有58个文件(>=15)，跳过
2026-03-28 20:22:33,495 [INFO] --- 进度: 22/100 ---
2026-03-28 20:22:33,495 [INFO] --- 进度: 22/100 ---
2026-03-28 20:22:33,496 [INFO] [佛山] 磁盘已有58个文件(>=15)，跳过
2026-03-28 20:22:33,496 [INFO] [佛山] 磁盘已有58个文件(>=15)，跳过
2026-03-28 20:22:35,499 [INFO] --- 进度: 23/100 ---
2026-03-28 20:22:35,499 [INFO] --- 进度: 23/100 ---
2026-03-28 20:22:35,499 [INFO] ==================================================
2026-03-28 20:22:35,499 [INFO] ==================================================
2026-03-28 20:22:35,499 [INFO] [23] 南通 (已有4个文件)
2026-03-28 20:22:35,499 [INFO] [23] 南通 (已有4个文件)
2026-03-28 20:22:35,499 [INFO] ==================================================
2026-03-28 20:22:35,499 [INFO] ==================================================
2026-03-28 20:22:35,500 [INFO]   [南通] 扫描: http://www.nantong.gov.cn/ntsrmzf/2026n_cz/2026n_cz.html
2026-03-28 20:22:35,500 [INFO]   [南通] 扫描: http://www.nantong.gov.cn/ntsrmzf/2026n_cz/2026n_cz.html
2026-03-28 20:23:02,388 [INFO]   [南通] 找到太少(1)，再扫描官网首页
2026-03-28 20:23:02,388 [INFO]   [南通] 找到太少(1)，再扫描官网首页
2026-03-28 20:23:24,478 [INFO]   [南通] ✓ 政府办公厅 (8个链接)
2026-03-28 20:23:24,478 [INFO]   [南通] ✓ 政府办公厅 (8个链接)
2026-03-28 20:23:25,811 [INFO]   [南通] ✓ 水务局 (3个链接)
2026-03-28 20:23:25,811 [INFO]   [南通] ✓ 水务局 (3个链接)
2026-03-28 20:23:27,166 [INFO]   [南通] ✓ 司法局 (1个链接)
2026-03-28 20:23:27,166 [INFO]   [南通] ✓ 司法局 (1个链接)
2026-03-28 20:23:28,547 [INFO]   [南通] ✓ 生态环境局 (1个链接)
2026-03-28 20:23:28,547 [INFO]   [南通] ✓ 生态环境局 (1个链接)
2026-03-28 20:23:29,923 [INFO]   [南通] 完成: 4/32部门, 4文件
2026-03-28 20:23:29,923 [INFO]   [南通] 完成: 4/32部门, 4文件
2026-03-28 20:23:31,923 [INFO] --- 进度: 24/100 ---
2026-03-28 20:23:31,923 [INFO] --- 进度: 24/100 ---
2026-03-28 20:23:31,924 [INFO] [东莞] 磁盘已有57个文件(>=15)，跳过
2026-03-28 20:23:31,924 [INFO] [东莞] 磁盘已有57个文件(>=15)，跳过
2026-03-28 20:23:33,927 [INFO] --- 进度: 25/100 ---
2026-03-28 20:23:33,927 [INFO] --- 进度: 25/100 ---
2026-03-28 20:23:33,928 [INFO] [烟台] 磁盘已有28个文件(>=15)，跳过
2026-03-28 20:23:33,928 [INFO] [烟台] 磁盘已有28个文件(>=15)，跳过
2026-03-28 20:23:35,931 [INFO] --- 进度: 26/100 ---
2026-03-28 20:23:35,931 [INFO] --- 进度: 26/100 ---
2026-03-28 20:23:35,932 [INFO] [常州] 磁盘已有55个文件(>=15)，跳过
2026-03-28 20:23:35,932 [INFO] [常州] 磁盘已有55个文件(>=15)，跳过
2026-03-28 20:23:37,935 [INFO] --- 进度: 27/100 ---
2026-03-28 20:23:37,935 [INFO] --- 进度: 27/100 ---
2026-03-28 20:23:37,935 [INFO] ==================================================
2026-03-28 20:23:37,935 [INFO] ==================================================
2026-03-28 20:23:37,935 [INFO] [27] 唐山 (已有0个文件)
2026-03-28 20:23:37,935 [INFO] [27] 唐山 (已有0个文件)
2026-03-28 20:23:37,935 [INFO] ==================================================
2026-03-28 20:23:37,935 [INFO] ==================================================
2026-03-28 20:23:37,936 [INFO]   [唐山] 扫描: http://www.tangshan.gov.cn/columns/zhuzhan/tsczxx/index.html
2026-03-28 20:23:37,936 [INFO]   [唐山] 扫描: http://www.tangshan.gov.cn/columns/zhuzhan/tsczxx/index.html
2026-03-28 20:23:38,168 [INFO]   [唐山] 找到太少(0)，再扫描官网首页
2026-03-28 20:23:38,168 [INFO]   [唐山] 找到太少(0)，再扫描官网首页
2026-03-28 20:23:38,250 [INFO]   [唐山] 完成: 0/32部门, 0文件
2026-03-28 20:23:38,250 [INFO]   [唐山] 完成: 0/32部门, 0文件
2026-03-28 20:23:40,251 [INFO] --- 进度: 28/100 ---
2026-03-28 20:23:40,251 [INFO] --- 进度: 28/100 ---
2026-03-28 20:23:40,252 [INFO] [温州] 磁盘已有24个文件(>=15)，跳过
2026-03-28 20:23:40,252 [INFO] [温州] 磁盘已有24个文件(>=15)，跳过
2026-03-28 20:23:42,255 [INFO] --- 进度: 29/100 ---
2026-03-28 20:23:42,255 [INFO] --- 进度: 29/100 ---
2026-03-28 20:23:42,255 [INFO] ==================================================
2026-03-28 20:23:42,255 [INFO] ==================================================
2026-03-28 20:23:42,255 [INFO] [29] 大连 (已有0个文件)
2026-03-28 20:23:42,255 [INFO] [29] 大连 (已有0个文件)
2026-03-28 20:23:42,255 [INFO] ==================================================
2026-03-28 20:23:42,255 [INFO] ==================================================
2026-03-28 20:23:42,256 [INFO]   [大连] 扫描: http://www.dl.gov.cn/col/col2352/index.html
2026-03-28 20:23:42,256 [INFO]   [大连] 扫描: http://www.dl.gov.cn/col/col2352/index.html
