2026-03-28 10:10:49,791 [INFO] ==================================================
2026-03-28 10:10:49,792 [INFO] [3] 深圳
2026-03-28 10:10:49,792 [INFO] ==================================================
2026-03-28 10:10:49,792 [INFO]   [深圳] 已有文件覆盖 5 个部门
2026-03-28 10:10:49,792 [INFO]   [深圳] 策略1: 分页列表爬取 http://www.sz.gov.cn/cn/xxgk/zfxxgj/zjxx/gbmczyjs/
2026-03-28 10:10:50,398 [INFO]   [深圳] 检测到 200 页, 模式: index_N
2026-03-28 10:10:57,158 [INFO]   [深圳] 已扫描 10/50 页, 找到 2 个部门
2026-03-28 10:11:04,411 [INFO]   [深圳] 已扫描 20/50 页, 找到 13 个部门
2026-03-28 10:11:08,795 [INFO]   [深圳] 所有目标部门已找到, 停止翻页
2026-03-28 10:11:08,795 [INFO]   [深圳] 列表扫描完成: 28 个部门
2026-03-28 10:15:07,215 [INFO]   [深圳] 完成: 5/33部门, 0文件, 策略:paginated_list
2026-03-28 10:26:25,524 [INFO] ==================================================
2026-03-28 10:26:25,524 [INFO] [3] 深圳
2026-03-28 10:26:25,524 [INFO] ==================================================
2026-03-28 10:26:25,525 [INFO]   [深圳] 已有文件覆盖 5 个部门
2026-03-28 10:26:25,525 [INFO]   [深圳] 策略1: 分页列表爬取 http://www.sz.gov.cn/cn/xxgk/zfxxgj/zjxx/gbmczyjs/
2026-03-28 10:26:26,280 [INFO]   [深圳] 检测到 200 页, 模式: index_N
2026-03-28 10:26:33,036 [INFO]   [深圳] 已扫描 10/50 页, 找到 2 个部门
2026-03-28 10:26:39,132 [INFO]   [深圳] 已扫描 20/50 页, 找到 13 个部门
2026-03-28 10:26:43,383 [INFO]   [深圳] 所有目标部门已找到, 停止翻页
2026-03-28 10:26:43,384 [INFO]   [深圳] 列表扫描完成: 28 个部门
2026-03-28 10:26:46,965 [INFO]   [深圳] ✓ 卫生健康委员会 (详情页PDF)
2026-03-28 10:26:50,101 [INFO]   [深圳] ✓ 公安局 (详情页PDF)
2026-03-28 10:27:52,717 [INFO]   [深圳] ✓ 财政局 (详情页PDF)
2026-03-28 10:27:56,148 [INFO]   [深圳] ✓ 城市管理和综合执法局 (详情页PDF)
2026-03-28 10:27:59,639 [INFO]   [深圳] ✓ 住房和建设局 (详情页PDF)
2026-03-28 10:28:19,204 [INFO]   [深圳] ✓ 退役军人事务局 (详情页PDF)
2026-03-28 10:29:22,331 [INFO]   [深圳] ✓ 民政局 (详情页PDF)
2026-03-28 10:29:25,520 [INFO]   [深圳] ✓ 司法局 (详情页PDF)
2026-03-28 10:29:28,596 [INFO]   [深圳] ✓ 科技创新局 (详情页PDF)
2026-03-28 10:30:32,228 [INFO]   [深圳] ✓ 医疗保障局 (详情页PDF)
2026-03-28 10:30:35,577 [INFO]   [深圳] ✓ 交通运输局 (详情页PDF)
2026-03-28 10:30:54,760 [INFO]   [深圳] ✓ 发展和改革局 (详情页PDF)
2026-03-28 10:31:13,893 [INFO]   [深圳] ✓ 统计局 (详情页PDF)
2026-03-28 10:31:17,081 [INFO]   [深圳] ✓ 审计局 (详情页PDF)
2026-03-28 10:31:20,439 [INFO]   [深圳] ✓ 建筑工务署 (详情页PDF)
2026-03-28 10:31:23,551 [INFO]   [深圳] ✓ 信访局 (详情页PDF)
2026-03-28 10:31:44,150 [INFO]   [深圳] ✓ 应急管理局 (详情页PDF)
2026-03-28 10:31:50,549 [INFO]   [深圳] ✓ 人力资源和社会保障局 (详情页PDF)
2026-03-28 10:32:56,137 [INFO]   [深圳] ✓ 生态环境局 (详情页PDF)
2026-03-28 10:32:59,530 [INFO]   [深圳] ✓ 气象局 (详情页PDF)
2026-03-28 10:34:02,767 [INFO]   [深圳] ✓ 口岸办公室 (详情页PDF)
2026-03-28 10:34:21,863 [INFO]   [深圳] ✓ 国有资产监督管理委员会 (详情页PDF)
2026-03-28 10:34:25,279 [INFO]   [深圳] ✓ 政府办公厅 (详情页PDF)
2026-03-28 10:34:28,718 [INFO]   [深圳] ✓ 文化广电旅游体育局 (详情页PDF)
2026-03-28 10:34:35,067 [INFO]   [深圳] ✓ 水务局 (详情页PDF)
2026-03-28 10:34:38,213 [INFO]   [深圳] ✓ 工业和信息化局 (详情页PDF)
2026-03-28 10:34:42,361 [INFO]   [深圳] ✓ 公安局交通警察局 (详情页PDF)
2026-03-28 10:34:45,523 [INFO]   [深圳] ✓ 宣传部 (详情页PDF)
2026-03-28 10:34:45,824 [INFO]   [深圳] 完成: 33/33部门, 28文件, 策略:paginated_list
2026-03-28 10:38:39,289 [INFO] 开始爬取 100 个城市, 33个目标部门
2026-03-28 10:38:39,289 [INFO] 有URL: 100, 需探测: 0
2026-03-28 10:38:39,289 [INFO] --- 进度: 1/100 ---
2026-03-28 10:38:39,289 [INFO] ==================================================
2026-03-28 10:38:39,290 [INFO] [1] 上海
2026-03-28 10:38:39,290 [INFO] ==================================================
2026-03-28 10:38:39,290 [INFO]   [上海] 已有文件覆盖 25 个部门
2026-03-28 10:38:39,291 [INFO]   [上海] 策略1: 分页列表爬取 http://www.shanghai.gov.cn/bmys-26-002/index.html
2026-03-28 10:38:40,943 [INFO]   [上海] 检测到 1 页, 模式: single
2026-03-28 10:38:40,944 [INFO]   [上海] 列表扫描完成: 0 个部门
2026-03-28 10:38:40,944 [INFO]   [上海] 还缺 8 个部门, 启用搜索策略
2026-03-28 10:38:50,378 [INFO]   [上海] 未找到搜索接口, 跳过搜索策略
2026-03-28 10:38:50,378 [INFO]   [上海] 完成: 25/33部门, 0文件, 策略:paginated_list+search
2026-03-28 10:38:52,379 [INFO] --- 进度: 2/100 ---
2026-03-28 10:38:52,380 [INFO] ==================================================
2026-03-28 10:38:52,380 [INFO] [2] 北京
2026-03-28 10:38:52,380 [INFO] ==================================================
2026-03-28 10:38:52,383 [INFO]   [北京] 已有文件覆盖 30 个部门
2026-03-28 10:38:52,383 [INFO]   [北京] 策略1: 分页列表爬取 http://www.beijing.gov.cn/gongkai/caizheng/czzt/2026ys/index.html
2026-03-28 10:38:56,359 [INFO]   [北京] 检测到 1 页, 模式: single
2026-03-28 10:38:56,362 [INFO]   [北京] 列表扫描完成: 0 个部门
2026-03-28 10:38:56,363 [INFO]   [北京] 完成: 30/33部门, 0文件, 策略:paginated_list
2026-03-28 10:38:58,364 [INFO] --- 进度: 3/100 ---
2026-03-28 10:38:58,365 [INFO] [深圳] 已有 33 个部门, 跳过
2026-03-28 10:39:00,365 [INFO] --- 进度: 4/100 ---
2026-03-28 10:39:00,365 [INFO] ==================================================
2026-03-28 10:39:00,365 [INFO] [4] 重庆
2026-03-28 10:39:00,365 [INFO] ==================================================
2026-03-28 10:39:00,376 [INFO]   [重庆] 已有文件覆盖 30 个部门
2026-03-28 10:39:00,376 [INFO]   [重庆] 策略1: 分页列表爬取 http://www.cq.gov.cn/zwgk/zfxxgkzl/fdzdgknr/ysjs/szfbgtjszfbmyjsqk/ys/
2026-03-28 10:39:02,229 [INFO]   [重庆] 检测到 1 页, 模式: single
2026-03-28 10:39:02,235 [INFO]   [重庆] 列表扫描完成: 0 个部门
2026-03-28 10:39:02,235 [INFO]   [重庆] 完成: 30/33部门, 0文件, 策略:paginated_list
2026-03-28 10:39:04,236 [INFO] --- 进度: 5/100 ---
2026-03-28 10:39:04,236 [INFO] ==================================================
2026-03-28 10:39:04,236 [INFO] [5] 广州
2026-03-28 10:39:04,236 [INFO] ==================================================
2026-03-28 10:39:04,238 [INFO]   [广州] 已有文件覆盖 28 个部门
2026-03-28 10:39:04,238 [INFO]   [广州] 策略1: 分页列表爬取 http://www.gz.gov.cn/zwgk/zdly/czzj/bmyjshsgjf/ys/2026n/index.html
2026-03-28 10:39:07,851 [INFO]   [广州] 检测到 7 页, 模式: index_N
2026-03-28 10:39:20,082 [INFO]   [广州] 列表扫描完成: 2 个部门
2026-03-28 10:39:23,017 [INFO]   [广州] ✓ 气象局 (详情页PDF)
2026-03-28 10:39:25,435 [INFO]   [广州] ✓ 宣传部 (详情页PDF)
2026-03-28 10:39:25,736 [INFO]   [广州] 完成: 30/33部门, 2文件, 策略:paginated_list
2026-03-28 10:39:27,737 [INFO] --- 进度: 6/100 ---
2026-03-28 10:39:27,738 [INFO] ==================================================
2026-03-28 10:39:27,738 [INFO] [6] 苏州
2026-03-28 10:39:27,738 [INFO] ==================================================
2026-03-28 10:39:27,740 [INFO]   [苏州] 已有文件覆盖 28 个部门
2026-03-28 10:39:27,740 [INFO]   [苏州] 策略1: 分页列表爬取 http://www.suzhou.gov.cn/szsrmzf/sjzfbmczyjs/xxgkzdly.shtml
2026-03-28 10:39:30,381 [INFO]   [苏州] 检测到 1 页, 模式: single
2026-03-28 10:39:30,386 [INFO]   [苏州] 列表扫描完成: 0 个部门
2026-03-28 10:39:30,386 [INFO]   [苏州] 完成: 28/33部门, 0文件, 策略:paginated_list
2026-03-28 10:39:32,387 [INFO] --- 进度: 7/100 ---
2026-03-28 10:39:32,387 [INFO] ==================================================
2026-03-28 10:39:32,388 [INFO] [7] 成都
2026-03-28 10:39:32,388 [INFO] ==================================================
2026-03-28 10:39:32,388 [INFO]   [成都] 策略1: 分页列表爬取 http://www.chengdu.gov.cn/gkml/czyjs/column-index-1.shtml
2026-03-28 10:40:34,662 [WARNING]   [成都] 无法访问预算页
2026-03-28 10:40:34,662 [INFO]   [成都] 还缺 33 个部门, 启用搜索策略
2026-03-28 10:42:56,217 [INFO]   [成都] 未找到搜索接口, 跳过搜索策略
2026-03-28 10:42:56,218 [INFO]   [成都] 完成: 0/33部门, 0文件, 策略:paginated_list+search
2026-03-28 10:42:58,218 [INFO] --- 进度: 8/100 ---
2026-03-28 10:42:58,219 [INFO] ==================================================
2026-03-28 10:42:58,219 [INFO] [8] 杭州
2026-03-28 10:42:58,219 [INFO] ==================================================
2026-03-28 10:42:58,219 [INFO]   [杭州] 已有文件覆盖 5 个部门
2026-03-28 10:42:58,219 [INFO]   [杭州] 策略1: 分页列表爬取 http://www.hangzhou.gov.cn/col/col1229063412/index.html
2026-03-28 10:44:01,509 [WARNING]   [杭州] 无法访问预算页
2026-03-28 10:44:01,509 [INFO]   [杭州] 还缺 28 个部门, 启用搜索策略
2026-03-28 10:46:26,840 [INFO]   [杭州] 未找到搜索接口, 跳过搜索策略
2026-03-28 10:46:26,841 [INFO]   [杭州] 完成: 5/33部门, 0文件, 策略:paginated_list+search
2026-03-28 10:46:28,841 [INFO] --- 进度: 9/100 ---
2026-03-28 10:46:28,841 [INFO] ==================================================
2026-03-28 10:46:28,841 [INFO] [9] 武汉
2026-03-28 10:46:28,841 [INFO] ==================================================
2026-03-28 10:46:28,843 [INFO]   [武汉] 已有文件覆盖 27 个部门
2026-03-28 10:46:28,843 [INFO]   [武汉] 策略1: 分页列表爬取 http://www.wuhan.gov.cn/ztzl/yjs/2026/
2026-03-28 10:46:30,938 [INFO]   [武汉] 检测到 1 页, 模式: single
2026-03-28 10:46:30,942 [INFO]   [武汉] 列表扫描完成: 0 个部门
2026-03-28 10:46:30,942 [INFO]   [武汉] 还缺 6 个部门, 启用搜索策略
2026-03-28 10:46:32,877 [INFO]   [武汉] 探测到搜索接口: /search?searchWord={query}
2026-03-28 10:46:32,877 [INFO]   [武汉] 搜索策略: 逐个搜索 6 个委办局
2026-03-28 10:46:41,124 [INFO]   [武汉] 搜索策略完成: 找到 0/6 个部门
2026-03-28 10:46:41,124 [INFO]   [武汉] 完成: 27/33部门, 0文件, 策略:paginated_list+search
2026-03-28 10:46:43,124 [INFO] --- 进度: 10/100 ---
2026-03-28 10:46:43,125 [INFO] ==================================================
2026-03-28 10:46:43,125 [INFO] [10] 南京
2026-03-28 10:46:43,125 [INFO] ==================================================
2026-03-28 10:46:43,125 [INFO]   [南京] 策略1: 分页列表爬取 http://www.nanjing.gov.cn/site/zgnj/search.html?searchWord=2026%20%E9%A2%84%E7%AE%97&siteId=10&pageSize=10&searchWord2=2026%20%E9%A2%84%E7%AE%97
2026-03-28 10:46:44,253 [INFO]   [南京] 检测到 1 页, 模式: single
2026-03-28 10:46:44,253 [INFO]   [南京] 列表扫描完成: 0 个部门
2026-03-28 10:46:44,253 [INFO]   [南京] 还缺 33 个部门, 启用搜索策略
2026-03-28 10:46:49,727 [INFO]   [南京] 未找到搜索接口, 跳过搜索策略
2026-03-28 10:46:49,728 [INFO]   [南京] 完成: 0/33部门, 0文件, 策略:paginated_list+search
2026-03-28 10:46:51,728 [INFO] --- 进度: 11/100 ---
2026-03-28 10:46:51,728 [INFO] ==================================================
2026-03-28 10:46:51,728 [INFO] [11] 宁波
2026-03-28 10:46:51,729 [INFO] ==================================================
2026-03-28 10:46:51,730 [INFO]   [宁波] 已有文件覆盖 25 个部门
2026-03-28 10:46:51,730 [INFO]   [宁波] 策略1: 分页列表爬取 http://yjs.czj.ningbo.gov.cn/gkxxzl/nbcs/budget/main
2026-03-28 10:49:54,732 [WARNING]   [宁波] 无法访问预算页
2026-03-28 10:49:54,732 [INFO]   [宁波] 还缺 8 个部门, 启用搜索策略
2026-03-28 10:52:20,332 [INFO]   [宁波] 未找到搜索接口, 跳过搜索策略
2026-03-28 10:52:20,333 [INFO]   [宁波] 完成: 25/33部门, 0文件, 策略:paginated_list+search
2026-03-28 10:52:22,333 [INFO] --- 进度: 12/100 ---
2026-03-28 10:52:22,333 [INFO] ==================================================
2026-03-28 10:52:22,333 [INFO] [12] 天津
2026-03-28 10:52:22,333 [INFO] ==================================================
2026-03-28 10:52:22,334 [INFO]   [天津] 已有文件覆盖 6 个部门
2026-03-28 10:52:22,334 [INFO]   [天津] 策略1: 分页列表爬取 http://cz.tj.gov.cn/zwgk_53713/yjsgktypt/ysgk/2026bmys/
2026-03-28 10:52:25,711 [WARNING]   [天津] 无法访问预算页
2026-03-28 10:52:25,711 [INFO]   [天津] 还缺 27 个部门, 启用搜索策略
2026-03-28 10:52:36,936 [INFO]   [天津] 未找到搜索接口, 跳过搜索策略
2026-03-28 10:52:36,937 [INFO]   [天津] 完成: 6/33部门, 0文件, 策略:paginated_list+search
2026-03-28 10:52:38,938 [INFO] --- 进度: 13/100 ---
2026-03-28 10:52:38,939 [INFO] ==================================================
2026-03-28 10:52:38,939 [INFO] [13] 青岛
2026-03-28 10:52:38,939 [INFO] ==================================================
2026-03-28 10:52:38,940 [INFO]   [青岛] 已有文件覆盖 2 个部门
2026-03-28 10:52:38,940 [INFO]   [青岛] 策略1: 分页列表爬取 http://www.qingdao.gov.cn/zwgk/search.shtml?searchWord=2026%20%E9%A2%84%E7%AE%97
2026-03-28 10:52:40,508 [INFO]   [青岛] 检测到 1 页, 模式: single
2026-03-28 10:52:40,509 [INFO]   [青岛] 列表扫描完成: 0 个部门
2026-03-28 10:52:40,509 [INFO]   [青岛] 还缺 31 个部门, 启用搜索策略
2026-03-28 10:53:20,782 [INFO]   [青岛] 未找到搜索接口, 跳过搜索策略
2026-03-28 10:53:20,783 [INFO]   [青岛] 完成: 2/33部门, 0文件, 策略:paginated_list+search
2026-03-28 10:53:22,783 [INFO] --- 进度: 14/100 ---
2026-03-28 10:53:22,783 [INFO] ==================================================
2026-03-28 10:53:22,784 [INFO] [14] 无锡
2026-03-28 10:53:22,784 [INFO] ==================================================
2026-03-28 10:53:22,786 [INFO]   [无锡] 已有文件覆盖 28 个部门
2026-03-28 10:53:22,786 [INFO]   [无锡] 策略1: 分页列表爬取 http://www.wuxi.gov.cn/zfxxgk/szfxxgkml/czxx/zfbmczyjs/index.shtml
2026-03-28 10:53:25,898 [INFO]   [无锡] 检测到 1 页, 模式: single
2026-03-28 10:53:25,902 [INFO]   [无锡] 列表扫描完成: 0 个部门
2026-03-28 10:53:25,903 [INFO]   [无锡] 完成: 28/33部门, 0文件, 策略:paginated_list
2026-03-28 10:53:27,903 [INFO] --- 进度: 15/100 ---
2026-03-28 10:53:27,903 [INFO] ==================================================
2026-03-28 10:53:27,904 [INFO] [15] 长沙
2026-03-28 10:53:27,904 [INFO] ==================================================
2026-03-28 10:53:27,905 [INFO]   [长沙] 已有文件覆盖 27 个部门
2026-03-28 10:53:27,905 [INFO]   [长沙] 策略1: 分页列表爬取 http://www.changsha.gov.cn/szf/ztzl/ysgk/
2026-03-28 10:53:40,071 [WARNING]   [长沙] 无法访问预算页
2026-03-28 10:53:40,071 [INFO]   [长沙] 还缺 6 个部门, 启用搜索策略
2026-03-28 10:54:25,126 [INFO]   [长沙] 未找到搜索接口, 跳过搜索策略
2026-03-28 10:54:25,127 [INFO]   [长沙] 完成: 27/33部门, 0文件, 策略:paginated_list+search
2026-03-28 10:54:27,127 [INFO] --- 进度: 16/100 ---
2026-03-28 10:54:27,127 [INFO] ==================================================
2026-03-28 10:54:27,127 [INFO] [16] 郑州
2026-03-28 10:54:27,127 [INFO] ==================================================
2026-03-28 10:54:27,128 [INFO]   [郑州] 已有文件覆盖 5 个部门
2026-03-28 10:54:27,128 [INFO]   [郑州] 策略1: 分页列表爬取 http://public.zhengzhou.gov.cn/?a=dir&h=1&p=D1901&c=177950&f=177991
2026-03-28 10:54:29,297 [INFO]   [郑州] 检测到 146 页, 模式: page_param
2026-03-28 10:54:39,797 [INFO]   [郑州] 已扫描 10/50 页, 找到 17 个部门
2026-03-28 10:54:51,305 [INFO]   [郑州] 已扫描 20/50 页, 找到 19 个部门
2026-03-28 10:55:02,753 [INFO]   [郑州] 已扫描 30/50 页, 找到 20 个部门
2026-03-28 10:55:14,401 [INFO]   [郑州] 已扫描 40/50 页, 找到 20 个部门
2026-03-28 10:55:26,435 [INFO]   [郑州] 已扫描 50/50 页, 找到 20 个部门
2026-03-28 10:55:26,435 [INFO]   [郑州] 列表扫描完成: 20 个部门
2026-03-28 10:55:26,435 [INFO]   [郑州] 还缺 8 个部门, 启用搜索策略
2026-03-28 10:55:28,944 [INFO]   [郑州] 搜索策略: 逐个搜索 8 个委办局
2026-03-28 10:55:40,179 [INFO]   [郑州] 搜索策略完成: 找到 0/8 个部门
2026-03-28 10:56:37,793 [INFO]   [郑州] 完成: 25/33部门, 20文件, 策略:paginated_list+search
2026-03-28 10:56:39,796 [INFO] --- 进度: 17/100 ---
2026-03-28 10:56:39,796 [INFO] ==================================================
2026-03-28 10:56:39,797 [INFO] [17] 福州
2026-03-28 10:56:39,797 [INFO] ==================================================
2026-03-28 10:56:39,799 [INFO]   [福州] 已有文件覆盖 27 个部门
2026-03-28 10:56:39,799 [INFO]   [福州] 策略1: 分页列表爬取 http://www.fuzhou.gov.cn/zgfzzt/czzj/bmndyjs/bmysgk/
2026-03-28 10:56:56,995 [INFO]   [福州] 检测到 1 页, 模式: single
2026-03-28 10:56:57,000 [INFO]   [福州] 列表扫描完成: 0 个部门
2026-03-28 10:56:57,000 [INFO]   [福州] 还缺 6 个部门, 启用搜索策略
2026-03-28 10:57:04,035 [INFO]   [福州] 未找到搜索接口, 跳过搜索策略
2026-03-28 10:57:04,036 [INFO]   [福州] 完成: 27/33部门, 0文件, 策略:paginated_list+search
2026-03-28 10:57:06,036 [INFO] --- 进度: 18/100 ---
2026-03-28 10:57:06,036 [INFO] ==================================================
2026-03-28 10:57:06,036 [INFO] [18] 济南
2026-03-28 10:57:06,036 [INFO] ==================================================
2026-03-28 10:57:06,038 [INFO]   [济南] 已有文件覆盖 29 个部门
2026-03-28 10:57:06,038 [INFO]   [济南] 策略1: 分页列表爬取 http://www.jinan.gov.cn/col/col55590/index.html?jh=263
2026-03-28 10:57:08,134 [INFO]   [济南] 检测到 1 页, 模式: single
2026-03-28 10:57:08,136 [INFO]   [济南] 列表扫描完成: 0 个部门
2026-03-28 10:57:08,136 [INFO]   [济南] 完成: 29/33部门, 0文件, 策略:paginated_list
2026-03-28 10:57:10,137 [INFO] --- 进度: 19/100 ---
2026-03-28 10:57:10,138 [INFO] ==================================================
2026-03-28 10:57:10,138 [INFO] [19] 合肥
2026-03-28 10:57:10,138 [INFO] ==================================================
2026-03-28 10:57:10,139 [INFO]   [合肥] 策略1: 分页列表爬取 http://www.hefei.gov.cn/zwgk/site/tpl/1541
2026-03-28 10:57:34,874 [WARNING]   [合肥] 无法访问预算页
2026-03-28 10:57:34,874 [INFO]   [合肥] 还缺 33 个部门, 启用搜索策略
2026-03-28 10:59:09,168 [INFO]   [合肥] 未找到搜索接口, 跳过搜索策略
2026-03-28 10:59:09,169 [INFO]   [合肥] 完成: 0/33部门, 0文件, 策略:paginated_list+search
2026-03-28 10:59:11,169 [INFO] --- 进度: 20/100 ---
2026-03-28 10:59:11,169 [INFO] ==================================================
2026-03-28 10:59:11,169 [INFO] [20] 西安
2026-03-28 10:59:11,169 [INFO] ==================================================
2026-03-28 10:59:11,170 [INFO]   [西安] 已有文件覆盖 7 个部门
2026-03-28 10:59:11,170 [INFO]   [西安] 策略1: 分页列表爬取 http://www.xa.gov.cn/gk/czzj/bmczyjs/2026nbmczys/1.html
2026-03-28 10:59:14,299 [INFO]   [西安] 检测到 1 页, 模式: single
2026-03-28 10:59:14,301 [INFO]   [西安] 列表扫描完成: 0 个部门
2026-03-28 10:59:14,301 [INFO]   [西安] 还缺 26 个部门, 启用搜索策略
2026-03-28 10:59:44,684 [INFO]   [西安] 未找到搜索接口, 跳过搜索策略
2026-03-28 10:59:44,685 [INFO]   [西安] 完成: 7/33部门, 0文件, 策略:paginated_list+search
2026-03-28 10:59:46,685 [INFO] --- 进度: 21/100 ---
2026-03-28 10:59:46,685 [INFO] ==================================================
2026-03-28 10:59:46,685 [INFO] [21] 泉州
2026-03-28 10:59:46,685 [INFO] ==================================================
2026-03-28 10:59:46,687 [INFO]   [泉州] 已有文件覆盖 26 个部门
2026-03-28 10:59:46,687 [INFO]   [泉州] 策略1: 分页列表爬取 http://www.quanzhou.gov.cn/zfb/xxgk/ztxxgk/czzj/bmczyjs/
2026-03-28 10:59:48,649 [INFO]   [泉州] 检测到 1 页, 模式: single
2026-03-28 10:59:48,652 [INFO]   [泉州] 列表扫描完成: 0 个部门
2026-03-28 10:59:48,652 [INFO]   [泉州] 还缺 7 个部门, 启用搜索策略
2026-03-28 10:59:59,304 [INFO]   [泉州] 未找到搜索接口, 跳过搜索策略
2026-03-28 10:59:59,305 [INFO]   [泉州] 完成: 26/33部门, 0文件, 策略:paginated_list+search
2026-03-28 11:00:01,306 [INFO] --- 进度: 22/100 ---
2026-03-28 11:00:01,307 [INFO] ==================================================
2026-03-28 11:00:01,307 [INFO] [22] 佛山
2026-03-28 11:00:01,307 [INFO] ==================================================
2026-03-28 11:00:01,309 [INFO]   [佛山] 已有文件覆盖 28 个部门
2026-03-28 11:00:01,309 [INFO]   [佛山] 策略1: 分页列表爬取 http://www.foshan.gov.cn/zwgk/zdly/czxx/czxxgk/czjjbm/index.html
2026-03-28 11:00:03,959 [WARNING]   [佛山] 无法访问预算页
2026-03-28 11:00:03,960 [INFO]   [佛山] 完成: 28/33部门, 0文件, 策略:paginated_list
2026-03-28 11:00:05,960 [INFO] --- 进度: 23/100 ---
2026-03-28 11:00:05,960 [INFO] ==================================================
2026-03-28 11:00:05,960 [INFO] [23] 南通
2026-03-28 11:00:05,960 [INFO] ==================================================
2026-03-28 11:00:05,960 [INFO]   [南通] 已有文件覆盖 4 个部门
2026-03-28 11:00:05,960 [INFO]   [南通] 策略1: 分页列表爬取 http://www.nantong.gov.cn/ntsrmzf/2026n_cz/2026n_cz.html
2026-03-28 11:00:09,398 [INFO]   [南通] 检测到 1 页, 模式: single
2026-03-28 11:00:09,399 [INFO]   [南通] 列表扫描完成: 0 个部门
2026-03-28 11:00:09,399 [INFO]   [南通] 还缺 29 个部门, 启用搜索策略
2026-03-28 11:00:22,404 [INFO]   [南通] 未找到搜索接口, 跳过搜索策略
2026-03-28 11:00:22,405 [INFO]   [南通] 完成: 4/33部门, 0文件, 策略:paginated_list+search
2026-03-28 11:00:24,406 [INFO] --- 进度: 24/100 ---
2026-03-28 11:00:24,407 [INFO] ==================================================
2026-03-28 11:00:24,407 [INFO] [24] 东莞
2026-03-28 11:00:24,407 [INFO] ==================================================
2026-03-28 11:00:24,409 [INFO]   [东莞] 已有文件覆盖 26 个部门
2026-03-28 11:00:24,409 [INFO]   [东莞] 策略1: 分页列表爬取 http://www.dg.gov.cn/zwgk/czxx/index.html
2026-03-28 11:00:40,792 [INFO]   [东莞] 检测到 1 页, 模式: single
2026-03-28 11:00:40,793 [INFO]   [东莞] 列表扫描完成: 0 个部门
2026-03-28 11:00:40,793 [INFO]   [东莞] 还缺 7 个部门, 启用搜索策略
2026-03-28 11:00:47,859 [INFO]   [东莞] 未找到搜索接口, 跳过搜索策略
2026-03-28 11:00:47,860 [INFO]   [东莞] 完成: 26/33部门, 0文件, 策略:paginated_list+search
2026-03-28 11:00:49,860 [INFO] --- 进度: 25/100 ---
2026-03-28 11:00:49,861 [INFO] ==================================================
2026-03-28 11:00:49,861 [INFO] [25] 烟台
2026-03-28 11:00:49,861 [INFO] ==================================================
2026-03-28 11:00:49,862 [INFO]   [烟台] 已有文件覆盖 28 个部门
2026-03-28 11:00:49,862 [INFO]   [烟台] 策略1: 分页列表爬取 http://www.yantai.gov.cn/col/col55145/2026n/index.html
2026-03-28 11:00:52,604 [INFO]   [烟台] 检测到 1 页, 模式: single
2026-03-28 11:00:52,611 [INFO]   [烟台] 列表扫描完成: 0 个部门
2026-03-28 11:00:52,612 [INFO]   [烟台] 完成: 28/33部门, 0文件, 策略:paginated_list
2026-03-28 11:00:54,613 [INFO] --- 进度: 26/100 ---
2026-03-28 11:00:54,614 [INFO] ==================================================
2026-03-28 11:00:54,614 [INFO] [26] 常州
2026-03-28 11:00:54,614 [INFO] ==================================================
2026-03-28 11:00:54,615 [INFO]   [常州] 已有文件覆盖 27 个部门
2026-03-28 11:00:54,615 [INFO]   [常州] 策略1: 分页列表爬取 http://www.changzhou.gov.cn/gi_class/zwgk_05?furl=zdgk&cache=no&test=bbb
2026-03-28 11:00:58,010 [INFO]   [常州] 检测到 1 页, 模式: single
2026-03-28 11:00:58,012 [INFO]   [常州] 列表扫描完成: 0 个部门
2026-03-28 11:00:58,012 [INFO]   [常州] 还缺 6 个部门, 启用搜索策略
2026-03-28 11:00:59,030 [INFO]   [常州] 搜索策略: 逐个搜索 6 个委办局
2026-03-28 11:01:08,498 [INFO]   [常州] 搜索策略完成: 找到 0/6 个部门
2026-03-28 11:01:08,499 [INFO]   [常州] 完成: 27/33部门, 0文件, 策略:paginated_list+search
2026-03-28 11:01:10,500 [INFO] --- 进度: 27/100 ---
2026-03-28 11:01:10,500 [INFO] ==================================================
2026-03-28 11:01:10,500 [INFO] [27] 唐山
2026-03-28 11:01:10,501 [INFO] ==================================================
2026-03-28 11:01:10,501 [INFO]   [唐山] 策略1: 分页列表爬取 http://www.tangshan.gov.cn/columns/zhuzhan/tsczxx/index.html
2026-03-28 11:01:12,584 [WARNING]   [唐山] 无法访问预算页
2026-03-28 11:01:12,584 [INFO]   [唐山] 还缺 33 个部门, 启用搜索策略
2026-03-28 11:01:18,485 [INFO]   [唐山] 未找到搜索接口, 跳过搜索策略
2026-03-28 11:01:18,487 [INFO]   [唐山] 完成: 0/33部门, 0文件, 策略:paginated_list+search
2026-03-28 11:01:20,487 [INFO] --- 进度: 28/100 ---
2026-03-28 11:01:20,488 [INFO] ==================================================
2026-03-28 11:01:20,488 [INFO] [28] 温州
2026-03-28 11:01:20,488 [INFO] ==================================================
2026-03-28 11:01:20,489 [INFO]   [温州] 已有文件覆盖 12 个部门
2026-03-28 11:01:20,489 [INFO]   [温州] 策略1: 分页列表爬取 http://www.wenzhou.gov.cn/col/col1229249208/index.html
2026-03-28 11:02:23,817 [WARNING]   [温州] 无法访问预算页
2026-03-28 11:02:23,818 [INFO]   [温州] 还缺 21 个部门, 启用搜索策略
2026-03-28 11:04:49,083 [INFO]   [温州] 未找到搜索接口, 跳过搜索策略
2026-03-28 11:04:49,084 [INFO]   [温州] 完成: 12/33部门, 0文件, 策略:paginated_list+search
2026-03-28 11:04:51,084 [INFO] --- 进度: 29/100 ---
2026-03-28 11:04:51,085 [INFO] ==================================================
2026-03-28 11:04:51,086 [INFO] [29] 大连
2026-03-28 11:04:51,086 [INFO] ==================================================
2026-03-28 11:04:51,086 [INFO]   [大连] 策略1: 分页列表爬取 http://www.dl.gov.cn/col/col2352/index.html
2026-03-28 11:05:31,118 [WARNING]   [大连] 无法访问预算页
2026-03-28 11:05:31,118 [INFO]   [大连] 还缺 33 个部门, 启用搜索策略
2026-03-28 11:08:12,633 [INFO]   [大连] 未找到搜索接口, 跳过搜索策略
2026-03-28 11:08:12,634 [INFO]   [大连] 完成: 0/33部门, 0文件, 策略:paginated_list+search
2026-03-28 11:08:14,635 [INFO] --- 进度: 30/100 ---
2026-03-28 11:08:14,635 [INFO] ==================================================
2026-03-28 11:08:14,635 [INFO] [30] 徐州
2026-03-28 11:08:14,635 [INFO] ==================================================
2026-03-28 11:08:14,635 [INFO]   [徐州] 策略1: 分页列表爬取 http://www.xz.gov.cn/002/002020/ysjs.html
2026-03-28 11:09:17,368 [WARNING]   [徐州] 无法访问预算页
2026-03-28 11:09:17,368 [INFO]   [徐州] 还缺 33 个部门, 启用搜索策略
2026-03-28 11:11:40,029 [INFO]   [徐州] 未找到搜索接口, 跳过搜索策略
2026-03-28 11:11:40,030 [INFO]   [徐州] 完成: 0/33部门, 0文件, 策略:paginated_list+search
2026-03-28 11:11:42,030 [INFO] --- 进度: 31/100 ---
2026-03-28 11:11:42,030 [INFO] ==================================================
2026-03-28 11:11:42,030 [INFO] [31] 沈阳
2026-03-28 11:11:42,030 [INFO] ==================================================
2026-03-28 11:11:42,031 [INFO]   [沈阳] 已有文件覆盖 2 个部门
2026-03-28 11:11:42,031 [INFO]   [沈阳] 策略1: 分页列表爬取 http://www.shenyang.gov.cn/zwgk/fdzdgknr/ysjs/bmczyjsbgjsgjf/bmysnew/2026nbmys/
2026-03-28 11:11:43,786 [INFO]   [沈阳] 检测到 1 页, 模式: single
2026-03-28 11:11:43,787 [INFO]   [沈阳] 列表扫描完成: 0 个部门
2026-03-28 11:11:43,787 [INFO]   [沈阳] 还缺 31 个部门, 启用搜索策略
2026-03-28 11:11:53,491 [INFO]   [沈阳] 未找到搜索接口, 跳过搜索策略
2026-03-28 11:11:53,491 [INFO]   [沈阳] 完成: 2/33部门, 0文件, 策略:paginated_list+search
2026-03-28 11:11:55,493 [INFO] --- 进度: 32/100 ---
2026-03-28 11:11:55,493 [INFO] ==================================================
2026-03-28 11:11:55,493 [INFO] [32] 厦门
2026-03-28 11:11:55,493 [INFO] ==================================================
2026-03-28 11:11:55,494 [INFO]   [厦门] 策略1: 分页列表爬取 http://www.xm.gov.cn/zdxxgk/czzjxx/szfbmczyjs/2026/
2026-03-28 11:11:57,418 [INFO]   [厦门] 检测到 1 页, 模式: single
2026-03-28 11:11:57,421 [INFO]   [厦门] 列表扫描完成: 2 个部门
2026-03-28 11:11:57,421 [INFO]   [厦门] 还缺 31 个部门, 启用搜索策略
2026-03-28 11:14:00,152 [INFO]   [厦门] 未找到搜索接口, 跳过搜索策略
2026-03-28 11:14:04,795 [INFO]   [厦门] ✓ 气象局 (详情页PDF)
2026-03-28 11:14:05,096 [INFO]   [厦门] 完成: 2/33部门, 2文件, 策略:paginated_list+search
2026-03-28 11:14:07,097 [INFO] --- 进度: 33/100 ---
2026-03-28 11:14:07,097 [INFO] ==================================================
2026-03-28 11:14:07,097 [INFO] [33] 绍兴
2026-03-28 11:14:07,097 [INFO] ==================================================
2026-03-28 11:14:07,097 [INFO]   [绍兴] 策略1: 分页列表爬取 http://www.sx.gov.cn/col/col1229724451/index.html
2026-03-28 11:15:10,333 [WARNING]   [绍兴] 无法访问预算页
2026-03-28 11:15:10,334 [INFO]   [绍兴] 还缺 33 个部门, 启用搜索策略
2026-03-28 11:15:20,249 [INFO]   [绍兴] 未找到搜索接口, 跳过搜索策略
2026-03-28 11:15:20,250 [INFO]   [绍兴] 完成: 0/33部门, 0文件, 策略:paginated_list+search
2026-03-28 11:15:22,250 [INFO] --- 进度: 34/100 ---
2026-03-28 11:15:22,250 [INFO] ==================================================
2026-03-28 11:15:22,250 [INFO] [34] 石家庄
2026-03-28 11:15:22,250 [INFO] ==================================================
2026-03-28 11:15:22,250 [INFO]   [石家庄] 策略1: 分页列表爬取 http://www.sjz.gov.cn/yjsgk/
2026-03-28 11:15:23,323 [INFO]   [石家庄] 检测到 1 页, 模式: single
2026-03-28 11:15:23,328 [INFO]   [石家庄] 列表扫描完成: 30 个部门
2026-03-28 11:16:50,388 [INFO]   [石家庄] 完成: 30/33部门, 30文件, 策略:paginated_list
2026-03-28 11:16:52,389 [INFO] --- 进度: 35/100 ---
2026-03-28 11:16:52,390 [INFO] ==================================================
2026-03-28 11:16:52,390 [INFO] [35] 昆明
2026-03-28 11:16:52,390 [INFO] ==================================================
2026-03-28 11:16:52,391 [INFO]   [昆明] 已有文件覆盖 26 个部门
2026-03-28 11:16:52,391 [INFO]   [昆明] 策略1: 分页列表爬取 http://www.km.gov.cn/zfxxgk/fdzdgknr/zdlyxxgk/sjczyjs/bmsgjf/
2026-03-28 11:17:04,979 [WARNING]   [昆明] 无法访问预算页
2026-03-28 11:17:04,979 [INFO]   [昆明] 还缺 7 个部门, 启用搜索策略
2026-03-28 11:18:03,144 [INFO]   [昆明] 未找到搜索接口, 跳过搜索策略
2026-03-28 11:18:03,145 [INFO]   [昆明] 完成: 26/33部门, 0文件, 策略:paginated_list+search
2026-03-28 11:18:05,145 [INFO] --- 进度: 36/100 ---
2026-03-28 11:18:05,146 [INFO] ==================================================
2026-03-28 11:18:05,146 [INFO] [36] 潍坊
2026-03-28 11:18:05,146 [INFO] ==================================================
2026-03-28 11:18:05,146 [INFO]   [潍坊] 已有文件覆盖 13 个部门
2026-03-28 11:18:05,146 [INFO]   [潍坊] 策略1: 分页列表爬取 http://www.weifang.gov.cn/xxgk/fdzdgk2020new.html
2026-03-28 11:18:32,740 [WARNING]   [潍坊] 无法访问预算页
2026-03-28 11:18:32,741 [INFO]   [潍坊] 还缺 20 个部门, 启用搜索策略
2026-03-28 11:20:26,151 [INFO]   [潍坊] 未找到搜索接口, 跳过搜索策略
2026-03-28 11:20:26,152 [INFO]   [潍坊] 完成: 13/33部门, 0文件, 策略:paginated_list+search
2026-03-28 11:20:28,152 [INFO] --- 进度: 37/100 ---
2026-03-28 11:20:28,152 [INFO] ==================================================
2026-03-28 11:20:28,152 [INFO] [37] 南昌
2026-03-28 11:20:28,152 [INFO] ==================================================
2026-03-28 11:20:28,153 [INFO]   [南昌] 已有文件覆盖 26 个部门
2026-03-28 11:20:28,153 [INFO]   [南昌] 策略1: 分页列表爬取 http://www.nc.gov.cn/ncszf/2026bmys/
2026-03-28 11:20:30,815 [INFO]   [南昌] 检测到 1 页, 模式: single
2026-03-28 11:20:30,819 [INFO]   [南昌] 列表扫描完成: 0 个部门
2026-03-28 11:20:30,819 [INFO]   [南昌] 还缺 7 个部门, 启用搜索策略
2026-03-28 11:20:32,189 [INFO]   [南昌] 探测到搜索接口: /search?searchWord={query}
2026-03-28 11:20:32,189 [INFO]   [南昌] 搜索策略: 逐个搜索 7 个委办局
2026-03-28 11:20:40,630 [INFO]   [南昌] 搜索策略完成: 找到 0/7 个部门
2026-03-28 11:20:40,631 [INFO]   [南昌] 完成: 26/33部门, 0文件, 策略:paginated_list+search
2026-03-28 11:20:42,631 [INFO] --- 进度: 38/100 ---
2026-03-28 11:20:42,631 [INFO] ==================================================
2026-03-28 11:20:42,631 [INFO] [38] 扬州
2026-03-28 11:20:42,631 [INFO] ==================================================
2026-03-28 11:20:42,632 [INFO]   [扬州] 已有文件覆盖 3 个部门
2026-03-28 11:20:42,632 [INFO]   [扬州] 策略1: 分页列表爬取 http://yjsgk.jsczt.cn/
2026-03-28 11:20:43,431 [INFO]   [扬州] 检测到 1 页, 模式: single
2026-03-28 11:20:43,431 [INFO]   [扬州] 列表扫描完成: 0 个部门
2026-03-28 11:20:43,431 [INFO]   [扬州] 还缺 30 个部门, 启用搜索策略
2026-03-28 11:20:50,885 [INFO]   [扬州] 未找到搜索接口, 跳过搜索策略
2026-03-28 11:20:50,886 [INFO]   [扬州] 完成: 3/33部门, 0文件, 策略:paginated_list+search
2026-03-28 11:20:52,886 [INFO] --- 进度: 39/100 ---
2026-03-28 11:20:52,886 [INFO] ==================================================
2026-03-28 11:20:52,886 [INFO] [39] 盐城
2026-03-28 11:20:52,886 [INFO] ==================================================
2026-03-28 11:20:52,887 [INFO]   [盐城] 已有文件覆盖 1 个部门
2026-03-28 11:20:52,887 [INFO]   [盐城] 策略1: 分页列表爬取 http://www.yancheng.gov.cn/col/col23760/index.html
2026-03-28 11:20:53,928 [INFO]   [盐城] 检测到 1 页, 模式: single
2026-03-28 11:20:53,929 [INFO]   [盐城] 列表扫描完成: 0 个部门
2026-03-28 11:20:53,929 [INFO]   [盐城] 还缺 32 个部门, 启用搜索策略
2026-03-28 11:21:00,257 [INFO]   [盐城] 未找到搜索接口, 跳过搜索策略
2026-03-28 11:21:00,258 [INFO]   [盐城] 完成: 1/33部门, 0文件, 策略:paginated_list+search
2026-03-28 11:21:02,258 [INFO] --- 进度: 40/100 ---
2026-03-28 11:21:02,258 [INFO] ==================================================
2026-03-28 11:21:02,258 [INFO] [40] 长春
2026-03-28 11:21:02,258 [INFO] ==================================================
2026-03-28 11:21:02,259 [INFO]   [长春] 已有文件覆盖 19 个部门
2026-03-28 11:21:02,259 [INFO]   [长春] 策略1: 分页列表爬取 http://www.changchun.gov.cn/ztlm/yjsxx/
2026-03-28 11:21:23,569 [INFO]   [长春] 检测到 1 页, 模式: single
2026-03-28 11:21:23,571 [INFO]   [长春] 列表扫描完成: 2 个部门
2026-03-28 11:21:23,571 [INFO]   [长春] 还缺 12 个部门, 启用搜索策略
2026-03-28 11:21:24,802 [INFO]   [长春] 搜索策略: 逐个搜索 12 个委办局
2026-03-28 11:21:35,149 [INFO]   [长春] 搜索策略完成: 找到 0/12 个部门
2026-03-28 11:21:42,867 [INFO]   [长春] ✓ 信访局 (直接PDF)
2026-03-28 11:21:43,169 [INFO]   [长春] 完成: 21/33部门, 2文件, 策略:paginated_list+search
2026-03-28 11:21:45,169 [INFO] --- 进度: 41/100 ---
2026-03-28 11:21:45,169 [INFO] ==================================================
2026-03-28 11:21:45,169 [INFO] [41] 嘉兴
2026-03-28 11:21:45,169 [INFO] ==================================================
2026-03-28 11:21:45,170 [INFO]   [嘉兴] 已有文件覆盖 6 个部门
2026-03-28 11:21:45,170 [INFO]   [嘉兴] 策略1: 分页列表爬取 http://www.jiaxing.gov.cn/col/col1229663786/index.html
2026-03-28 11:22:49,474 [WARNING]   [嘉兴] 无法访问预算页
2026-03-28 11:22:49,475 [INFO]   [嘉兴] 还缺 27 个部门, 启用搜索策略
2026-03-28 11:25:17,230 [INFO]   [嘉兴] 未找到搜索接口, 跳过搜索策略
2026-03-28 11:25:17,231 [INFO]   [嘉兴] 完成: 6/33部门, 0文件, 策略:paginated_list+search
2026-03-28 11:25:19,232 [INFO] --- 进度: 42/100 ---
2026-03-28 11:25:19,232 [INFO] ==================================================
2026-03-28 11:25:19,232 [INFO] [42] 榆林
2026-03-28 11:25:19,232 [INFO] ==================================================
2026-03-28 11:25:19,233 [INFO]   [榆林] 已有文件覆盖 28 个部门
2026-03-28 11:25:19,233 [INFO]   [榆林] 策略1: 分页列表爬取 http://www.yl.gov.cn/zwgk/fdzdgknr/czxx/czyjs/bmczys/
2026-03-28 11:25:38,253 [WARNING]   [榆林] 无法访问预算页
2026-03-28 11:25:38,254 [INFO]   [榆林] 完成: 28/33部门, 0文件, 策略:paginated_list
2026-03-28 11:25:40,254 [INFO] --- 进度: 43/100 ---
2026-03-28 11:25:40,255 [INFO] ==================================================
2026-03-28 11:25:40,255 [INFO] [43] 金华
2026-03-28 11:25:40,255 [INFO] ==================================================
2026-03-28 11:25:40,256 [INFO]   [金华] 已有文件覆盖 21 个部门
2026-03-28 11:25:40,256 [INFO]   [金华] 策略1: 分页列表爬取 http://www.jinhua.gov.cn/col/col1229160421/index.html
2026-03-28 11:26:43,492 [WARNING]   [金华] 无法访问预算页
2026-03-28 11:26:43,493 [INFO]   [金华] 还缺 12 个部门, 启用搜索策略
2026-03-28 11:29:08,858 [INFO]   [金华] 未找到搜索接口, 跳过搜索策略
2026-03-28 11:29:08,859 [INFO]   [金华] 完成: 21/33部门, 0文件, 策略:paginated_list+search
2026-03-28 11:29:10,860 [INFO] --- 进度: 44/100 ---
2026-03-28 11:29:10,860 [INFO] ==================================================
2026-03-28 11:29:10,860 [INFO] [44] 泰州
2026-03-28 11:29:10,860 [INFO] ==================================================
2026-03-28 11:29:10,860 [INFO]   [泰州] 策略1: 分页列表爬取 http://yjsgk.jsczt.cn/
2026-03-28 11:29:11,486 [INFO]   [泰州] 检测到 1 页, 模式: single
2026-03-28 11:29:11,486 [INFO]   [泰州] 列表扫描完成: 0 个部门
2026-03-28 11:29:11,486 [INFO]   [泰州] 还缺 33 个部门, 启用搜索策略
2026-03-28 11:29:18,202 [INFO]   [泰州] 未找到搜索接口, 跳过搜索策略
2026-03-28 11:29:18,204 [INFO]   [泰州] 完成: 0/33部门, 0文件, 策略:paginated_list+search
2026-03-28 11:29:20,204 [INFO] --- 进度: 45/100 ---
2026-03-28 11:29:20,204 [INFO] ==================================================
2026-03-28 11:29:20,204 [INFO] [45] 台州
2026-03-28 11:29:20,204 [INFO] ==================================================
2026-03-28 11:29:20,205 [INFO]   [台州] 已有文件覆盖 25 个部门
2026-03-28 11:29:20,205 [INFO]   [台州] 策略1: 分页列表爬取 http://www.zjtz.gov.cn/col/col1229205171/index.html
2026-03-28 11:30:23,387 [WARNING]   [台州] 无法访问预算页
2026-03-28 11:30:23,387 [INFO]   [台州] 还缺 8 个部门, 启用搜索策略
2026-03-28 11:32:48,730 [INFO]   [台州] 未找到搜索接口, 跳过搜索策略
2026-03-28 11:32:48,731 [INFO]   [台州] 完成: 25/33部门, 0文件, 策略:paginated_list+search
2026-03-28 11:32:50,731 [INFO] --- 进度: 46/100 ---
2026-03-28 11:32:50,731 [INFO] ==================================================
2026-03-28 11:32:50,732 [INFO] [46] 临沂
2026-03-28 11:32:50,732 [INFO] ==================================================
2026-03-28 11:32:50,733 [INFO]   [临沂] 已有文件覆盖 28 个部门
2026-03-28 11:32:50,733 [INFO]   [临沂] 策略1: 分页列表爬取 http://czj.linyi.gov.cn/zfxxgk/czxx/czyjs.htm
2026-03-28 11:33:53,334 [WARNING]   [临沂] 无法访问预算页
2026-03-28 11:33:53,335 [INFO]   [临沂] 完成: 28/33部门, 0文件, 策略:paginated_list
2026-03-28 11:33:55,335 [INFO] --- 进度: 47/100 ---
2026-03-28 11:33:55,335 [INFO] ==================================================
2026-03-28 11:33:55,335 [INFO] [47] 宜昌
2026-03-28 11:33:55,335 [INFO] ==================================================
2026-03-28 11:33:55,336 [INFO]   [宜昌] 已有文件覆盖 22 个部门
2026-03-28 11:33:55,336 [INFO]   [宜昌] 策略1: 分页列表爬取 http://xxgk.yichang.gov.cn/
2026-03-28 11:34:57,483 [WARNING]   [宜昌] 无法访问预算页
2026-03-28 11:34:57,483 [INFO]   [宜昌] 还缺 11 个部门, 启用搜索策略
2026-03-28 12:26:07,913 [INFO] 重试模式: 74 个弱城市需要重试
2026-03-28 12:26:07,913 [INFO] 开始爬取 74 个城市, 33个目标部门
2026-03-28 12:26:07,913 [INFO] 有URL: 74, 需探测: 0
2026-03-28 12:26:07,913 [INFO] --- 进度: 1/74 ---
2026-03-28 12:26:07,914 [INFO] ==================================================
2026-03-28 12:26:07,914 [INFO] [7] 成都
2026-03-28 12:26:07,914 [INFO] ==================================================
2026-03-28 12:26:07,914 [INFO]   [成都] 策略1: 分页列表爬取 http://www.chengdu.gov.cn/gkml/czyjs/column-index-1.shtml
2026-03-28 12:26:07,962 [WARNING]   [成都] 无法访问预算页
2026-03-28 12:26:07,962 [INFO]   [成都] 还缺 33 个部门, 启用搜索策略
2026-03-28 12:26:11,251 [INFO]   [成都] 未找到搜索接口, 跳过搜索策略
2026-03-28 12:26:11,253 [INFO]   [成都] 完成: 0/33部门, 0文件, 策略:paginated_list+search
2026-03-28 12:26:13,254 [INFO] --- 进度: 2/74 ---
2026-03-28 12:26:13,254 [INFO] ==================================================
2026-03-28 12:26:13,254 [INFO] [8] 杭州
2026-03-28 12:26:13,254 [INFO] ==================================================
2026-03-28 12:26:13,255 [INFO]   [杭州] 已有文件覆盖 5 个部门
2026-03-28 12:26:13,255 [INFO]   [杭州] 策略1: 分页列表爬取 http://www.hangzhou.gov.cn/col/col1229063412/index.html
2026-03-28 12:26:13,297 [WARNING]   [杭州] 无法访问预算页
2026-03-28 12:26:13,297 [INFO]   [杭州] 还缺 28 个部门, 启用搜索策略
2026-03-28 12:26:16,512 [INFO]   [杭州] 未找到搜索接口, 跳过搜索策略
2026-03-28 12:26:16,514 [INFO]   [杭州] 完成: 5/33部门, 0文件, 策略:paginated_list+search
2026-03-28 12:26:18,514 [INFO] --- 进度: 3/74 ---
2026-03-28 12:26:18,514 [INFO] ==================================================
2026-03-28 12:26:18,514 [INFO] [10] 南京
2026-03-28 12:26:18,514 [INFO] ==================================================
2026-03-28 12:26:18,515 [INFO]   [南京] 策略1: 分页列表爬取 http://www.nanjing.gov.cn/site/zgnj/search.html?searchWord=2026%20%E9%A2%84%E7%AE%97&siteId=10&pageSize=10&searchWord2=2026%20%E9%A2%84%E7%AE%97
2026-03-28 12:26:18,555 [WARNING]   [南京] 无法访问预算页
2026-03-28 12:26:18,555 [INFO]   [南京] 还缺 33 个部门, 启用搜索策略
2026-03-28 12:26:21,776 [INFO]   [南京] 未找到搜索接口, 跳过搜索策略
2026-03-28 12:26:21,777 [INFO]   [南京] 完成: 0/33部门, 0文件, 策略:paginated_list+search
2026-03-28 12:26:23,777 [INFO] --- 进度: 4/74 ---
2026-03-28 12:26:23,777 [INFO] ==================================================
2026-03-28 12:26:23,778 [INFO] [12] 天津
2026-03-28 12:26:23,778 [INFO] ==================================================
2026-03-28 12:26:23,778 [INFO]   [天津] 已有文件覆盖 6 个部门
2026-03-28 12:26:23,778 [INFO]   [天津] 策略1: 分页列表爬取 http://cz.tj.gov.cn/zwgk_53713/yjsgktypt/ysgk/2026bmys/
2026-03-28 12:26:23,819 [WARNING]   [天津] 无法访问预算页
2026-03-28 12:26:23,820 [INFO]   [天津] 还缺 27 个部门, 启用搜索策略
2026-03-28 12:26:27,037 [INFO]   [天津] 未找到搜索接口, 跳过搜索策略
2026-03-28 12:26:27,038 [INFO]   [天津] 完成: 6/33部门, 0文件, 策略:paginated_list+search
2026-03-28 12:26:29,038 [INFO] --- 进度: 5/74 ---
2026-03-28 12:26:29,039 [INFO] ==================================================
2026-03-28 12:26:29,039 [INFO] [13] 青岛
2026-03-28 12:26:29,039 [INFO] ==================================================
2026-03-28 12:26:29,039 [INFO]   [青岛] 已有文件覆盖 2 个部门
2026-03-28 12:26:29,039 [INFO]   [青岛] 策略1: 分页列表爬取 http://www.qingdao.gov.cn/zwgk/search.shtml?searchWord=2026%20%E9%A2%84%E7%AE%97
2026-03-28 12:26:29,082 [WARNING]   [青岛] 无法访问预算页
2026-03-28 12:26:29,082 [INFO]   [青岛] 还缺 31 个部门, 启用搜索策略
2026-03-28 12:26:32,295 [INFO]   [青岛] 未找到搜索接口, 跳过搜索策略
2026-03-28 12:26:32,296 [INFO]   [青岛] 完成: 2/33部门, 0文件, 策略:paginated_list+search
2026-03-28 12:26:34,296 [INFO] --- 进度: 6/74 ---
2026-03-28 12:26:34,297 [INFO] ==================================================
2026-03-28 12:26:34,297 [INFO] [19] 合肥
2026-03-28 12:26:34,297 [INFO] ==================================================
2026-03-28 12:26:34,297 [INFO]   [合肥] 策略1: 分页列表爬取 http://www.hefei.gov.cn/zwgk/site/tpl/1541
2026-03-28 12:26:34,339 [WARNING]   [合肥] 无法访问预算页
2026-03-28 12:26:34,339 [INFO]   [合肥] 还缺 33 个部门, 启用搜索策略
2026-03-28 12:26:37,549 [INFO]   [合肥] 未找到搜索接口, 跳过搜索策略
2026-03-28 12:26:37,550 [INFO]   [合肥] 完成: 0/33部门, 0文件, 策略:paginated_list+search
2026-03-28 12:26:39,551 [INFO] --- 进度: 7/74 ---
2026-03-28 12:26:39,551 [INFO] ==================================================
2026-03-28 12:26:39,551 [INFO] [20] 西安
2026-03-28 12:26:39,551 [INFO] ==================================================
2026-03-28 12:26:39,552 [INFO]   [西安] 已有文件覆盖 7 个部门
2026-03-28 12:26:39,552 [INFO]   [西安] 策略1: 分页列表爬取 http://www.xa.gov.cn/gk/czzj/bmczyjs/2026nbmczys/1.html
2026-03-28 12:26:39,592 [WARNING]   [西安] 无法访问预算页
2026-03-28 12:26:39,592 [INFO]   [西安] 还缺 26 个部门, 启用搜索策略
2026-03-28 12:26:42,816 [INFO]   [西安] 未找到搜索接口, 跳过搜索策略
2026-03-28 12:26:42,817 [INFO]   [西安] 完成: 7/33部门, 0文件, 策略:paginated_list+search
2026-03-28 12:26:44,818 [INFO] --- 进度: 8/74 ---
2026-03-28 12:26:44,818 [INFO] ==================================================
2026-03-28 12:26:44,818 [INFO] [23] 南通
2026-03-28 12:26:44,818 [INFO] ==================================================
2026-03-28 12:26:44,818 [INFO]   [南通] 已有文件覆盖 4 个部门
2026-03-28 12:26:44,818 [INFO]   [南通] 策略1: 分页列表爬取 http://www.nantong.gov.cn/ntsrmzf/2026n_cz/2026n_cz.html
2026-03-28 12:26:44,864 [WARNING]   [南通] 无法访问预算页
2026-03-28 12:26:44,864 [INFO]   [南通] 还缺 29 个部门, 启用搜索策略
2026-03-28 12:26:48,110 [INFO]   [南通] 未找到搜索接口, 跳过搜索策略
2026-03-28 12:26:48,112 [INFO]   [南通] 完成: 4/33部门, 0文件, 策略:paginated_list+search
2026-03-28 12:26:50,112 [INFO] --- 进度: 9/74 ---
2026-03-28 12:26:50,112 [INFO] ==================================================
2026-03-28 12:26:50,112 [INFO] [27] 唐山
2026-03-28 12:26:50,113 [INFO] ==================================================
2026-03-28 12:26:50,113 [INFO]   [唐山] 策略1: 分页列表爬取 http://www.tangshan.gov.cn/columns/zhuzhan/tsczxx/index.html
2026-03-28 12:26:50,155 [WARNING]   [唐山] 无法访问预算页
2026-03-28 12:26:50,155 [INFO]   [唐山] 还缺 33 个部门, 启用搜索策略
2026-03-28 12:26:53,381 [INFO]   [唐山] 未找到搜索接口, 跳过搜索策略
2026-03-28 12:26:53,382 [INFO]   [唐山] 完成: 0/33部门, 0文件, 策略:paginated_list+search
2026-03-28 12:26:55,383 [INFO] --- 进度: 10/74 ---
2026-03-28 12:26:55,383 [INFO] ==================================================
2026-03-28 12:26:55,383 [INFO] [28] 温州
2026-03-28 12:26:55,383 [INFO] ==================================================
2026-03-28 12:26:55,384 [INFO]   [温州] 已有文件覆盖 12 个部门
2026-03-28 12:26:55,384 [INFO]   [温州] 策略1: 分页列表爬取 http://www.wenzhou.gov.cn/col/col1229249208/index.html
2026-03-28 12:26:55,425 [WARNING]   [温州] 无法访问预算页
2026-03-28 12:26:55,425 [INFO]   [温州] 还缺 21 个部门, 启用搜索策略
2026-03-28 12:26:58,659 [INFO]   [温州] 未找到搜索接口, 跳过搜索策略
2026-03-28 12:26:58,661 [INFO]   [温州] 完成: 12/33部门, 0文件, 策略:paginated_list+search
2026-03-28 12:27:00,661 [INFO] --- 进度: 11/74 ---
2026-03-28 12:27:00,661 [INFO] ==================================================
2026-03-28 12:27:00,661 [INFO] [29] 大连
2026-03-28 12:27:00,662 [INFO] ==================================================
2026-03-28 12:27:00,662 [INFO]   [大连] 策略1: 分页列表爬取 http://www.dl.gov.cn/col/col2352/index.html
2026-03-28 12:27:00,701 [WARNING]   [大连] 无法访问预算页
2026-03-28 12:27:00,701 [INFO]   [大连] 还缺 33 个部门, 启用搜索策略
2026-03-28 12:27:03,950 [INFO]   [大连] 未找到搜索接口, 跳过搜索策略
2026-03-28 12:27:03,952 [INFO]   [大连] 完成: 0/33部门, 0文件, 策略:paginated_list+search
2026-03-28 12:27:05,952 [INFO] --- 进度: 12/74 ---
2026-03-28 12:27:05,952 [INFO] ==================================================
2026-03-28 12:27:05,952 [INFO] [30] 徐州
2026-03-28 12:27:05,952 [INFO] ==================================================
2026-03-28 12:27:05,953 [INFO]   [徐州] 策略1: 分页列表爬取 http://www.xz.gov.cn/002/002020/ysjs.html
2026-03-28 12:27:05,999 [WARNING]   [徐州] 无法访问预算页
2026-03-28 12:27:05,999 [INFO]   [徐州] 还缺 33 个部门, 启用搜索策略
2026-03-28 12:27:09,253 [INFO]   [徐州] 未找到搜索接口, 跳过搜索策略
2026-03-28 12:27:09,254 [INFO]   [徐州] 完成: 0/33部门, 0文件, 策略:paginated_list+search
2026-03-28 12:27:11,255 [INFO] --- 进度: 13/74 ---
2026-03-28 12:27:11,255 [INFO] ==================================================
2026-03-28 12:27:11,255 [INFO] [31] 沈阳
2026-03-28 12:27:11,255 [INFO] ==================================================
2026-03-28 12:27:11,256 [INFO]   [沈阳] 已有文件覆盖 2 个部门
2026-03-28 12:27:11,256 [INFO]   [沈阳] 策略1: 分页列表爬取 http://www.shenyang.gov.cn/zwgk/fdzdgknr/ysjs/bmczyjsbgjsgjf/bmysnew/2026nbmys/
2026-03-28 12:27:11,298 [WARNING]   [沈阳] 无法访问预算页
2026-03-28 12:27:11,298 [INFO]   [沈阳] 还缺 31 个部门, 启用搜索策略
2026-03-28 12:27:14,523 [INFO]   [沈阳] 未找到搜索接口, 跳过搜索策略
2026-03-28 12:27:14,524 [INFO]   [沈阳] 完成: 2/33部门, 0文件, 策略:paginated_list+search
2026-03-28 12:27:16,525 [INFO] --- 进度: 14/74 ---
2026-03-28 12:27:16,525 [INFO] ==================================================
2026-03-28 12:27:16,525 [INFO] [32] 厦门
2026-03-28 12:27:16,525 [INFO] ==================================================
2026-03-28 12:27:16,525 [INFO]   [厦门] 已有文件覆盖 2 个部门
2026-03-28 12:27:16,525 [INFO]   [厦门] 策略1: 分页列表爬取 http://www.xm.gov.cn/zdxxgk/czzjxx/szfbmczyjs/2026/
2026-03-28 12:27:16,567 [WARNING]   [厦门] 无法访问预算页
2026-03-28 12:27:16,567 [INFO]   [厦门] 还缺 31 个部门, 启用搜索策略
2026-03-28 12:27:19,801 [INFO]   [厦门] 未找到搜索接口, 跳过搜索策略
2026-03-28 12:27:19,802 [INFO]   [厦门] 完成: 2/33部门, 0文件, 策略:paginated_list+search
2026-03-28 12:27:21,803 [INFO] --- 进度: 15/74 ---
2026-03-28 12:27:21,803 [INFO] ==================================================
2026-03-28 12:27:21,803 [INFO] [33] 绍兴
2026-03-28 12:27:21,803 [INFO] ==================================================
2026-03-28 12:27:21,803 [INFO]   [绍兴] 策略1: 分页列表爬取 http://www.sx.gov.cn/col/col1229724451/index.html
2026-03-28 12:27:21,846 [WARNING]   [绍兴] 无法访问预算页
2026-03-28 12:27:21,846 [INFO]   [绍兴] 还缺 33 个部门, 启用搜索策略
2026-03-28 12:27:25,071 [INFO]   [绍兴] 未找到搜索接口, 跳过搜索策略
2026-03-28 12:27:25,072 [INFO]   [绍兴] 完成: 0/33部门, 0文件, 策略:paginated_list+search
2026-03-28 12:27:27,072 [INFO] --- 进度: 16/74 ---
2026-03-28 12:27:27,073 [INFO] ==================================================
2026-03-28 12:27:27,073 [INFO] [36] 潍坊
2026-03-28 12:27:27,073 [INFO] ==================================================
2026-03-28 12:27:27,073 [INFO]   [潍坊] 已有文件覆盖 13 个部门
2026-03-28 12:27:27,073 [INFO]   [潍坊] 策略1: 分页列表爬取 http://www.weifang.gov.cn/xxgk/fdzdgk2020new.html
2026-03-28 12:27:27,116 [WARNING]   [潍坊] 无法访问预算页
2026-03-28 12:27:27,117 [INFO]   [潍坊] 还缺 20 个部门, 启用搜索策略
2026-03-28 12:27:30,336 [INFO]   [潍坊] 未找到搜索接口, 跳过搜索策略
2026-03-28 12:27:30,338 [INFO]   [潍坊] 完成: 13/33部门, 0文件, 策略:paginated_list+search
2026-03-28 12:27:32,338 [INFO] --- 进度: 17/74 ---
2026-03-28 12:27:32,338 [INFO] ==================================================
2026-03-28 12:27:32,338 [INFO] [38] 扬州
2026-03-28 12:27:32,338 [INFO] ==================================================
2026-03-28 12:27:32,339 [INFO]   [扬州] 已有文件覆盖 3 个部门
2026-03-28 12:27:32,339 [INFO]   [扬州] 策略1: 分页列表爬取 http://yjsgk.jsczt.cn/
2026-03-28 12:27:32,383 [WARNING]   [扬州] 无法访问预算页
2026-03-28 12:27:32,384 [INFO]   [扬州] 还缺 30 个部门, 启用搜索策略
2026-03-28 12:27:35,607 [INFO]   [扬州] 未找到搜索接口, 跳过搜索策略
2026-03-28 12:27:35,608 [INFO]   [扬州] 完成: 3/33部门, 0文件, 策略:paginated_list+search
2026-03-28 12:27:37,609 [INFO] --- 进度: 18/74 ---
2026-03-28 12:27:37,609 [INFO] ==================================================
2026-03-28 12:27:37,609 [INFO] [39] 盐城
2026-03-28 12:27:37,609 [INFO] ==================================================
2026-03-28 12:27:37,609 [INFO]   [盐城] 已有文件覆盖 1 个部门
2026-03-28 12:27:37,609 [INFO]   [盐城] 策略1: 分页列表爬取 http://www.yancheng.gov.cn/col/col23760/index.html
2026-03-28 12:27:37,649 [WARNING]   [盐城] 无法访问预算页
2026-03-28 12:27:37,649 [INFO]   [盐城] 还缺 32 个部门, 启用搜索策略
2026-03-28 12:27:40,869 [INFO]   [盐城] 未找到搜索接口, 跳过搜索策略
2026-03-28 12:27:40,870 [INFO]   [盐城] 完成: 1/33部门, 0文件, 策略:paginated_list+search
2026-03-28 12:27:42,870 [INFO] --- 进度: 19/74 ---
2026-03-28 12:27:42,871 [INFO] ==================================================
2026-03-28 12:27:42,871 [INFO] [41] 嘉兴
2026-03-28 12:27:42,871 [INFO] ==================================================
2026-03-28 12:27:42,871 [INFO]   [嘉兴] 已有文件覆盖 6 个部门
2026-03-28 12:27:42,871 [INFO]   [嘉兴] 策略1: 分页列表爬取 http://www.jiaxing.gov.cn/col/col1229663786/index.html
2026-03-28 12:27:42,912 [WARNING]   [嘉兴] 无法访问预算页
2026-03-28 12:27:42,912 [INFO]   [嘉兴] 还缺 27 个部门, 启用搜索策略
2026-03-28 12:27:46,136 [INFO]   [嘉兴] 未找到搜索接口, 跳过搜索策略
2026-03-28 12:27:46,138 [INFO]   [嘉兴] 完成: 6/33部门, 0文件, 策略:paginated_list+search
2026-03-28 12:27:48,138 [INFO] --- 进度: 20/74 ---
2026-03-28 12:27:48,138 [INFO] ==================================================
2026-03-28 12:27:48,138 [INFO] [44] 泰州
2026-03-28 12:27:48,138 [INFO] ==================================================
2026-03-28 12:27:48,139 [INFO]   [泰州] 策略1: 分页列表爬取 http://yjsgk.jsczt.cn/
2026-03-28 12:27:48,181 [WARNING]   [泰州] 无法访问预算页
2026-03-28 12:27:48,181 [INFO]   [泰州] 还缺 33 个部门, 启用搜索策略
2026-03-28 12:27:51,411 [INFO]   [泰州] 未找到搜索接口, 跳过搜索策略
2026-03-28 12:27:51,412 [INFO]   [泰州] 完成: 0/33部门, 0文件, 策略:paginated_list+search
2026-03-28 12:27:53,412 [INFO] --- 进度: 21/74 ---
2026-03-28 12:27:53,413 [INFO] ==================================================
2026-03-28 12:27:53,413 [INFO] [47] 宜昌
2026-03-28 12:27:53,413 [INFO] ==================================================
2026-03-28 12:27:53,414 [INFO]   [宜昌] 已有文件覆盖 22 个部门
2026-03-28 12:27:53,414 [INFO]   [宜昌] 策略1: 分页列表爬取 http://xxgk.yichang.gov.cn/
2026-03-28 12:27:53,456 [WARNING]   [宜昌] 无法访问预算页
2026-03-28 12:27:53,456 [INFO]   [宜昌] 还缺 11 个部门, 启用搜索策略
2026-03-28 12:27:56,693 [INFO]   [宜昌] 未找到搜索接口, 跳过搜索策略
2026-03-28 12:27:56,695 [INFO]   [宜昌] 完成: 22/33部门, 0文件, 策略:paginated_list+search
2026-03-28 12:27:58,695 [INFO] --- 进度: 22/74 ---
2026-03-28 12:27:58,695 [INFO] ==================================================
2026-03-28 12:27:58,695 [INFO] [48] 惠州
2026-03-28 12:27:58,695 [INFO] ==================================================
2026-03-28 12:27:58,696 [INFO]   [惠州] 已有文件覆盖 5 个部门
2026-03-28 12:27:58,696 [INFO]   [惠州] 策略1: 分页列表爬取 http://www.huizhou.gov.cn/zdlyxxgk/czyjshsgjf/czyjs/
2026-03-28 12:27:58,736 [WARNING]   [惠州] 无法访问预算页
2026-03-28 12:27:58,736 [INFO]   [惠州] 还缺 28 个部门, 启用搜索策略
2026-03-28 12:28:01,954 [INFO]   [惠州] 未找到搜索接口, 跳过搜索策略
2026-03-28 12:28:01,955 [INFO]   [惠州] 完成: 5/33部门, 0文件, 策略:paginated_list+search
2026-03-28 12:28:03,955 [INFO] --- 进度: 23/74 ---
2026-03-28 12:28:03,956 [INFO] ==================================================
2026-03-28 12:28:03,956 [INFO] [49] 南宁
2026-03-28 12:28:03,956 [INFO] ==================================================
2026-03-28 12:28:03,957 [INFO]   [南宁] 已有文件覆盖 27 个部门
2026-03-28 12:28:03,957 [INFO]   [南宁] 策略1: 分页列表爬取 http://www.nanning.gov.cn/zwgk/fdzdgknr/czxx/sbjyjs/
2026-03-28 12:28:03,999 [WARNING]   [南宁] 无法访问预算页
2026-03-28 12:28:03,999 [INFO]   [南宁] 还缺 6 个部门, 启用搜索策略
2026-03-28 12:28:07,219 [INFO]   [南宁] 未找到搜索接口, 跳过搜索策略
2026-03-28 12:28:07,220 [INFO]   [南宁] 完成: 27/33部门, 0文件, 策略:paginated_list+search
2026-03-28 12:28:09,221 [INFO] --- 进度: 24/74 ---
2026-03-28 12:28:09,221 [INFO] ==================================================
2026-03-28 12:28:09,221 [INFO] [50] 哈尔滨
2026-03-28 12:28:09,221 [INFO] ==================================================
2026-03-28 12:28:09,222 [INFO]   [哈尔滨] 已有文件覆盖 27 个部门
2026-03-28 12:28:09,222 [INFO]   [哈尔滨] 策略1: 分页列表爬取 http://www.harbin.gov.cn/col/col21404/index.html
2026-03-28 12:28:09,261 [WARNING]   [哈尔滨] 无法访问预算页
2026-03-28 12:28:09,261 [INFO]   [哈尔滨] 还缺 6 个部门, 启用搜索策略
2026-03-28 12:28:12,477 [INFO]   [哈尔滨] 未找到搜索接口, 跳过搜索策略
2026-03-28 12:28:12,479 [INFO]   [哈尔滨] 完成: 27/33部门, 0文件, 策略:paginated_list+search
2026-03-28 12:28:14,479 [INFO] --- 进度: 25/74 ---
2026-03-28 12:28:14,479 [INFO] ==================================================
2026-03-28 12:28:14,479 [INFO] [51] 洛阳
2026-03-28 12:28:14,479 [INFO] ==================================================
2026-03-28 12:28:14,480 [INFO]   [洛阳] 已有文件覆盖 26 个部门
2026-03-28 12:28:14,480 [INFO]   [洛阳] 策略1: 分页列表爬取 http://cz.ly.gov.cn/sitesources/lyczj/page_pc/zfxxgk/czzjyjsgkpt/index.html
2026-03-28 12:28:14,521 [WARNING]   [洛阳] 无法访问预算页
2026-03-28 12:28:14,521 [INFO]   [洛阳] 还缺 7 个部门, 启用搜索策略
2026-03-28 12:28:17,748 [INFO]   [洛阳] 未找到搜索接口, 跳过搜索策略
2026-03-28 12:28:17,749 [INFO]   [洛阳] 完成: 26/33部门, 0文件, 策略:paginated_list+search
2026-03-28 12:28:19,749 [INFO] --- 进度: 26/74 ---
2026-03-28 12:28:19,750 [INFO] ==================================================
2026-03-28 12:28:19,750 [INFO] [52] 漳州
2026-03-28 12:28:19,750 [INFO] ==================================================
2026-03-28 12:28:19,751 [INFO]   [漳州] 已有文件覆盖 17 个部门
2026-03-28 12:28:19,751 [INFO]   [漳州] 策略1: 分页列表爬取 http://www.zhangzhou.gov.cn/cms/html/zzsrmzf/zwgk/index.html
2026-03-28 12:28:19,790 [WARNING]   [漳州] 无法访问预算页
2026-03-28 12:28:19,790 [INFO]   [漳州] 还缺 16 个部门, 启用搜索策略
2026-03-28 12:28:23,012 [INFO]   [漳州] 未找到搜索接口, 跳过搜索策略
2026-03-28 12:28:23,014 [INFO]   [漳州] 完成: 17/33部门, 0文件, 策略:paginated_list+search
2026-03-28 12:28:25,014 [INFO] --- 进度: 27/74 ---
2026-03-28 12:28:25,015 [INFO] ==================================================
2026-03-28 12:28:25,015 [INFO] [53] 济宁
2026-03-28 12:28:25,015 [INFO] ==================================================
2026-03-28 12:28:25,015 [INFO]   [济宁] 已有文件覆盖 7 个部门
2026-03-28 12:28:25,015 [INFO]   [济宁] 策略1: 分页列表爬取 http://www.jining.gov.cn/col/col33415/index.html
2026-03-28 12:28:25,055 [WARNING]   [济宁] 无法访问预算页
2026-03-28 12:28:25,055 [INFO]   [济宁] 还缺 26 个部门, 启用搜索策略
2026-03-28 12:28:28,278 [INFO]   [济宁] 未找到搜索接口, 跳过搜索策略
2026-03-28 12:28:28,279 [INFO]   [济宁] 完成: 7/33部门, 0文件, 策略:paginated_list+search
2026-03-28 12:28:30,280 [INFO] --- 进度: 28/74 ---
2026-03-28 12:28:30,280 [INFO] ==================================================
2026-03-28 12:28:30,280 [INFO] [54] 鄂尔多斯
2026-03-28 12:28:30,280 [INFO] ==================================================
2026-03-28 12:28:30,281 [INFO]   [鄂尔多斯] 已有文件覆盖 25 个部门
2026-03-28 12:28:30,281 [INFO]   [鄂尔多斯] 策略1: 分页列表爬取 http://czj.ordos.gov.cn/xxgk/fdzdgk/ysgk/
2026-03-28 12:28:30,325 [WARNING]   [鄂尔多斯] 无法访问预算页
2026-03-28 12:28:30,325 [INFO]   [鄂尔多斯] 还缺 8 个部门, 启用搜索策略
2026-03-28 12:28:33,581 [INFO]   [鄂尔多斯] 未找到搜索接口, 跳过搜索策略
2026-03-28 12:28:33,583 [INFO]   [鄂尔多斯] 完成: 25/33部门, 0文件, 策略:paginated_list+search
2026-03-28 12:28:35,584 [INFO] --- 进度: 29/74 ---
2026-03-28 12:28:35,584 [INFO] ==================================================
2026-03-28 12:28:35,584 [INFO] [55] 襄阳
2026-03-28 12:28:35,584 [INFO] ==================================================
2026-03-28 12:28:35,584 [INFO]   [襄阳] 策略1: 分页列表爬取 http://czj.xiangyang.gov.cn/
2026-03-28 12:28:35,629 [WARNING]   [襄阳] 无法访问预算页
2026-03-28 12:28:35,629 [INFO]   [襄阳] 还缺 33 个部门, 启用搜索策略
2026-03-28 12:28:38,854 [INFO]   [襄阳] 未找到搜索接口, 跳过搜索策略
2026-03-28 12:28:38,856 [INFO]   [襄阳] 完成: 0/33部门, 0文件, 策略:paginated_list+search
2026-03-28 12:28:40,856 [INFO] --- 进度: 30/74 ---
2026-03-28 12:28:40,856 [INFO] ==================================================
2026-03-28 12:28:40,856 [INFO] [56] 贵阳
2026-03-28 12:28:40,857 [INFO] ==================================================
2026-03-28 12:28:40,858 [INFO]   [贵阳] 已有文件覆盖 29 个部门
2026-03-28 12:28:40,858 [INFO]   [贵阳] 策略1: 分页列表爬取 http://www.guiyang.gov.cn/zwgk/zdlyxxgk2024/czsj/czyjsjsgjf/sbjyjsjsgjf_1/
2026-03-28 12:28:40,898 [WARNING]   [贵阳] 无法访问预算页
2026-03-28 12:28:40,898 [INFO]   [贵阳] 还缺 4 个部门, 启用搜索策略
2026-03-28 12:28:44,118 [INFO]   [贵阳] 未找到搜索接口, 跳过搜索策略
2026-03-28 12:28:44,119 [INFO]   [贵阳] 完成: 29/33部门, 0文件, 策略:paginated_list+search
2026-03-28 12:28:46,119 [INFO] --- 进度: 31/74 ---
2026-03-28 12:28:46,120 [INFO] ==================================================
2026-03-28 12:28:46,120 [INFO] [57] 镇江
2026-03-28 12:28:46,120 [INFO] ==================================================
2026-03-28 12:28:46,121 [INFO]   [镇江] 已有文件覆盖 27 个部门
2026-03-28 12:28:46,121 [INFO]   [镇江] 策略1: 分页列表爬取 http://yjsgk.jsczt.cn/
2026-03-28 12:28:46,167 [WARNING]   [镇江] 无法访问预算页
2026-03-28 12:28:46,168 [INFO]   [镇江] 还缺 6 个部门, 启用搜索策略
2026-03-28 12:28:49,401 [INFO]   [镇江] 未找到搜索接口, 跳过搜索策略
2026-03-28 12:28:49,403 [INFO]   [镇江] 完成: 27/33部门, 0文件, 策略:paginated_list+search
2026-03-28 12:28:51,403 [INFO] --- 进度: 32/74 ---
2026-03-28 12:28:51,403 [INFO] ==================================================
2026-03-28 12:28:51,403 [INFO] [58] 淮安
2026-03-28 12:28:51,403 [INFO] ==================================================
2026-03-28 12:28:51,404 [INFO]   [淮安] 已有文件覆盖 1 个部门
2026-03-28 12:28:51,404 [INFO]   [淮安] 策略1: 分页列表爬取 http://czj.huaian.gov.cn/xxgk/czsj/list.html
2026-03-28 12:28:51,448 [WARNING]   [淮安] 无法访问预算页
2026-03-28 12:28:51,448 [INFO]   [淮安] 还缺 32 个部门, 启用搜索策略
2026-03-28 12:28:54,689 [INFO]   [淮安] 未找到搜索接口, 跳过搜索策略
2026-03-28 12:28:54,690 [INFO]   [淮安] 完成: 1/33部门, 0文件, 策略:paginated_list+search
2026-03-28 12:28:56,691 [INFO] --- 进度: 33/74 ---
2026-03-28 12:28:56,691 [INFO] ==================================================
2026-03-28 12:28:56,691 [INFO] [59] 芜湖
2026-03-28 12:28:56,691 [INFO] ==================================================
2026-03-28 12:28:56,692 [INFO]   [芜湖] 已有文件覆盖 2 个部门
2026-03-28 12:28:56,692 [INFO]   [芜湖] 策略1: 分页列表爬取 http://czgz.wuhu.gov.cn/
2026-03-28 12:28:56,733 [WARNING]   [芜湖] 无法访问预算页
2026-03-28 12:28:56,733 [INFO]   [芜湖] 还缺 31 个部门, 启用搜索策略
2026-03-28 12:28:59,957 [INFO]   [芜湖] 未找到搜索接口, 跳过搜索策略
2026-03-28 12:28:59,959 [INFO]   [芜湖] 完成: 2/33部门, 0文件, 策略:paginated_list+search
2026-03-28 12:29:01,959 [INFO] --- 进度: 34/74 ---
2026-03-28 12:29:01,960 [INFO] ==================================================
2026-03-28 12:29:01,960 [INFO] [60] 岳阳
2026-03-28 12:29:01,960 [INFO] ==================================================
2026-03-28 12:29:01,961 [INFO]   [岳阳] 已有文件覆盖 26 个部门
2026-03-28 12:29:01,961 [INFO]   [岳阳] 策略1: 分页列表爬取 http://yueyang.gov.cn/zwgk/62389/62390/index.htm
2026-03-28 12:29:02,004 [WARNING]   [岳阳] 无法访问预算页
2026-03-28 12:29:02,004 [INFO]   [岳阳] 还缺 7 个部门, 启用搜索策略
2026-03-28 12:29:05,227 [INFO]   [岳阳] 未找到搜索接口, 跳过搜索策略
2026-03-28 12:29:05,229 [INFO]   [岳阳] 完成: 26/33部门, 0文件, 策略:paginated_list+search
2026-03-28 12:29:07,229 [INFO] --- 进度: 35/74 ---
2026-03-28 12:29:07,229 [INFO] ==================================================
2026-03-28 12:29:07,229 [INFO] [61] 太原
2026-03-28 12:29:07,229 [INFO] ==================================================
2026-03-28 12:29:07,230 [INFO]   [太原] 已有文件覆盖 23 个部门
2026-03-28 12:29:07,230 [INFO]   [太原] 策略1: 分页列表爬取 http://www.taiyuan.gov.cn/zfbmczyjs.html
2026-03-28 12:29:07,274 [WARNING]   [太原] 无法访问预算页
2026-03-28 12:29:07,274 [INFO]   [太原] 还缺 10 个部门, 启用搜索策略
2026-03-28 12:29:10,519 [INFO]   [太原] 未找到搜索接口, 跳过搜索策略
2026-03-28 12:29:10,521 [INFO]   [太原] 完成: 23/33部门, 0文件, 策略:paginated_list+search
2026-03-28 12:29:12,521 [INFO] --- 进度: 36/74 ---
2026-03-28 12:29:12,521 [INFO] ==================================================
2026-03-28 12:29:12,521 [INFO] [62] 赣州
2026-03-28 12:29:12,522 [INFO] ==================================================
2026-03-28 12:29:12,523 [INFO]   [赣州] 已有文件覆盖 29 个部门
2026-03-28 12:29:12,523 [INFO]   [赣州] 策略1: 分页列表爬取 http://www.ganzhou.gov.cn/zfxxgk/bmyjs/
2026-03-28 12:29:12,563 [WARNING]   [赣州] 无法访问预算页
2026-03-28 12:29:12,563 [INFO]   [赣州] 还缺 4 个部门, 启用搜索策略
2026-03-28 12:29:15,790 [INFO]   [赣州] 未找到搜索接口, 跳过搜索策略
2026-03-28 12:29:15,792 [INFO]   [赣州] 完成: 29/33部门, 0文件, 策略:paginated_list+search
2026-03-28 12:29:17,792 [INFO] --- 进度: 37/74 ---
2026-03-28 12:29:17,792 [INFO] ==================================================
2026-03-28 12:29:17,792 [INFO] [63] 遵义
2026-03-28 12:29:17,792 [INFO] ==================================================
2026-03-28 12:29:17,793 [INFO]   [遵义] 已有文件覆盖 26 个部门
2026-03-28 12:29:17,793 [INFO]   [遵义] 策略1: 分页列表爬取 http://www.zunyi.gov.cn/zwgk/zdlygk/czzj_5858315/sjczyjsjsgjf/
2026-03-28 12:29:17,836 [WARNING]   [遵义] 无法访问预算页
2026-03-28 12:29:17,836 [INFO]   [遵义] 还缺 7 个部门, 启用搜索策略
2026-03-28 12:29:21,057 [INFO]   [遵义] 未找到搜索接口, 跳过搜索策略
2026-03-28 12:29:21,059 [INFO]   [遵义] 完成: 26/33部门, 0文件, 策略:paginated_list+search
2026-03-28 12:29:23,059 [INFO] --- 进度: 38/74 ---
2026-03-28 12:29:23,059 [INFO] ==================================================
2026-03-28 12:29:23,059 [INFO] [64] 南阳
2026-03-28 12:29:23,059 [INFO] ==================================================
2026-03-28 12:29:23,060 [INFO]   [南阳] 已有文件覆盖 11 个部门
2026-03-28 12:29:23,060 [INFO]   [南阳] 策略1: 分页列表爬取 http://caizj.nanyang.gov.cn/ysgkpt/
2026-03-28 12:29:23,102 [WARNING]   [南阳] 无法访问预算页
2026-03-28 12:29:23,102 [INFO]   [南阳] 还缺 22 个部门, 启用搜索策略
2026-03-28 12:29:26,335 [INFO]   [南阳] 未找到搜索接口, 跳过搜索策略
2026-03-28 12:29:26,337 [INFO]   [南阳] 完成: 11/33部门, 0文件, 策略:paginated_list+search
2026-03-28 12:29:28,337 [INFO] --- 进度: 39/74 ---
2026-03-28 12:29:28,338 [INFO] ==================================================
2026-03-28 12:29:28,338 [INFO] [65] 淄博
2026-03-28 12:29:28,338 [INFO] ==================================================
2026-03-28 12:29:28,339 [INFO]   [淄博] 已有文件覆盖 24 个部门
2026-03-28 12:29:28,339 [INFO]   [淄博] 策略1: 分页列表爬取 http://sczj.zibo.gov.cn/col/col2743/index.html
2026-03-28 12:29:28,378 [WARNING]   [淄博] 无法访问预算页
2026-03-28 12:29:28,378 [INFO]   [淄博] 还缺 9 个部门, 启用搜索策略
2026-03-28 12:29:31,604 [INFO]   [淄博] 未找到搜索接口, 跳过搜索策略
2026-03-28 12:29:31,605 [INFO]   [淄博] 完成: 24/33部门, 0文件, 策略:paginated_list+search
2026-03-28 12:29:33,606 [INFO] --- 进度: 40/74 ---
2026-03-28 12:29:33,606 [INFO] ==================================================
2026-03-28 12:29:33,606 [INFO] [66] 宿迁
2026-03-28 12:29:33,606 [INFO] ==================================================
2026-03-28 12:29:33,607 [INFO]   [宿迁] 已有文件覆盖 28 个部门
2026-03-28 12:29:33,607 [INFO]   [宿迁] 策略1: 分页列表爬取 http://www.suqian.gov.cn/cnsq/czsj/xxgk_list.shtml
2026-03-28 12:29:33,648 [WARNING]   [宿迁] 无法访问预算页
2026-03-28 12:29:33,648 [INFO]   [宿迁] 还缺 5 个部门, 启用搜索策略
2026-03-28 12:29:36,869 [INFO]   [宿迁] 未找到搜索接口, 跳过搜索策略
2026-03-28 12:29:36,871 [INFO]   [宿迁] 完成: 28/33部门, 0文件, 策略:paginated_list+search
2026-03-28 12:29:38,872 [INFO] --- 进度: 41/74 ---
2026-03-28 12:29:38,872 [INFO] ==================================================
2026-03-28 12:29:38,872 [INFO] [67] 保定
2026-03-28 12:29:38,872 [INFO] ==================================================
2026-03-28 12:29:38,873 [INFO]   [保定] 已有文件覆盖 20 个部门
2026-03-28 12:29:38,873 [INFO]   [保定] 策略1: 分页列表爬取 http://www.baoding.gov.cn/zwgkdocnrForOld-888888711-538444.html
2026-03-28 12:29:38,912 [WARNING]   [保定] 无法访问预算页
2026-03-28 12:29:38,913 [INFO]   [保定] 还缺 13 个部门, 启用搜索策略
2026-03-28 12:29:42,144 [INFO]   [保定] 未找到搜索接口, 跳过搜索策略
2026-03-28 12:29:42,145 [INFO]   [保定] 完成: 20/33部门, 0文件, 策略:paginated_list+search
2026-03-28 12:29:44,146 [INFO] --- 进度: 42/74 ---
2026-03-28 12:29:44,146 [INFO] ==================================================
2026-03-28 12:29:44,146 [INFO] [68] 菏泽
2026-03-28 12:29:44,146 [INFO] ==================================================
2026-03-28 12:29:44,147 [INFO]   [菏泽] 已有文件覆盖 12 个部门
2026-03-28 12:29:44,147 [INFO]   [菏泽] 策略1: 分页列表爬取 http://www.heze.gov.cn/czyjs/
2026-03-28 12:29:44,192 [WARNING]   [菏泽] 无法访问预算页
2026-03-28 12:29:44,192 [INFO]   [菏泽] 还缺 21 个部门, 启用搜索策略
2026-03-28 12:29:47,429 [INFO]   [菏泽] 未找到搜索接口, 跳过搜索策略
2026-03-28 12:29:47,430 [INFO]   [菏泽] 完成: 12/33部门, 0文件, 策略:paginated_list+search
2026-03-28 12:29:49,431 [INFO] --- 进度: 43/74 ---
2026-03-28 12:29:49,431 [INFO] ==================================================
2026-03-28 12:29:49,431 [INFO] [69] 沧州
2026-03-28 12:29:49,431 [INFO] ==================================================
2026-03-28 12:29:49,432 [INFO]   [沧州] 已有文件覆盖 23 个部门
2026-03-28 12:29:49,432 [INFO]   [沧州] 策略1: 分页列表爬取 http://www.cangzhou.gov.cn/zwgk/fdzdgknr/czxx/
2026-03-28 12:29:49,481 [WARNING]   [沧州] 无法访问预算页
2026-03-28 12:29:49,481 [INFO]   [沧州] 还缺 10 个部门, 启用搜索策略
2026-03-28 12:29:52,714 [INFO]   [沧州] 未找到搜索接口, 跳过搜索策略
2026-03-28 12:29:52,716 [INFO]   [沧州] 完成: 23/33部门, 0文件, 策略:paginated_list+search
2026-03-28 12:29:54,716 [INFO] --- 进度: 44/74 ---
2026-03-28 12:29:54,717 [INFO] ==================================================
2026-03-28 12:29:54,717 [INFO] [70] 邯郸
2026-03-28 12:29:54,717 [INFO] ==================================================
2026-03-28 12:29:54,717 [INFO]   [邯郸] 策略1: 分页列表爬取 http://www.hd.gov.cn/ztzl/czyjs/
2026-03-28 12:29:54,756 [WARNING]   [邯郸] 无法访问预算页
2026-03-28 12:29:54,756 [INFO]   [邯郸] 还缺 33 个部门, 启用搜索策略
2026-03-28 12:29:57,976 [INFO]   [邯郸] 未找到搜索接口, 跳过搜索策略
2026-03-28 12:29:57,978 [INFO]   [邯郸] 完成: 0/33部门, 0文件, 策略:paginated_list+search
2026-03-28 12:29:59,979 [INFO] --- 进度: 45/74 ---
2026-03-28 12:29:59,979 [INFO] ==================================================
2026-03-28 12:29:59,979 [INFO] [71] 连云港
2026-03-28 12:29:59,979 [INFO] ==================================================
2026-03-28 12:29:59,980 [INFO]   [连云港] 已有文件覆盖 11 个部门
2026-03-28 12:29:59,980 [INFO]   [连云港] 策略1: 分页列表爬取 http://czj.lyg.gov.cn/lygsczj/czxx/czxx.html
2026-03-28 12:30:00,022 [WARNING]   [连云港] 无法访问预算页
2026-03-28 12:30:00,022 [INFO]   [连云港] 还缺 22 个部门, 启用搜索策略
2026-03-28 12:30:03,297 [INFO]   [连云港] 未找到搜索接口, 跳过搜索策略
2026-03-28 12:30:03,299 [INFO]   [连云港] 完成: 11/33部门, 0文件, 策略:paginated_list+search
2026-03-28 12:30:05,300 [INFO] --- 进度: 46/74 ---
2026-03-28 12:30:05,300 [INFO] ==================================================
2026-03-28 12:30:05,300 [INFO] [72] 常德
2026-03-28 12:30:05,300 [INFO] ==================================================
2026-03-28 12:30:05,302 [INFO]   [常德] 已有文件覆盖 25 个部门
2026-03-28 12:30:05,302 [INFO]   [常德] 策略1: 分页列表爬取 http://czj.changde.gov.cn/
2026-03-28 12:30:05,344 [WARNING]   [常德] 无法访问预算页
2026-03-28 12:30:05,344 [INFO]   [常德] 还缺 8 个部门, 启用搜索策略
2026-03-28 12:30:08,567 [INFO]   [常德] 未找到搜索接口, 跳过搜索策略
2026-03-28 12:30:08,569 [INFO]   [常德] 完成: 25/33部门, 0文件, 策略:paginated_list+search
2026-03-28 12:30:10,570 [INFO] --- 进度: 47/74 ---
2026-03-28 12:30:10,570 [INFO] ==================================================
2026-03-28 12:30:10,570 [INFO] [73] 包头
2026-03-28 12:30:10,570 [INFO] ==================================================
2026-03-28 12:30:10,571 [INFO]   [包头] 已有文件覆盖 27 个部门
2026-03-28 12:30:10,571 [INFO]   [包头] 策略1: 分页列表爬取 http://www.baotou.gov.cn/xzwhk/dynr.jsp?urltype=tree.TreeTempUrl&wbtreeid=5471
2026-03-28 12:30:10,612 [WARNING]   [包头] 无法访问预算页
2026-03-28 12:30:10,613 [INFO]   [包头] 还缺 6 个部门, 启用搜索策略
2026-03-28 12:30:13,838 [INFO]   [包头] 未找到搜索接口, 跳过搜索策略
2026-03-28 12:30:13,840 [INFO]   [包头] 完成: 27/33部门, 0文件, 策略:paginated_list+search
2026-03-28 12:30:15,841 [INFO] --- 进度: 48/74 ---
2026-03-28 12:30:15,841 [INFO] ==================================================
2026-03-28 12:30:15,841 [INFO] [74] 衡阳
2026-03-28 12:30:15,841 [INFO] ==================================================
2026-03-28 12:30:15,841 [INFO]   [衡阳] 已有文件覆盖 6 个部门
2026-03-28 12:30:15,841 [INFO]   [衡阳] 策略1: 分页列表爬取 http://www.hengyang.gov.cn/czj/ztxx/czysjsgk/
2026-03-28 12:30:15,884 [WARNING]   [衡阳] 无法访问预算页
2026-03-28 12:30:15,884 [INFO]   [衡阳] 还缺 27 个部门, 启用搜索策略
2026-03-28 12:30:19,110 [INFO]   [衡阳] 未找到搜索接口, 跳过搜索策略
2026-03-28 12:30:19,112 [INFO]   [衡阳] 完成: 6/33部门, 0文件, 策略:paginated_list+search
2026-03-28 12:30:21,112 [INFO] --- 进度: 49/74 ---
2026-03-28 12:30:21,113 [INFO] ==================================================
2026-03-28 12:30:21,113 [INFO] [75] 乌鲁木齐
2026-03-28 12:30:21,113 [INFO] ==================================================
2026-03-28 12:30:21,114 [INFO]   [乌鲁木齐] 已有文件覆盖 25 个部门
2026-03-28 12:30:21,114 [INFO]   [乌鲁木齐] 策略1: 分页列表爬取 http://www.wlmq.gov.cn/wlmqs/c119257/bm_com_list.shtml
2026-03-28 12:30:21,155 [WARNING]   [乌鲁木齐] 无法访问预算页
2026-03-28 12:30:21,155 [INFO]   [乌鲁木齐] 还缺 8 个部门, 启用搜索策略
2026-03-28 12:30:24,384 [INFO]   [乌鲁木齐] 未找到搜索接口, 跳过搜索策略
2026-03-28 12:30:24,386 [INFO]   [乌鲁木齐] 完成: 25/33部门, 0文件, 策略:paginated_list+search
2026-03-28 12:30:26,386 [INFO] --- 进度: 50/74 ---
2026-03-28 12:30:26,387 [INFO] ==================================================
2026-03-28 12:30:26,387 [INFO] [76] 绵阳
2026-03-28 12:30:26,387 [INFO] ==================================================
2026-03-28 12:30:26,388 [INFO]   [绵阳] 已有文件覆盖 27 个部门
2026-03-28 12:30:26,388 [INFO]   [绵阳] 策略1: 分页列表爬取 http://www.my.gov.cn/mysrmzf/c100033/zwgk.shtml
2026-03-28 12:30:26,429 [WARNING]   [绵阳] 无法访问预算页
2026-03-28 12:30:26,429 [INFO]   [绵阳] 还缺 6 个部门, 启用搜索策略
2026-03-28 12:30:29,668 [INFO]   [绵阳] 未找到搜索接口, 跳过搜索策略
2026-03-28 12:30:29,670 [INFO]   [绵阳] 完成: 27/33部门, 0文件, 策略:paginated_list+search
2026-03-28 12:30:31,670 [INFO] --- 进度: 51/74 ---
2026-03-28 12:30:31,670 [INFO] ==================================================
2026-03-28 12:30:31,670 [INFO] [77] 珠海
2026-03-28 12:30:31,671 [INFO] ==================================================
2026-03-28 12:30:31,672 [INFO]   [珠海] 已有文件覆盖 28 个部门
2026-03-28 12:30:31,672 [INFO]   [珠海] 策略1: 分页列表爬取 http://www.zhuhai.gov.cn/xw/ztjj/zhszdlyxxgkzl/czysjshsgjfgk/czyjs/
2026-03-28 12:30:31,716 [WARNING]   [珠海] 无法访问预算页
2026-03-28 12:30:31,716 [INFO]   [珠海] 还缺 5 个部门, 启用搜索策略
2026-03-28 12:30:34,951 [INFO]   [珠海] 未找到搜索接口, 跳过搜索策略
2026-03-28 12:30:34,953 [INFO]   [珠海] 完成: 28/33部门, 0文件, 策略:paginated_list+search
2026-03-28 12:30:36,953 [INFO] --- 进度: 52/74 ---
2026-03-28 12:30:36,954 [INFO] ==================================================
2026-03-28 12:30:36,954 [INFO] [78] 东营
2026-03-28 12:30:36,954 [INFO] ==================================================
2026-03-28 12:30:36,955 [INFO]   [东营] 已有文件覆盖 27 个部门
2026-03-28 12:30:36,955 [INFO]   [东营] 策略1: 分页列表爬取 http://dyczj.dongying.gov.cn/
2026-03-28 12:30:36,995 [WARNING]   [东营] 无法访问预算页
2026-03-28 12:30:36,996 [INFO]   [东营] 还缺 6 个部门, 启用搜索策略
2026-03-28 12:30:40,232 [INFO]   [东营] 未找到搜索接口, 跳过搜索策略
2026-03-28 12:30:40,234 [INFO]   [东营] 完成: 27/33部门, 0文件, 策略:paginated_list+search
2026-03-28 12:30:42,235 [INFO] --- 进度: 53/74 ---
2026-03-28 12:30:42,235 [INFO] ==================================================
2026-03-28 12:30:42,235 [INFO] [79] 湖州
2026-03-28 12:30:42,235 [INFO] ==================================================
2026-03-28 12:30:42,236 [INFO]   [湖州] 已有文件覆盖 25 个部门
2026-03-28 12:30:42,236 [INFO]   [湖州] 策略1: 分页列表爬取 http://www.huzhou.gov.cn/hzgov/front/yjsgk/index.do
2026-03-28 12:30:42,279 [WARNING]   [湖州] 无法访问预算页
2026-03-28 12:30:42,279 [INFO]   [湖州] 还缺 8 个部门, 启用搜索策略
2026-03-28 12:30:45,516 [INFO]   [湖州] 未找到搜索接口, 跳过搜索策略
2026-03-28 12:30:45,518 [INFO]   [湖州] 完成: 25/33部门, 0文件, 策略:paginated_list+search
2026-03-28 12:30:47,519 [INFO] --- 进度: 54/74 ---
2026-03-28 12:30:47,519 [INFO] ==================================================
2026-03-28 12:30:47,519 [INFO] [80] 江门
2026-03-28 12:30:47,519 [INFO] ==================================================
2026-03-28 12:30:47,520 [INFO]   [江门] 已有文件覆盖 17 个部门
2026-03-28 12:30:47,520 [INFO]   [江门] 策略1: 分页列表爬取 http://www.jiangmen.gov.cn/bmpd/jmsczj/zwgk/jmsjyjsgkpt/
2026-03-28 12:30:47,564 [WARNING]   [江门] 无法访问预算页
2026-03-28 12:30:47,564 [INFO]   [江门] 还缺 16 个部门, 启用搜索策略
2026-03-28 12:30:50,801 [INFO]   [江门] 未找到搜索接口, 跳过搜索策略
2026-03-28 12:30:50,804 [INFO]   [江门] 完成: 17/33部门, 0文件, 策略:paginated_list+search
2026-03-28 12:30:52,804 [INFO] --- 进度: 55/74 ---
2026-03-28 12:30:52,804 [INFO] ==================================================
2026-03-28 12:30:52,804 [INFO] [81] 呼和浩特
2026-03-28 12:30:52,804 [INFO] ==================================================
2026-03-28 12:30:52,805 [INFO]   [呼和浩特] 策略1: 分页列表爬取 http://czj.huhhot.gov.cn/zwgk/czyjsgk/
2026-03-28 12:30:52,846 [WARNING]   [呼和浩特] 无法访问预算页
2026-03-28 12:30:52,846 [INFO]   [呼和浩特] 还缺 33 个部门, 启用搜索策略
2026-03-28 12:30:56,079 [INFO]   [呼和浩特] 未找到搜索接口, 跳过搜索策略
2026-03-28 12:30:56,082 [INFO]   [呼和浩特] 完成: 0/33部门, 0文件, 策略:paginated_list+search
2026-03-28 12:30:58,082 [INFO] --- 进度: 56/74 ---
2026-03-28 12:30:58,083 [INFO] ==================================================
2026-03-28 12:30:58,083 [INFO] [82] 中山
2026-03-28 12:30:58,083 [INFO] ==================================================
2026-03-28 12:30:58,083 [INFO]   [中山] 已有文件覆盖 6 个部门
2026-03-28 12:30:58,083 [INFO]   [中山] 策略1: 分页列表爬取 http://czj.zs.gov.cn/sy/yjsgkpt/
2026-03-28 12:30:58,122 [WARNING]   [中山] 无法访问预算页
2026-03-28 12:30:58,122 [INFO]   [中山] 还缺 27 个部门, 启用搜索策略
2026-03-28 12:31:01,357 [INFO]   [中山] 未找到搜索接口, 跳过搜索策略
2026-03-28 12:31:01,360 [INFO]   [中山] 完成: 6/33部门, 0文件, 策略:paginated_list+search
2026-03-28 12:31:03,360 [INFO] --- 进度: 57/74 ---
2026-03-28 12:31:03,360 [INFO] ==================================================
2026-03-28 12:31:03,360 [INFO] [83] 宁德
2026-03-28 12:31:03,361 [INFO] ==================================================
2026-03-28 12:31:03,362 [INFO]   [宁德] 已有文件覆盖 26 个部门
2026-03-28 12:31:03,362 [INFO]   [宁德] 策略1: 分页列表爬取 http://www.ningde.gov.cn/zwgk/ghjh/
2026-03-28 12:31:03,404 [WARNING]   [宁德] 无法访问预算页
2026-03-28 12:31:03,404 [INFO]   [宁德] 还缺 7 个部门, 启用搜索策略
2026-03-28 12:31:06,680 [INFO]   [宁德] 未找到搜索接口, 跳过搜索策略
2026-03-28 12:31:06,682 [INFO]   [宁德] 完成: 26/33部门, 0文件, 策略:paginated_list+search
2026-03-28 12:31:08,683 [INFO] --- 进度: 58/74 ---
2026-03-28 12:31:08,683 [INFO] ==================================================
2026-03-28 12:31:08,683 [INFO] [84] 九江
2026-03-28 12:31:08,683 [INFO] ==================================================
2026-03-28 12:31:08,684 [INFO]   [九江] 已有文件覆盖 30 个部门
2026-03-28 12:31:08,684 [INFO]   [九江] 策略1: 分页列表爬取 http://www.jiujiang.gov.cn/xxgk/xzwgk/glgk/czxx/szbm/
2026-03-28 12:31:08,728 [WARNING]   [九江] 无法访问预算页
2026-03-28 12:31:08,729 [INFO]   [九江] 完成: 30/33部门, 0文件, 策略:paginated_list
2026-03-28 12:31:10,730 [INFO] --- 进度: 59/74 ---
2026-03-28 12:31:10,730 [INFO] ==================================================
2026-03-28 12:31:10,730 [INFO] [85] 滁州
2026-03-28 12:31:10,730 [INFO] ==================================================
2026-03-28 12:31:10,731 [INFO]   [滁州] 已有文件覆盖 23 个部门
2026-03-28 12:31:10,731 [INFO]   [滁州] 策略1: 分页列表爬取 http://czj.chuzhou.gov.cn/
2026-03-28 12:31:10,774 [WARNING]   [滁州] 无法访问预算页
2026-03-28 12:31:10,774 [INFO]   [滁州] 还缺 10 个部门, 启用搜索策略
2026-03-28 12:31:14,253 [INFO]   [滁州] 未找到搜索接口, 跳过搜索策略
2026-03-28 12:31:14,255 [INFO]   [滁州] 完成: 23/33部门, 0文件, 策略:paginated_list+search
2026-03-28 12:31:16,255 [INFO] --- 进度: 60/74 ---
2026-03-28 12:31:16,256 [INFO] ==================================================
2026-03-28 12:31:16,256 [INFO] [86] 德州
2026-03-28 12:31:16,256 [INFO] ==================================================
2026-03-28 12:31:16,256 [INFO]   [德州] 已有文件覆盖 16 个部门
2026-03-28 12:31:16,256 [INFO]   [德州] 策略1: 分页列表爬取 http://www.dezhou.gov.cn/n1403/n38999498/n38999551/n38999706/n38999718/n38999720/index.html
2026-03-28 12:31:16,299 [WARNING]   [德州] 无法访问预算页
2026-03-28 12:31:16,299 [INFO]   [德州] 还缺 17 个部门, 启用搜索策略
2026-03-28 12:31:19,537 [INFO]   [德州] 未找到搜索接口, 跳过搜索策略
2026-03-28 12:31:19,539 [INFO]   [德州] 完成: 16/33部门, 0文件, 策略:paginated_list+search
2026-03-28 12:31:21,539 [INFO] --- 进度: 61/74 ---
2026-03-28 12:31:21,540 [INFO] ==================================================
2026-03-28 12:31:21,540 [INFO] [87] 宜宾
2026-03-28 12:31:21,540 [INFO] ==================================================
2026-03-28 12:31:21,541 [INFO]   [宜宾] 已有文件覆盖 25 个部门
2026-03-28 12:31:21,541 [INFO]   [宜宾] 策略1: 分页列表爬取 http://czj.yibin.gov.cn/
2026-03-28 12:31:21,580 [WARNING]   [宜宾] 无法访问预算页
2026-03-28 12:31:21,580 [INFO]   [宜宾] 还缺 8 个部门, 启用搜索策略
2026-03-28 12:31:24,816 [INFO]   [宜宾] 未找到搜索接口, 跳过搜索策略
2026-03-28 12:31:24,819 [INFO]   [宜宾] 完成: 25/33部门, 0文件, 策略:paginated_list+search
2026-03-28 12:31:26,819 [INFO] --- 进度: 62/74 ---
2026-03-28 12:31:26,819 [INFO] ==================================================
2026-03-28 12:31:26,819 [INFO] [88] 茂名
2026-03-28 12:31:26,819 [INFO] ==================================================
2026-03-28 12:31:26,820 [INFO]   [茂名] 已有文件覆盖 5 个部门
2026-03-28 12:31:26,820 [INFO]   [茂名] 策略1: 分页列表爬取 http://czj.maoming.gov.cn/
2026-03-28 12:31:26,862 [WARNING]   [茂名] 无法访问预算页
2026-03-28 12:31:26,862 [INFO]   [茂名] 还缺 28 个部门, 启用搜索策略
2026-03-28 12:31:30,093 [INFO]   [茂名] 未找到搜索接口, 跳过搜索策略
2026-03-28 12:31:30,095 [INFO]   [茂名] 完成: 5/33部门, 0文件, 策略:paginated_list+search
2026-03-28 12:31:32,096 [INFO] --- 进度: 63/74 ---
2026-03-28 12:31:32,096 [INFO] ==================================================
2026-03-28 12:31:32,096 [INFO] [89] 株洲
2026-03-28 12:31:32,096 [INFO] ==================================================
2026-03-28 12:31:32,097 [INFO]   [株洲] 已有文件覆盖 4 个部门
2026-03-28 12:31:32,097 [INFO]   [株洲] 策略1: 分页列表爬取 http://czyjs.zhuzhou.gov.cn/
2026-03-28 12:31:32,140 [WARNING]   [株洲] 无法访问预算页
2026-03-28 12:31:32,140 [INFO]   [株洲] 还缺 29 个部门, 启用搜索策略
2026-03-28 12:31:35,379 [INFO]   [株洲] 未找到搜索接口, 跳过搜索策略
2026-03-28 12:31:35,381 [INFO]   [株洲] 完成: 4/33部门, 0文件, 策略:paginated_list+search
2026-03-28 12:31:37,382 [INFO] --- 进度: 64/74 ---
2026-03-28 12:31:37,382 [INFO] ==================================================
2026-03-28 12:31:37,382 [INFO] [90] 廊坊
2026-03-28 12:31:37,382 [INFO] ==================================================
2026-03-28 12:31:37,382 [INFO]   [廊坊] 策略1: 分页列表爬取 http://zfxxgk.lf.gov.cn/
2026-03-28 12:31:37,422 [WARNING]   [廊坊] 无法访问预算页
2026-03-28 12:31:37,422 [INFO]   [廊坊] 还缺 33 个部门, 启用搜索策略
2026-03-28 12:31:40,652 [INFO]   [廊坊] 未找到搜索接口, 跳过搜索策略
2026-03-28 12:31:40,653 [INFO]   [廊坊] 完成: 0/33部门, 0文件, 策略:paginated_list+search
2026-03-28 12:31:42,654 [INFO] --- 进度: 65/74 ---
2026-03-28 12:31:42,654 [INFO] ==================================================
2026-03-28 12:31:42,654 [INFO] [91] 湛江
2026-03-28 12:31:42,654 [INFO] ==================================================
2026-03-28 12:31:42,655 [INFO]   [湛江] 已有文件覆盖 12 个部门
2026-03-28 12:31:42,655 [INFO]   [湛江] 策略1: 分页列表爬取 http://www.zhanjiang.gov.cn/zdlyxxgk/czyjshsg/bmyjs/
2026-03-28 12:31:42,697 [WARNING]   [湛江] 无法访问预算页
2026-03-28 12:31:42,697 [INFO]   [湛江] 还缺 21 个部门, 启用搜索策略
2026-03-28 12:31:45,939 [INFO]   [湛江] 未找到搜索接口, 跳过搜索策略
2026-03-28 12:31:45,941 [INFO]   [湛江] 完成: 12/33部门, 0文件, 策略:paginated_list+search
2026-03-28 12:31:47,941 [INFO] --- 进度: 66/74 ---
2026-03-28 12:31:47,941 [INFO] ==================================================
2026-03-28 12:31:47,941 [INFO] [92] 上饶
2026-03-28 12:31:47,942 [INFO] ==================================================
2026-03-28 12:31:47,942 [INFO]   [上饶] 策略1: 分页列表爬取 http://www.zgsr.gov.cn/czj/czyjs/
2026-03-28 12:31:47,985 [WARNING]   [上饶] 无法访问预算页
2026-03-28 12:31:47,986 [INFO]   [上饶] 还缺 33 个部门, 启用搜索策略
2026-03-28 12:31:51,222 [INFO]   [上饶] 未找到搜索接口, 跳过搜索策略
2026-03-28 12:31:51,224 [INFO]   [上饶] 完成: 0/33部门, 0文件, 策略:paginated_list+search
2026-03-28 12:31:53,225 [INFO] --- 进度: 67/74 ---
2026-03-28 12:31:53,225 [INFO] ==================================================
2026-03-28 12:31:53,225 [INFO] [93] 宜春
2026-03-28 12:31:53,225 [INFO] ==================================================
2026-03-28 12:31:53,226 [INFO]   [宜春] 已有文件覆盖 13 个部门
2026-03-28 12:31:53,226 [INFO]   [宜春] 策略1: 分页列表爬取 http://www.yichun.gov.cn/ycsrmzf/zwgk/zwgk.shtml
2026-03-28 12:31:53,266 [WARNING]   [宜春] 无法访问预算页
2026-03-28 12:31:53,267 [INFO]   [宜春] 还缺 20 个部门, 启用搜索策略
2026-03-28 12:31:56,512 [INFO]   [宜春] 未找到搜索接口, 跳过搜索策略
2026-03-28 12:31:56,514 [INFO]   [宜春] 完成: 13/33部门, 0文件, 策略:paginated_list+search
2026-03-28 12:31:58,514 [INFO] --- 进度: 68/74 ---
2026-03-28 12:31:58,514 [INFO] ==================================================
2026-03-28 12:31:58,515 [INFO] [94] 兰州
2026-03-28 12:31:58,515 [INFO] ==================================================
2026-03-28 12:31:58,516 [INFO]   [兰州] 已有文件覆盖 27 个部门
2026-03-28 12:31:58,516 [INFO]   [兰州] 策略1: 分页列表爬取 http://www.lanzhou.gov.cn/
2026-03-28 12:31:58,559 [WARNING]   [兰州] 无法访问预算页
2026-03-28 12:31:58,559 [INFO]   [兰州] 还缺 6 个部门, 启用搜索策略
2026-03-28 12:32:01,799 [INFO]   [兰州] 未找到搜索接口, 跳过搜索策略
2026-03-28 12:32:01,801 [INFO]   [兰州] 完成: 27/33部门, 0文件, 策略:paginated_list+search
2026-03-28 12:32:03,802 [INFO] --- 进度: 69/74 ---
2026-03-28 12:32:03,802 [INFO] ==================================================
2026-03-28 12:32:03,802 [INFO] [95] 威海
2026-03-28 12:32:03,802 [INFO] ==================================================
2026-03-28 12:32:03,803 [INFO]   [威海] 已有文件覆盖 28 个部门
2026-03-28 12:32:03,803 [INFO]   [威海] 策略1: 分页列表爬取 http://czj.weihai.gov.cn/
2026-03-28 12:32:03,847 [WARNING]   [威海] 无法访问预算页
2026-03-28 12:32:03,847 [INFO]   [威海] 还缺 5 个部门, 启用搜索策略
2026-03-28 12:32:07,082 [INFO]   [威海] 未找到搜索接口, 跳过搜索策略
2026-03-28 12:32:07,085 [INFO]   [威海] 完成: 28/33部门, 0文件, 策略:paginated_list+search
2026-03-28 12:32:09,085 [INFO] --- 进度: 70/74 ---
2026-03-28 12:32:09,086 [INFO] ==================================================
2026-03-28 12:32:09,086 [INFO] [96] 周口
2026-03-28 12:32:09,086 [INFO] ==================================================
2026-03-28 12:32:09,087 [INFO]   [周口] 已有文件覆盖 22 个部门
2026-03-28 12:32:09,087 [INFO]   [周口] 策略1: 分页列表爬取 http://czj.zhoukou.gov.cn/
2026-03-28 12:32:09,136 [WARNING]   [周口] 无法访问预算页
2026-03-28 12:32:09,136 [INFO]   [周口] 还缺 11 个部门, 启用搜索策略
2026-03-28 12:32:12,379 [INFO]   [周口] 未找到搜索接口, 跳过搜索策略
2026-03-28 12:32:12,381 [INFO]   [周口] 完成: 22/33部门, 0文件, 策略:paginated_list+search
2026-03-28 12:32:14,381 [INFO] --- 进度: 71/74 ---
2026-03-28 12:32:14,382 [INFO] ==================================================
2026-03-28 12:32:14,382 [INFO] [97] 泰安
2026-03-28 12:32:14,382 [INFO] ==================================================
2026-03-28 12:32:14,383 [INFO]   [泰安] 已有文件覆盖 26 个部门
2026-03-28 12:32:14,383 [INFO]   [泰安] 策略1: 分页列表爬取 http://czj.taian.gov.cn/col/col76961/index.html
2026-03-28 12:32:14,426 [WARNING]   [泰安] 无法访问预算页
2026-03-28 12:32:14,426 [INFO]   [泰安] 还缺 7 个部门, 启用搜索策略
2026-03-28 12:32:17,659 [INFO]   [泰安] 未找到搜索接口, 跳过搜索策略
2026-03-28 12:32:17,661 [INFO]   [泰安] 完成: 26/33部门, 0文件, 策略:paginated_list+search
2026-03-28 12:32:19,661 [INFO] --- 进度: 72/74 ---
2026-03-28 12:32:19,662 [INFO] ==================================================
2026-03-28 12:32:19,662 [INFO] [98] 曲靖
2026-03-28 12:32:19,662 [INFO] ==================================================
2026-03-28 12:32:19,663 [INFO]   [曲靖] 已有文件覆盖 15 个部门
2026-03-28 12:32:19,663 [INFO]   [曲靖] 策略1: 分页列表爬取 http://czj.qj.gov.cn/gov/info/list/yszxgk.html
2026-03-28 12:32:19,707 [WARNING]   [曲靖] 无法访问预算页
2026-03-28 12:32:19,707 [INFO]   [曲靖] 还缺 18 个部门, 启用搜索策略
2026-03-28 12:32:22,959 [INFO]   [曲靖] 未找到搜索接口, 跳过搜索策略
2026-03-28 12:32:22,961 [INFO]   [曲靖] 完成: 15/33部门, 0文件, 策略:paginated_list+search
2026-03-28 12:32:24,962 [INFO] --- 进度: 73/74 ---
2026-03-28 12:32:24,962 [INFO] ==================================================
2026-03-28 12:32:24,962 [INFO] [99] 阜阳
2026-03-28 12:32:24,962 [INFO] ==================================================
2026-03-28 12:32:24,963 [INFO]   [阜阳] 已有文件覆盖 26 个部门
2026-03-28 12:32:24,963 [INFO]   [阜阳] 策略1: 分页列表爬取 http://m.fy.gov.cn/openness/
2026-03-28 12:32:25,007 [WARNING]   [阜阳] 无法访问预算页
2026-03-28 12:32:25,007 [INFO]   [阜阳] 还缺 7 个部门, 启用搜索策略
2026-03-28 12:32:28,252 [INFO]   [阜阳] 未找到搜索接口, 跳过搜索策略
2026-03-28 12:32:28,255 [INFO]   [阜阳] 完成: 26/33部门, 0文件, 策略:paginated_list+search
2026-03-28 12:32:30,256 [INFO] --- 进度: 74/74 ---
2026-03-28 12:32:30,256 [INFO] ==================================================
2026-03-28 12:32:30,256 [INFO] [100] 荆州
2026-03-28 12:32:30,256 [INFO] ==================================================
2026-03-28 12:32:30,256 [INFO]   [荆州] 已有文件覆盖 3 个部门
2026-03-28 12:32:30,256 [INFO]   [荆州] 策略1: 分页列表爬取 http://czj.jingzhou.gov.cn/
2026-03-28 12:32:30,301 [WARNING]   [荆州] 无法访问预算页
2026-03-28 12:32:30,301 [INFO]   [荆州] 还缺 30 个部门, 启用搜索策略
2026-03-28 12:32:33,547 [INFO]   [荆州] 未找到搜索接口, 跳过搜索策略
2026-03-28 12:32:33,549 [INFO]   [荆州] 完成: 3/33部门, 0文件, 策略:paginated_list+search
2026-03-28 12:32:35,552 [INFO] ============================================================
2026-03-28 12:32:35,552 [INFO] 完成! 找到 1025 部门, 下载 0 文件
2026-03-28 12:32:35,552 [INFO] 城市覆盖: 61/100 达标(>=15部门)
2026-03-28 12:32:35,552 [INFO] ============================================================
